[2019-12-16T17:57:09.052] [DEBUG] default - URL: /api/pub/labels Method: GET Status: 200 Body: {} Authorization: Bearer eyJhbGciOiJIUzI1NiIsInR5cCI6IkpXVCJ9.eyJpZCI6MSwiaWF0IjoxNTc2MjIxMDc4LCJleHAiOjE1NzY4MjU4Nzh9.M0WPtnh1TpZX3KSTgFeuaYqWNaEBLjIIsTWDH8gRwxQ User-Agent: Mozilla/5.0 (X11; Linux x86_64) AppleWebKit/537.36 (KHTML, like Gecko) Chrome/79.0.3945.79 Safari/537.36
[2019-12-16T17:57:09.173] [DEBUG] default - URL: /api/pub/articles/list Method: GET Status: 200 Body: {} Authorization: Bearer eyJhbGciOiJIUzI1NiIsInR5cCI6IkpXVCJ9.eyJpZCI6MSwiaWF0IjoxNTc2MjIxMDc4LCJleHAiOjE1NzY4MjU4Nzh9.M0WPtnh1TpZX3KSTgFeuaYqWNaEBLjIIsTWDH8gRwxQ User-Agent: Mozilla/5.0 (X11; Linux x86_64) AppleWebKit/537.36 (KHTML, like Gecko) Chrome/79.0.3945.79 Safari/537.36
[2019-12-16T17:57:24.542] [DEBUG] default - URL: /api/pub/labels Method: GET Status: 200 Body: {} Authorization: Bearer eyJhbGciOiJIUzI1NiIsInR5cCI6IkpXVCJ9.eyJpZCI6MSwiaWF0IjoxNTc2MjIxMDc4LCJleHAiOjE1NzY4MjU4Nzh9.M0WPtnh1TpZX3KSTgFeuaYqWNaEBLjIIsTWDH8gRwxQ User-Agent: Mozilla/5.0 (X11; Linux x86_64) AppleWebKit/537.36 (KHTML, like Gecko) Chrome/79.0.3945.79 Safari/537.36
[2019-12-16T17:57:34.890] [DEBUG] default - URL: /api/label Method: POST Status: 201 Body: {"label":"hello"} Authorization: Bearer eyJhbGciOiJIUzI1NiIsInR5cCI6IkpXVCJ9.eyJpZCI6MSwiaWF0IjoxNTc2MjIxMDc4LCJleHAiOjE1NzY4MjU4Nzh9.M0WPtnh1TpZX3KSTgFeuaYqWNaEBLjIIsTWDH8gRwxQ User-Agent: Mozilla/5.0 (X11; Linux x86_64) AppleWebKit/537.36 (KHTML, like Gecko) Chrome/79.0.3945.79 Safari/537.36
[2019-12-16T17:57:41.101] [ERROR] default - QueryError: ER_DUP_ENTRY: Duplicate entry 'hello' for key 'label'
[2019-12-16T17:57:41.104] [DEBUG] default - URL: /api/label Method: POST Status: 400 Body: {"label":"hello"} Authorization: Bearer eyJhbGciOiJIUzI1NiIsInR5cCI6IkpXVCJ9.eyJpZCI6MSwiaWF0IjoxNTc2MjIxMDc4LCJleHAiOjE1NzY4MjU4Nzh9.M0WPtnh1TpZX3KSTgFeuaYqWNaEBLjIIsTWDH8gRwxQ User-Agent: Mozilla/5.0 (X11; Linux x86_64) AppleWebKit/537.36 (KHTML, like Gecko) Chrome/79.0.3945.79 Safari/537.36
[2019-12-16T17:57:41.700] [DEBUG] default - URL: /api/comment/list Method: GET Status: 200 Body: {} Authorization: Bearer eyJhbGciOiJIUzI1NiIsInR5cCI6IkpXVCJ9.eyJpZCI6MSwiaWF0IjoxNTc2MjIxMDc4LCJleHAiOjE1NzY4MjU4Nzh9.M0WPtnh1TpZX3KSTgFeuaYqWNaEBLjIIsTWDH8gRwxQ User-Agent: Mozilla/5.0 (X11; Linux x86_64) AppleWebKit/537.36 (KHTML, like Gecko) Chrome/79.0.3945.79 Safari/537.36
[2019-12-16T17:57:43.803] [DEBUG] default - URL: /api/pub/labels Method: GET Status: 200 Body: {} Authorization: Bearer eyJhbGciOiJIUzI1NiIsInR5cCI6IkpXVCJ9.eyJpZCI6MSwiaWF0IjoxNTc2MjIxMDc4LCJleHAiOjE1NzY4MjU4Nzh9.M0WPtnh1TpZX3KSTgFeuaYqWNaEBLjIIsTWDH8gRwxQ User-Agent: Mozilla/5.0 (X11; Linux x86_64) AppleWebKit/537.36 (KHTML, like Gecko) Chrome/79.0.3945.79 Safari/537.36
[2019-12-16T18:38:05.562] [DEBUG] default - URL: /api/pub/labels Method: GET Status: 200 Body: {} Authorization: Bearer eyJhbGciOiJIUzI1NiIsInR5cCI6IkpXVCJ9.eyJpZCI6MSwiaWF0IjoxNTc2MjIxMDc4LCJleHAiOjE1NzY4MjU4Nzh9.M0WPtnh1TpZX3KSTgFeuaYqWNaEBLjIIsTWDH8gRwxQ User-Agent: Mozilla/5.0 (X11; Linux x86_64) AppleWebKit/537.36 (KHTML, like Gecko) Chrome/79.0.3945.79 Safari/537.36
[2019-12-16T18:38:08.102] [DEBUG] default - URL: /api/pub/labels Method: GET Status: 200 Body: {} Authorization: Bearer eyJhbGciOiJIUzI1NiIsInR5cCI6IkpXVCJ9.eyJpZCI6MSwiaWF0IjoxNTc2MjIxMDc4LCJleHAiOjE1NzY4MjU4Nzh9.M0WPtnh1TpZX3KSTgFeuaYqWNaEBLjIIsTWDH8gRwxQ User-Agent: Mozilla/5.0 (X11; Linux x86_64) AppleWebKit/537.36 (KHTML, like Gecko) Chrome/79.0.3945.79 Safari/537.36
[2019-12-16T18:38:17.719] [DEBUG] default - URL: /api/label Method: POST Status: 201 Body: {"label":"qugo"} Authorization: Bearer eyJhbGciOiJIUzI1NiIsInR5cCI6IkpXVCJ9.eyJpZCI6MSwiaWF0IjoxNTc2MjIxMDc4LCJleHAiOjE1NzY4MjU4Nzh9.M0WPtnh1TpZX3KSTgFeuaYqWNaEBLjIIsTWDH8gRwxQ User-Agent: Mozilla/5.0 (X11; Linux x86_64) AppleWebKit/537.36 (KHTML, like Gecko) Chrome/79.0.3945.79 Safari/537.36
[2019-12-16T18:38:20.666] [ERROR] default - QueryError: ER_DUP_ENTRY: Duplicate entry 'qugo' for key 'label'
[2019-12-16T18:38:20.667] [DEBUG] default - URL: /api/label Method: POST Status: 400 Body: {"label":"qugo"} Authorization: Bearer eyJhbGciOiJIUzI1NiIsInR5cCI6IkpXVCJ9.eyJpZCI6MSwiaWF0IjoxNTc2MjIxMDc4LCJleHAiOjE1NzY4MjU4Nzh9.M0WPtnh1TpZX3KSTgFeuaYqWNaEBLjIIsTWDH8gRwxQ User-Agent: Mozilla/5.0 (X11; Linux x86_64) AppleWebKit/537.36 (KHTML, like Gecko) Chrome/79.0.3945.79 Safari/537.36
[2019-12-16T18:38:24.072] [ERROR] default - QueryError: ER_DUP_ENTRY: Duplicate entry 'qugo' for key 'label'
[2019-12-16T18:38:24.077] [DEBUG] default - URL: /api/label Method: POST Status: 400 Body: {"label":"qugo"} Authorization: Bearer eyJhbGciOiJIUzI1NiIsInR5cCI6IkpXVCJ9.eyJpZCI6MSwiaWF0IjoxNTc2MjIxMDc4LCJleHAiOjE1NzY4MjU4Nzh9.M0WPtnh1TpZX3KSTgFeuaYqWNaEBLjIIsTWDH8gRwxQ User-Agent: Mozilla/5.0 (X11; Linux x86_64) AppleWebKit/537.36 (KHTML, like Gecko) Chrome/79.0.3945.79 Safari/537.36
[2019-12-16T18:38:32.104] [DEBUG] default - URL: /api/label Method: POST Status: 201 Body: {"label":"dddd"} Authorization: Bearer eyJhbGciOiJIUzI1NiIsInR5cCI6IkpXVCJ9.eyJpZCI6MSwiaWF0IjoxNTc2MjIxMDc4LCJleHAiOjE1NzY4MjU4Nzh9.M0WPtnh1TpZX3KSTgFeuaYqWNaEBLjIIsTWDH8gRwxQ User-Agent: Mozilla/5.0 (X11; Linux x86_64) AppleWebKit/537.36 (KHTML, like Gecko) Chrome/79.0.3945.79 Safari/537.36
[2019-12-16T18:38:38.608] [ERROR] default - QueryError: ER_DUP_ENTRY: Duplicate entry 'dddd' for key 'label'
[2019-12-16T18:38:38.609] [DEBUG] default - URL: /api/label Method: POST Status: 400 Body: {"label":"dddd"} Authorization: Bearer eyJhbGciOiJIUzI1NiIsInR5cCI6IkpXVCJ9.eyJpZCI6MSwiaWF0IjoxNTc2MjIxMDc4LCJleHAiOjE1NzY4MjU4Nzh9.M0WPtnh1TpZX3KSTgFeuaYqWNaEBLjIIsTWDH8gRwxQ User-Agent: Mozilla/5.0 (X11; Linux x86_64) AppleWebKit/537.36 (KHTML, like Gecko) Chrome/79.0.3945.79 Safari/537.36
[2019-12-16T18:39:12.929] [DEBUG] default - URL: /api/pub/labels Method: GET Status: 200 Body: {} Authorization: Bearer eyJhbGciOiJIUzI1NiIsInR5cCI6IkpXVCJ9.eyJpZCI6MSwiaWF0IjoxNTc2MjIxMDc4LCJleHAiOjE1NzY4MjU4Nzh9.M0WPtnh1TpZX3KSTgFeuaYqWNaEBLjIIsTWDH8gRwxQ User-Agent: Mozilla/5.0 (X11; Linux x86_64) AppleWebKit/537.36 (KHTML, like Gecko) Chrome/79.0.3945.79 Safari/537.36
[2019-12-16T18:39:16.951] [ERROR] default - QueryError: ER_DUP_ENTRY: Duplicate entry 'ddd' for key 'label'
[2019-12-16T18:39:16.952] [DEBUG] default - URL: /api/label Method: POST Status: 400 Body: {"label":"ddd"} Authorization: Bearer eyJhbGciOiJIUzI1NiIsInR5cCI6IkpXVCJ9.eyJpZCI6MSwiaWF0IjoxNTc2MjIxMDc4LCJleHAiOjE1NzY4MjU4Nzh9.M0WPtnh1TpZX3KSTgFeuaYqWNaEBLjIIsTWDH8gRwxQ User-Agent: Mozilla/5.0 (X11; Linux x86_64) AppleWebKit/537.36 (KHTML, like Gecko) Chrome/79.0.3945.79 Safari/537.36
[2019-12-16T18:39:19.298] [ERROR] default - QueryError: ER_DUP_ENTRY: Duplicate entry 'ddd' for key 'label'
[2019-12-16T18:39:19.300] [DEBUG] default - URL: /api/label Method: POST Status: 400 Body: {"label":"ddd"} Authorization: Bearer eyJhbGciOiJIUzI1NiIsInR5cCI6IkpXVCJ9.eyJpZCI6MSwiaWF0IjoxNTc2MjIxMDc4LCJleHAiOjE1NzY4MjU4Nzh9.M0WPtnh1TpZX3KSTgFeuaYqWNaEBLjIIsTWDH8gRwxQ User-Agent: Mozilla/5.0 (X11; Linux x86_64) AppleWebKit/537.36 (KHTML, like Gecko) Chrome/79.0.3945.79 Safari/537.36
[2019-12-16T18:39:21.622] [ERROR] default - QueryError: ER_DUP_ENTRY: Duplicate entry 'ddd' for key 'label'
[2019-12-16T18:39:21.624] [DEBUG] default - URL: /api/label Method: POST Status: 400 Body: {"label":"ddd"} Authorization: Bearer eyJhbGciOiJIUzI1NiIsInR5cCI6IkpXVCJ9.eyJpZCI6MSwiaWF0IjoxNTc2MjIxMDc4LCJleHAiOjE1NzY4MjU4Nzh9.M0WPtnh1TpZX3KSTgFeuaYqWNaEBLjIIsTWDH8gRwxQ User-Agent: Mozilla/5.0 (X11; Linux x86_64) AppleWebKit/537.36 (KHTML, like Gecko) Chrome/79.0.3945.79 Safari/537.36
[2019-12-16T18:39:23.387] [ERROR] default - QueryError: ER_DUP_ENTRY: Duplicate entry 'ddd' for key 'label'
[2019-12-16T18:39:23.406] [DEBUG] default - URL: /api/label Method: POST Status: 400 Body: {"label":"ddd"} Authorization: Bearer eyJhbGciOiJIUzI1NiIsInR5cCI6IkpXVCJ9.eyJpZCI6MSwiaWF0IjoxNTc2MjIxMDc4LCJleHAiOjE1NzY4MjU4Nzh9.M0WPtnh1TpZX3KSTgFeuaYqWNaEBLjIIsTWDH8gRwxQ User-Agent: Mozilla/5.0 (X11; Linux x86_64) AppleWebKit/537.36 (KHTML, like Gecko) Chrome/79.0.3945.79 Safari/537.36
[2019-12-16T18:39:24.907] [ERROR] default - QueryError: ER_DUP_ENTRY: Duplicate entry 'ddd' for key 'label'
[2019-12-16T18:39:24.909] [DEBUG] default - URL: /api/label Method: POST Status: 400 Body: {"label":"ddd"} Authorization: Bearer eyJhbGciOiJIUzI1NiIsInR5cCI6IkpXVCJ9.eyJpZCI6MSwiaWF0IjoxNTc2MjIxMDc4LCJleHAiOjE1NzY4MjU4Nzh9.M0WPtnh1TpZX3KSTgFeuaYqWNaEBLjIIsTWDH8gRwxQ User-Agent: Mozilla/5.0 (X11; Linux x86_64) AppleWebKit/537.36 (KHTML, like Gecko) Chrome/79.0.3945.79 Safari/537.36
[2019-12-16T18:39:27.242] [ERROR] default - QueryError: ER_DUP_ENTRY: Duplicate entry 'ddd' for key 'label'
[2019-12-16T18:39:27.244] [DEBUG] default - URL: /api/label Method: POST Status: 400 Body: {"label":"ddd"} Authorization: Bearer eyJhbGciOiJIUzI1NiIsInR5cCI6IkpXVCJ9.eyJpZCI6MSwiaWF0IjoxNTc2MjIxMDc4LCJleHAiOjE1NzY4MjU4Nzh9.M0WPtnh1TpZX3KSTgFeuaYqWNaEBLjIIsTWDH8gRwxQ User-Agent: Mozilla/5.0 (X11; Linux x86_64) AppleWebKit/537.36 (KHTML, like Gecko) Chrome/79.0.3945.79 Safari/537.36
[2019-12-16T18:40:18.861] [DEBUG] default - URL: /api/pub/labels Method: GET Status: 200 Body: {} Authorization: Bearer eyJhbGciOiJIUzI1NiIsInR5cCI6IkpXVCJ9.eyJpZCI6MSwiaWF0IjoxNTc2MjIxMDc4LCJleHAiOjE1NzY4MjU4Nzh9.M0WPtnh1TpZX3KSTgFeuaYqWNaEBLjIIsTWDH8gRwxQ User-Agent: Mozilla/5.0 (X11; Linux x86_64) AppleWebKit/537.36 (KHTML, like Gecko) Chrome/79.0.3945.79 Safari/537.36
[2019-12-16T18:41:06.386] [DEBUG] default - URL: /api/pub/labels Method: GET Status: 200 Body: {} Authorization: Bearer eyJhbGciOiJIUzI1NiIsInR5cCI6IkpXVCJ9.eyJpZCI6MSwiaWF0IjoxNTc2MjIxMDc4LCJleHAiOjE1NzY4MjU4Nzh9.M0WPtnh1TpZX3KSTgFeuaYqWNaEBLjIIsTWDH8gRwxQ User-Agent: Mozilla/5.0 (X11; Linux x86_64) AppleWebKit/537.36 (KHTML, like Gecko) Chrome/79.0.3945.79 Safari/537.36
[2019-12-16T18:41:10.929] [DEBUG] default - URL: /api/pub/labels Method: GET Status: 200 Body: {} Authorization: Bearer eyJhbGciOiJIUzI1NiIsInR5cCI6IkpXVCJ9.eyJpZCI6MSwiaWF0IjoxNTc2MjIxMDc4LCJleHAiOjE1NzY4MjU4Nzh9.M0WPtnh1TpZX3KSTgFeuaYqWNaEBLjIIsTWDH8gRwxQ User-Agent: Mozilla/5.0 (X11; Linux x86_64) AppleWebKit/537.36 (KHTML, like Gecko) Chrome/79.0.3945.79 Safari/537.36
[2019-12-16T18:41:34.609] [DEBUG] default - URL: /api/pub/labels Method: GET Status: 200 Body: {} Authorization: Bearer eyJhbGciOiJIUzI1NiIsInR5cCI6IkpXVCJ9.eyJpZCI6MSwiaWF0IjoxNTc2MjIxMDc4LCJleHAiOjE1NzY4MjU4Nzh9.M0WPtnh1TpZX3KSTgFeuaYqWNaEBLjIIsTWDH8gRwxQ User-Agent: Mozilla/5.0 (X11; Linux x86_64) AppleWebKit/537.36 (KHTML, like Gecko) Chrome/79.0.3945.79 Safari/537.36
[2019-12-16T18:41:39.749] [DEBUG] default - URL: /api/pub/labels Method: GET Status: 200 Body: {} Authorization: Bearer eyJhbGciOiJIUzI1NiIsInR5cCI6IkpXVCJ9.eyJpZCI6MSwiaWF0IjoxNTc2MjIxMDc4LCJleHAiOjE1NzY4MjU4Nzh9.M0WPtnh1TpZX3KSTgFeuaYqWNaEBLjIIsTWDH8gRwxQ User-Agent: Mozilla/5.0 (X11; Linux x86_64) AppleWebKit/537.36 (KHTML, like Gecko) Chrome/79.0.3945.79 Safari/537.36
[2019-12-16T18:41:54.249] [DEBUG] default - URL: /api/label Method: POST Status: 201 Body: {"label":"dddddd"} Authorization: Bearer eyJhbGciOiJIUzI1NiIsInR5cCI6IkpXVCJ9.eyJpZCI6MSwiaWF0IjoxNTc2MjIxMDc4LCJleHAiOjE1NzY4MjU4Nzh9.M0WPtnh1TpZX3KSTgFeuaYqWNaEBLjIIsTWDH8gRwxQ User-Agent: Mozilla/5.0 (X11; Linux x86_64) AppleWebKit/537.36 (KHTML, like Gecko) Chrome/79.0.3945.79 Safari/537.36
[2019-12-16T18:43:00.344] [DEBUG] default - URL: /api/label Method: POST Status: 201 Body: {"label":"dfdfads"} Authorization: Bearer eyJhbGciOiJIUzI1NiIsInR5cCI6IkpXVCJ9.eyJpZCI6MSwiaWF0IjoxNTc2MjIxMDc4LCJleHAiOjE1NzY4MjU4Nzh9.M0WPtnh1TpZX3KSTgFeuaYqWNaEBLjIIsTWDH8gRwxQ User-Agent: Mozilla/5.0 (X11; Linux x86_64) AppleWebKit/537.36 (KHTML, like Gecko) Chrome/79.0.3945.79 Safari/537.36
[2019-12-16T18:43:29.392] [DEBUG] default - URL: /api/label Method: POST Status: 201 Body: {"label":"dfdfsa"} Authorization: Bearer eyJhbGciOiJIUzI1NiIsInR5cCI6IkpXVCJ9.eyJpZCI6MSwiaWF0IjoxNTc2MjIxMDc4LCJleHAiOjE1NzY4MjU4Nzh9.M0WPtnh1TpZX3KSTgFeuaYqWNaEBLjIIsTWDH8gRwxQ User-Agent: Mozilla/5.0 (X11; Linux x86_64) AppleWebKit/537.36 (KHTML, like Gecko) Chrome/79.0.3945.79 Safari/537.36
[2019-12-16T18:44:39.430] [DEBUG] default - URL: /api/pub/labels Method: GET Status: 200 Body: {} Authorization: Bearer eyJhbGciOiJIUzI1NiIsInR5cCI6IkpXVCJ9.eyJpZCI6MSwiaWF0IjoxNTc2MjIxMDc4LCJleHAiOjE1NzY4MjU4Nzh9.M0WPtnh1TpZX3KSTgFeuaYqWNaEBLjIIsTWDH8gRwxQ User-Agent: Mozilla/5.0 (X11; Linux x86_64) AppleWebKit/537.36 (KHTML, like Gecko) Chrome/79.0.3945.79 Safari/537.36
[2019-12-16T18:44:42.469] [DEBUG] default - URL: /api/comment/list Method: GET Status: 200 Body: {} Authorization: Bearer eyJhbGciOiJIUzI1NiIsInR5cCI6IkpXVCJ9.eyJpZCI6MSwiaWF0IjoxNTc2MjIxMDc4LCJleHAiOjE1NzY4MjU4Nzh9.M0WPtnh1TpZX3KSTgFeuaYqWNaEBLjIIsTWDH8gRwxQ User-Agent: Mozilla/5.0 (X11; Linux x86_64) AppleWebKit/537.36 (KHTML, like Gecko) Chrome/79.0.3945.79 Safari/537.36
[2019-12-16T18:44:44.756] [DEBUG] default - URL: /api/pub/labels Method: GET Status: 200 Body: {} Authorization: Bearer eyJhbGciOiJIUzI1NiIsInR5cCI6IkpXVCJ9.eyJpZCI6MSwiaWF0IjoxNTc2MjIxMDc4LCJleHAiOjE1NzY4MjU4Nzh9.M0WPtnh1TpZX3KSTgFeuaYqWNaEBLjIIsTWDH8gRwxQ User-Agent: Mozilla/5.0 (X11; Linux x86_64) AppleWebKit/537.36 (KHTML, like Gecko) Chrome/79.0.3945.79 Safari/537.36
[2019-12-16T18:44:54.575] [ERROR] default - QueryError: ER_DUP_ENTRY: Duplicate entry 'ddd' for key 'label'
[2019-12-16T18:44:54.578] [DEBUG] default - URL: /api/label Method: POST Status: 400 Body: {"label":"ddd"} Authorization: Bearer eyJhbGciOiJIUzI1NiIsInR5cCI6IkpXVCJ9.eyJpZCI6MSwiaWF0IjoxNTc2MjIxMDc4LCJleHAiOjE1NzY4MjU4Nzh9.M0WPtnh1TpZX3KSTgFeuaYqWNaEBLjIIsTWDH8gRwxQ User-Agent: Mozilla/5.0 (X11; Linux x86_64) AppleWebKit/537.36 (KHTML, like Gecko) Chrome/79.0.3945.79 Safari/537.36
[2019-12-16T18:44:56.425] [ERROR] default - QueryError: ER_DUP_ENTRY: Duplicate entry 'dddd' for key 'label'
[2019-12-16T18:44:56.434] [DEBUG] default - URL: /api/label Method: POST Status: 400 Body: {"label":"dddd"} Authorization: Bearer eyJhbGciOiJIUzI1NiIsInR5cCI6IkpXVCJ9.eyJpZCI6MSwiaWF0IjoxNTc2MjIxMDc4LCJleHAiOjE1NzY4MjU4Nzh9.M0WPtnh1TpZX3KSTgFeuaYqWNaEBLjIIsTWDH8gRwxQ User-Agent: Mozilla/5.0 (X11; Linux x86_64) AppleWebKit/537.36 (KHTML, like Gecko) Chrome/79.0.3945.79 Safari/537.36
[2019-12-16T18:44:58.329] [ERROR] default - QueryError: ER_DUP_ENTRY: Duplicate entry 'ddddd' for key 'label'
[2019-12-16T18:44:58.331] [DEBUG] default - URL: /api/label Method: POST Status: 400 Body: {"label":"ddddd"} Authorization: Bearer eyJhbGciOiJIUzI1NiIsInR5cCI6IkpXVCJ9.eyJpZCI6MSwiaWF0IjoxNTc2MjIxMDc4LCJleHAiOjE1NzY4MjU4Nzh9.M0WPtnh1TpZX3KSTgFeuaYqWNaEBLjIIsTWDH8gRwxQ User-Agent: Mozilla/5.0 (X11; Linux x86_64) AppleWebKit/537.36 (KHTML, like Gecko) Chrome/79.0.3945.79 Safari/537.36
[2019-12-16T18:45:00.203] [ERROR] default - QueryError: ER_DUP_ENTRY: Duplicate entry 'ddddd' for key 'label'
[2019-12-16T18:45:00.205] [DEBUG] default - URL: /api/label Method: POST Status: 400 Body: {"label":"ddddd"} Authorization: Bearer eyJhbGciOiJIUzI1NiIsInR5cCI6IkpXVCJ9.eyJpZCI6MSwiaWF0IjoxNTc2MjIxMDc4LCJleHAiOjE1NzY4MjU4Nzh9.M0WPtnh1TpZX3KSTgFeuaYqWNaEBLjIIsTWDH8gRwxQ User-Agent: Mozilla/5.0 (X11; Linux x86_64) AppleWebKit/537.36 (KHTML, like Gecko) Chrome/79.0.3945.79 Safari/537.36
[2019-12-16T18:45:02.160] [DEBUG] default - URL: /api/label Method: POST Status: 201 Body: {"label":"ddddds"} Authorization: Bearer eyJhbGciOiJIUzI1NiIsInR5cCI6IkpXVCJ9.eyJpZCI6MSwiaWF0IjoxNTc2MjIxMDc4LCJleHAiOjE1NzY4MjU4Nzh9.M0WPtnh1TpZX3KSTgFeuaYqWNaEBLjIIsTWDH8gRwxQ User-Agent: Mozilla/5.0 (X11; Linux x86_64) AppleWebKit/537.36 (KHTML, like Gecko) Chrome/79.0.3945.79 Safari/537.36
[2019-12-16T18:45:37.969] [DEBUG] default - URL: /api/comment/list Method: GET Status: 200 Body: {} Authorization: Bearer eyJhbGciOiJIUzI1NiIsInR5cCI6IkpXVCJ9.eyJpZCI6MSwiaWF0IjoxNTc2MjIxMDc4LCJleHAiOjE1NzY4MjU4Nzh9.M0WPtnh1TpZX3KSTgFeuaYqWNaEBLjIIsTWDH8gRwxQ User-Agent: Mozilla/5.0 (X11; Linux x86_64) AppleWebKit/537.36 (KHTML, like Gecko) Chrome/79.0.3945.79 Safari/537.36
[2019-12-16T18:45:39.259] [DEBUG] default - URL: /api/pub/labels Method: GET Status: 200 Body: {} Authorization: Bearer eyJhbGciOiJIUzI1NiIsInR5cCI6IkpXVCJ9.eyJpZCI6MSwiaWF0IjoxNTc2MjIxMDc4LCJleHAiOjE1NzY4MjU4Nzh9.M0WPtnh1TpZX3KSTgFeuaYqWNaEBLjIIsTWDH8gRwxQ User-Agent: Mozilla/5.0 (X11; Linux x86_64) AppleWebKit/537.36 (KHTML, like Gecko) Chrome/79.0.3945.79 Safari/537.36
[2019-12-16T18:45:43.851] [ERROR] default - QueryError: ER_DUP_ENTRY: Duplicate entry 'ddd' for key 'label'
[2019-12-16T18:45:43.854] [DEBUG] default - URL: /api/label Method: POST Status: 400 Body: {"label":"ddd"} Authorization: Bearer eyJhbGciOiJIUzI1NiIsInR5cCI6IkpXVCJ9.eyJpZCI6MSwiaWF0IjoxNTc2MjIxMDc4LCJleHAiOjE1NzY4MjU4Nzh9.M0WPtnh1TpZX3KSTgFeuaYqWNaEBLjIIsTWDH8gRwxQ User-Agent: Mozilla/5.0 (X11; Linux x86_64) AppleWebKit/537.36 (KHTML, like Gecko) Chrome/79.0.3945.79 Safari/537.36
[2019-12-16T18:45:46.325] [DEBUG] default - URL: /api/label Method: POST Status: 201 Body: {"label":"ddde"} Authorization: Bearer eyJhbGciOiJIUzI1NiIsInR5cCI6IkpXVCJ9.eyJpZCI6MSwiaWF0IjoxNTc2MjIxMDc4LCJleHAiOjE1NzY4MjU4Nzh9.M0WPtnh1TpZX3KSTgFeuaYqWNaEBLjIIsTWDH8gRwxQ User-Agent: Mozilla/5.0 (X11; Linux x86_64) AppleWebKit/537.36 (KHTML, like Gecko) Chrome/79.0.3945.79 Safari/537.36
[2019-12-16T18:46:22.104] [DEBUG] default - URL: /api/pub/labels Method: GET Status: 200 Body: {} Authorization: Bearer eyJhbGciOiJIUzI1NiIsInR5cCI6IkpXVCJ9.eyJpZCI6MSwiaWF0IjoxNTc2MjIxMDc4LCJleHAiOjE1NzY4MjU4Nzh9.M0WPtnh1TpZX3KSTgFeuaYqWNaEBLjIIsTWDH8gRwxQ User-Agent: Mozilla/5.0 (X11; Linux x86_64) AppleWebKit/537.36 (KHTML, like Gecko) Chrome/79.0.3945.79 Safari/537.36
[2019-12-16T18:46:26.900] [DEBUG] default - URL: /api/pub/labels Method: GET Status: 200 Body: {} Authorization: Bearer eyJhbGciOiJIUzI1NiIsInR5cCI6IkpXVCJ9.eyJpZCI6MSwiaWF0IjoxNTc2MjIxMDc4LCJleHAiOjE1NzY4MjU4Nzh9.M0WPtnh1TpZX3KSTgFeuaYqWNaEBLjIIsTWDH8gRwxQ User-Agent: Mozilla/5.0 (X11; Linux x86_64) AppleWebKit/537.36 (KHTML, like Gecko) Chrome/79.0.3945.79 Safari/537.36
[2019-12-16T18:46:29.295] [DEBUG] default - URL: /api/comment/list Method: GET Status: 200 Body: {} Authorization: Bearer eyJhbGciOiJIUzI1NiIsInR5cCI6IkpXVCJ9.eyJpZCI6MSwiaWF0IjoxNTc2MjIxMDc4LCJleHAiOjE1NzY4MjU4Nzh9.M0WPtnh1TpZX3KSTgFeuaYqWNaEBLjIIsTWDH8gRwxQ User-Agent: Mozilla/5.0 (X11; Linux x86_64) AppleWebKit/537.36 (KHTML, like Gecko) Chrome/79.0.3945.79 Safari/537.36
[2019-12-16T18:46:30.625] [DEBUG] default - URL: /api/pub/labels Method: GET Status: 200 Body: {} Authorization: Bearer eyJhbGciOiJIUzI1NiIsInR5cCI6IkpXVCJ9.eyJpZCI6MSwiaWF0IjoxNTc2MjIxMDc4LCJleHAiOjE1NzY4MjU4Nzh9.M0WPtnh1TpZX3KSTgFeuaYqWNaEBLjIIsTWDH8gRwxQ User-Agent: Mozilla/5.0 (X11; Linux x86_64) AppleWebKit/537.36 (KHTML, like Gecko) Chrome/79.0.3945.79 Safari/537.36
[2019-12-16T18:46:35.086] [DEBUG] default - URL: /api/label Method: POST Status: 201 Body: {"label":"eewwew"} Authorization: Bearer eyJhbGciOiJIUzI1NiIsInR5cCI6IkpXVCJ9.eyJpZCI6MSwiaWF0IjoxNTc2MjIxMDc4LCJleHAiOjE1NzY4MjU4Nzh9.M0WPtnh1TpZX3KSTgFeuaYqWNaEBLjIIsTWDH8gRwxQ User-Agent: Mozilla/5.0 (X11; Linux x86_64) AppleWebKit/537.36 (KHTML, like Gecko) Chrome/79.0.3945.79 Safari/537.36
[2019-12-16T18:46:46.087] [ERROR] default - QueryError: ER_DUP_ENTRY: Duplicate entry 'eewwew' for key 'label'
[2019-12-16T18:46:46.089] [DEBUG] default - URL: /api/label Method: POST Status: 400 Body: {"label":"eewwew"} Authorization: Bearer eyJhbGciOiJIUzI1NiIsInR5cCI6IkpXVCJ9.eyJpZCI6MSwiaWF0IjoxNTc2MjIxMDc4LCJleHAiOjE1NzY4MjU4Nzh9.M0WPtnh1TpZX3KSTgFeuaYqWNaEBLjIIsTWDH8gRwxQ User-Agent: Mozilla/5.0 (X11; Linux x86_64) AppleWebKit/537.36 (KHTML, like Gecko) Chrome/79.0.3945.79 Safari/537.36
[2019-12-16T18:46:49.147] [ERROR] default - QueryError: ER_DUP_ENTRY: Duplicate entry 'eewwew' for key 'label'
[2019-12-16T18:46:49.148] [DEBUG] default - URL: /api/label Method: POST Status: 400 Body: {"label":"eewwew"} Authorization: Bearer eyJhbGciOiJIUzI1NiIsInR5cCI6IkpXVCJ9.eyJpZCI6MSwiaWF0IjoxNTc2MjIxMDc4LCJleHAiOjE1NzY4MjU4Nzh9.M0WPtnh1TpZX3KSTgFeuaYqWNaEBLjIIsTWDH8gRwxQ User-Agent: Mozilla/5.0 (X11; Linux x86_64) AppleWebKit/537.36 (KHTML, like Gecko) Chrome/79.0.3945.79 Safari/537.36
[2019-12-16T18:47:00.841] [DEBUG] default - URL: /api/pub/labels Method: GET Status: 200 Body: {} Authorization: Bearer eyJhbGciOiJIUzI1NiIsInR5cCI6IkpXVCJ9.eyJpZCI6MSwiaWF0IjoxNTc2MjIxMDc4LCJleHAiOjE1NzY4MjU4Nzh9.M0WPtnh1TpZX3KSTgFeuaYqWNaEBLjIIsTWDH8gRwxQ User-Agent: Mozilla/5.0 (X11; Linux x86_64) AppleWebKit/537.36 (KHTML, like Gecko) Chrome/79.0.3945.79 Safari/537.36
[2019-12-16T18:47:03.673] [DEBUG] default - URL: /api/comment/list Method: GET Status: 200 Body: {} Authorization: Bearer eyJhbGciOiJIUzI1NiIsInR5cCI6IkpXVCJ9.eyJpZCI6MSwiaWF0IjoxNTc2MjIxMDc4LCJleHAiOjE1NzY4MjU4Nzh9.M0WPtnh1TpZX3KSTgFeuaYqWNaEBLjIIsTWDH8gRwxQ User-Agent: Mozilla/5.0 (X11; Linux x86_64) AppleWebKit/537.36 (KHTML, like Gecko) Chrome/79.0.3945.79 Safari/537.36
[2019-12-16T18:47:05.599] [DEBUG] default - URL: /api/pub/labels Method: GET Status: 200 Body: {} Authorization: Bearer eyJhbGciOiJIUzI1NiIsInR5cCI6IkpXVCJ9.eyJpZCI6MSwiaWF0IjoxNTc2MjIxMDc4LCJleHAiOjE1NzY4MjU4Nzh9.M0WPtnh1TpZX3KSTgFeuaYqWNaEBLjIIsTWDH8gRwxQ User-Agent: Mozilla/5.0 (X11; Linux x86_64) AppleWebKit/537.36 (KHTML, like Gecko) Chrome/79.0.3945.79 Safari/537.36
[2019-12-16T18:47:09.286] [DEBUG] default - URL: /api/label Method: POST Status: 201 Body: {"label":"dfadsfa"} Authorization: Bearer eyJhbGciOiJIUzI1NiIsInR5cCI6IkpXVCJ9.eyJpZCI6MSwiaWF0IjoxNTc2MjIxMDc4LCJleHAiOjE1NzY4MjU4Nzh9.M0WPtnh1TpZX3KSTgFeuaYqWNaEBLjIIsTWDH8gRwxQ User-Agent: Mozilla/5.0 (X11; Linux x86_64) AppleWebKit/537.36 (KHTML, like Gecko) Chrome/79.0.3945.79 Safari/537.36
[2019-12-16T18:47:14.284] [DEBUG] default - URL: /api/label Method: POST Status: 201 Body: {"label":"dfdadffsa"} Authorization: Bearer eyJhbGciOiJIUzI1NiIsInR5cCI6IkpXVCJ9.eyJpZCI6MSwiaWF0IjoxNTc2MjIxMDc4LCJleHAiOjE1NzY4MjU4Nzh9.M0WPtnh1TpZX3KSTgFeuaYqWNaEBLjIIsTWDH8gRwxQ User-Agent: Mozilla/5.0 (X11; Linux x86_64) AppleWebKit/537.36 (KHTML, like Gecko) Chrome/79.0.3945.79 Safari/537.36
[2019-12-16T18:47:36.317] [DEBUG] default - URL: /api/pub/labels Method: GET Status: 200 Body: {} Authorization: Bearer eyJhbGciOiJIUzI1NiIsInR5cCI6IkpXVCJ9.eyJpZCI6MSwiaWF0IjoxNTc2MjIxMDc4LCJleHAiOjE1NzY4MjU4Nzh9.M0WPtnh1TpZX3KSTgFeuaYqWNaEBLjIIsTWDH8gRwxQ User-Agent: Mozilla/5.0 (X11; Linux x86_64) AppleWebKit/537.36 (KHTML, like Gecko) Chrome/79.0.3945.79 Safari/537.36
[2019-12-16T18:51:23.546] [DEBUG] default - URL: /api/pub/labels Method: GET Status: 200 Body: {} Authorization: Bearer eyJhbGciOiJIUzI1NiIsInR5cCI6IkpXVCJ9.eyJpZCI6MSwiaWF0IjoxNTc2MjIxMDc4LCJleHAiOjE1NzY4MjU4Nzh9.M0WPtnh1TpZX3KSTgFeuaYqWNaEBLjIIsTWDH8gRwxQ User-Agent: Mozilla/5.0 (X11; Linux x86_64) AppleWebKit/537.36 (KHTML, like Gecko) Chrome/79.0.3945.79 Safari/537.36
[2019-12-16T18:52:38.599] [DEBUG] default - URL: /api/pub/labels Method: GET Status: 200 Body: {} Authorization: Bearer eyJhbGciOiJIUzI1NiIsInR5cCI6IkpXVCJ9.eyJpZCI6MSwiaWF0IjoxNTc2MjIxMDc4LCJleHAiOjE1NzY4MjU4Nzh9.M0WPtnh1TpZX3KSTgFeuaYqWNaEBLjIIsTWDH8gRwxQ User-Agent: Mozilla/5.0 (X11; Linux x86_64) AppleWebKit/537.36 (KHTML, like Gecko) Chrome/79.0.3945.79 Safari/537.36
[2019-12-16T18:52:44.190] [DEBUG] default - URL: /api/pub/labels Method: GET Status: 200 Body: {} Authorization: Bearer eyJhbGciOiJIUzI1NiIsInR5cCI6IkpXVCJ9.eyJpZCI6MSwiaWF0IjoxNTc2MjIxMDc4LCJleHAiOjE1NzY4MjU4Nzh9.M0WPtnh1TpZX3KSTgFeuaYqWNaEBLjIIsTWDH8gRwxQ User-Agent: Mozilla/5.0 (X11; Linux x86_64) AppleWebKit/537.36 (KHTML, like Gecko) Chrome/79.0.3945.79 Safari/537.36
[2019-12-16T18:53:06.533] [DEBUG] default - URL: /api/pub/labels Method: GET Status: 200 Body: {} Authorization: Bearer eyJhbGciOiJIUzI1NiIsInR5cCI6IkpXVCJ9.eyJpZCI6MSwiaWF0IjoxNTc2MjIxMDc4LCJleHAiOjE1NzY4MjU4Nzh9.M0WPtnh1TpZX3KSTgFeuaYqWNaEBLjIIsTWDH8gRwxQ User-Agent: Mozilla/5.0 (X11; Linux x86_64) AppleWebKit/537.36 (KHTML, like Gecko) Chrome/79.0.3945.79 Safari/537.36
[2019-12-16T18:53:20.376] [DEBUG] default - URL: /api/pub/labels Method: GET Status: 200 Body: {} Authorization: Bearer eyJhbGciOiJIUzI1NiIsInR5cCI6IkpXVCJ9.eyJpZCI6MSwiaWF0IjoxNTc2MjIxMDc4LCJleHAiOjE1NzY4MjU4Nzh9.M0WPtnh1TpZX3KSTgFeuaYqWNaEBLjIIsTWDH8gRwxQ User-Agent: Mozilla/5.0 (X11; Linux x86_64) AppleWebKit/537.36 (KHTML, like Gecko) Chrome/79.0.3945.79 Safari/537.36
[2019-12-16T18:53:24.108] [ERROR] default - QueryError: ER_DUP_ENTRY: Duplicate entry 'dd' for key 'label'
[2019-12-16T18:53:24.112] [DEBUG] default - URL: /api/label Method: POST Status: 400 Body: {"label":"dd"} Authorization: Bearer eyJhbGciOiJIUzI1NiIsInR5cCI6IkpXVCJ9.eyJpZCI6MSwiaWF0IjoxNTc2MjIxMDc4LCJleHAiOjE1NzY4MjU4Nzh9.M0WPtnh1TpZX3KSTgFeuaYqWNaEBLjIIsTWDH8gRwxQ User-Agent: Mozilla/5.0 (X11; Linux x86_64) AppleWebKit/537.36 (KHTML, like Gecko) Chrome/79.0.3945.79 Safari/537.36
[2019-12-16T18:53:27.523] [ERROR] default - QueryError: ER_DUP_ENTRY: Duplicate entry 'dd' for key 'label'
[2019-12-16T18:53:27.531] [DEBUG] default - URL: /api/label Method: POST Status: 400 Body: {"label":"dd"} Authorization: Bearer eyJhbGciOiJIUzI1NiIsInR5cCI6IkpXVCJ9.eyJpZCI6MSwiaWF0IjoxNTc2MjIxMDc4LCJleHAiOjE1NzY4MjU4Nzh9.M0WPtnh1TpZX3KSTgFeuaYqWNaEBLjIIsTWDH8gRwxQ User-Agent: Mozilla/5.0 (X11; Linux x86_64) AppleWebKit/537.36 (KHTML, like Gecko) Chrome/79.0.3945.79 Safari/537.36
[2019-12-16T18:53:29.878] [ERROR] default - QueryError: ER_DUP_ENTRY: Duplicate entry 'dd' for key 'label'
[2019-12-16T18:53:29.880] [DEBUG] default - URL: /api/label Method: POST Status: 400 Body: {"label":"dd"} Authorization: Bearer eyJhbGciOiJIUzI1NiIsInR5cCI6IkpXVCJ9.eyJpZCI6MSwiaWF0IjoxNTc2MjIxMDc4LCJleHAiOjE1NzY4MjU4Nzh9.M0WPtnh1TpZX3KSTgFeuaYqWNaEBLjIIsTWDH8gRwxQ User-Agent: Mozilla/5.0 (X11; Linux x86_64) AppleWebKit/537.36 (KHTML, like Gecko) Chrome/79.0.3945.79 Safari/537.36
[2019-12-16T18:53:43.640] [ERROR] default - QueryError: ER_DUP_ENTRY: Duplicate entry 'dd' for key 'label'
[2019-12-16T18:53:43.641] [DEBUG] default - URL: /api/label Method: POST Status: 400 Body: {"label":"dd"} Authorization: Bearer eyJhbGciOiJIUzI1NiIsInR5cCI6IkpXVCJ9.eyJpZCI6MSwiaWF0IjoxNTc2MjIxMDc4LCJleHAiOjE1NzY4MjU4Nzh9.M0WPtnh1TpZX3KSTgFeuaYqWNaEBLjIIsTWDH8gRwxQ User-Agent: Mozilla/5.0 (X11; Linux x86_64) AppleWebKit/537.36 (KHTML, like Gecko) Chrome/79.0.3945.79 Safari/537.36
[2019-12-16T18:53:53.235] [DEBUG] default - URL: /api/pub/labels Method: GET Status: 200 Body: {} Authorization: Bearer eyJhbGciOiJIUzI1NiIsInR5cCI6IkpXVCJ9.eyJpZCI6MSwiaWF0IjoxNTc2MjIxMDc4LCJleHAiOjE1NzY4MjU4Nzh9.M0WPtnh1TpZX3KSTgFeuaYqWNaEBLjIIsTWDH8gRwxQ User-Agent: Mozilla/5.0 (X11; Linux x86_64) AppleWebKit/537.36 (KHTML, like Gecko) Chrome/79.0.3945.79 Safari/537.36
[2019-12-16T18:54:01.744] [DEBUG] default - URL: /api/pub/labels Method: GET Status: 200 Body: {} Authorization: Bearer eyJhbGciOiJIUzI1NiIsInR5cCI6IkpXVCJ9.eyJpZCI6MSwiaWF0IjoxNTc2MjIxMDc4LCJleHAiOjE1NzY4MjU4Nzh9.M0WPtnh1TpZX3KSTgFeuaYqWNaEBLjIIsTWDH8gRwxQ User-Agent: Mozilla/5.0 (X11; Linux x86_64) AppleWebKit/537.36 (KHTML, like Gecko) Chrome/79.0.3945.79 Safari/537.36
[2019-12-16T18:56:10.283] [DEBUG] default - URL: /api/pub/labels Method: GET Status: 200 Body: {} Authorization: Bearer eyJhbGciOiJIUzI1NiIsInR5cCI6IkpXVCJ9.eyJpZCI6MSwiaWF0IjoxNTc2MjIxMDc4LCJleHAiOjE1NzY4MjU4Nzh9.M0WPtnh1TpZX3KSTgFeuaYqWNaEBLjIIsTWDH8gRwxQ User-Agent: Mozilla/5.0 (X11; Linux x86_64) AppleWebKit/537.36 (KHTML, like Gecko) Chrome/79.0.3945.79 Safari/537.36
[2019-12-16T18:56:32.341] [DEBUG] default - URL: /api/pub/labels Method: GET Status: 200 Body: {} Authorization: Bearer eyJhbGciOiJIUzI1NiIsInR5cCI6IkpXVCJ9.eyJpZCI6MSwiaWF0IjoxNTc2MjIxMDc4LCJleHAiOjE1NzY4MjU4Nzh9.M0WPtnh1TpZX3KSTgFeuaYqWNaEBLjIIsTWDH8gRwxQ User-Agent: Mozilla/5.0 (X11; Linux x86_64) AppleWebKit/537.36 (KHTML, like Gecko) Chrome/79.0.3945.79 Safari/537.36
[2019-12-16T18:56:38.591] [ERROR] default - QueryError: ER_DUP_ENTRY: Duplicate entry 'dd' for key 'label'
[2019-12-16T18:56:38.605] [DEBUG] default - URL: /api/label Method: POST Status: 400 Body: {"label":"dd"} Authorization: Bearer eyJhbGciOiJIUzI1NiIsInR5cCI6IkpXVCJ9.eyJpZCI6MSwiaWF0IjoxNTc2MjIxMDc4LCJleHAiOjE1NzY4MjU4Nzh9.M0WPtnh1TpZX3KSTgFeuaYqWNaEBLjIIsTWDH8gRwxQ User-Agent: Mozilla/5.0 (X11; Linux x86_64) AppleWebKit/537.36 (KHTML, like Gecko) Chrome/79.0.3945.79 Safari/537.36
[2019-12-16T18:56:49.108] [DEBUG] default - URL: /api/pub/labels Method: GET Status: 200 Body: {} Authorization: Bearer eyJhbGciOiJIUzI1NiIsInR5cCI6IkpXVCJ9.eyJpZCI6MSwiaWF0IjoxNTc2MjIxMDc4LCJleHAiOjE1NzY4MjU4Nzh9.M0WPtnh1TpZX3KSTgFeuaYqWNaEBLjIIsTWDH8gRwxQ User-Agent: Mozilla/5.0 (X11; Linux x86_64) AppleWebKit/537.36 (KHTML, like Gecko) Chrome/79.0.3945.79 Safari/537.36
[2019-12-16T18:57:56.778] [DEBUG] default - URL: /api/pub/labels Method: GET Status: 200 Body: {} Authorization: Bearer eyJhbGciOiJIUzI1NiIsInR5cCI6IkpXVCJ9.eyJpZCI6MSwiaWF0IjoxNTc2MjIxMDc4LCJleHAiOjE1NzY4MjU4Nzh9.M0WPtnh1TpZX3KSTgFeuaYqWNaEBLjIIsTWDH8gRwxQ User-Agent: Mozilla/5.0 (X11; Linux x86_64) AppleWebKit/537.36 (KHTML, like Gecko) Chrome/79.0.3945.79 Safari/537.36
[2019-12-16T18:58:01.470] [DEBUG] default - URL: /api/pub/labels Method: GET Status: 200 Body: {} Authorization: Bearer eyJhbGciOiJIUzI1NiIsInR5cCI6IkpXVCJ9.eyJpZCI6MSwiaWF0IjoxNTc2MjIxMDc4LCJleHAiOjE1NzY4MjU4Nzh9.M0WPtnh1TpZX3KSTgFeuaYqWNaEBLjIIsTWDH8gRwxQ User-Agent: Mozilla/5.0 (X11; Linux x86_64) AppleWebKit/537.36 (KHTML, like Gecko) Chrome/79.0.3945.79 Safari/537.36
[2019-12-16T19:02:50.401] [DEBUG] default - URL: /api/pub/labels Method: GET Status: 200 Body: {} Authorization: Bearer eyJhbGciOiJIUzI1NiIsInR5cCI6IkpXVCJ9.eyJpZCI6MSwiaWF0IjoxNTc2MjIxMDc4LCJleHAiOjE1NzY4MjU4Nzh9.M0WPtnh1TpZX3KSTgFeuaYqWNaEBLjIIsTWDH8gRwxQ User-Agent: Mozilla/5.0 (X11; Linux x86_64) AppleWebKit/537.36 (KHTML, like Gecko) Chrome/79.0.3945.79 Safari/537.36
[2019-12-16T19:02:56.824] [DEBUG] default - URL: /api/pub/labels Method: GET Status: 200 Body: {} Authorization: Bearer eyJhbGciOiJIUzI1NiIsInR5cCI6IkpXVCJ9.eyJpZCI6MSwiaWF0IjoxNTc2MjIxMDc4LCJleHAiOjE1NzY4MjU4Nzh9.M0WPtnh1TpZX3KSTgFeuaYqWNaEBLjIIsTWDH8gRwxQ User-Agent: Mozilla/5.0 (X11; Linux x86_64) AppleWebKit/537.36 (KHTML, like Gecko) Chrome/79.0.3945.79 Safari/537.36
[2019-12-16T19:08:09.268] [DEBUG] default - URL: /api/pub/labels Method: GET Status: 200 Body: {} Authorization: Bearer eyJhbGciOiJIUzI1NiIsInR5cCI6IkpXVCJ9.eyJpZCI6MSwiaWF0IjoxNTc2MjIxMDc4LCJleHAiOjE1NzY4MjU4Nzh9.M0WPtnh1TpZX3KSTgFeuaYqWNaEBLjIIsTWDH8gRwxQ User-Agent: Mozilla/5.0 (X11; Linux x86_64) AppleWebKit/537.36 (KHTML, like Gecko) Chrome/79.0.3945.79 Safari/537.36
[2019-12-16T19:09:58.673] [DEBUG] default - URL: /api/pub/labels Method: GET Status: 200 Body: {} Authorization: Bearer eyJhbGciOiJIUzI1NiIsInR5cCI6IkpXVCJ9.eyJpZCI6MSwiaWF0IjoxNTc2MjIxMDc4LCJleHAiOjE1NzY4MjU4Nzh9.M0WPtnh1TpZX3KSTgFeuaYqWNaEBLjIIsTWDH8gRwxQ User-Agent: Mozilla/5.0 (X11; Linux x86_64) AppleWebKit/537.36 (KHTML, like Gecko) Chrome/79.0.3945.79 Safari/537.36
[2019-12-16T19:11:51.074] [DEBUG] default - URL: /api/pub/labels Method: GET Status: 200 Body: {} Authorization: Bearer eyJhbGciOiJIUzI1NiIsInR5cCI6IkpXVCJ9.eyJpZCI6MSwiaWF0IjoxNTc2MjIxMDc4LCJleHAiOjE1NzY4MjU4Nzh9.M0WPtnh1TpZX3KSTgFeuaYqWNaEBLjIIsTWDH8gRwxQ User-Agent: Mozilla/5.0 (X11; Linux x86_64) AppleWebKit/537.36 (KHTML, like Gecko) Chrome/79.0.3945.79 Safari/537.36
[2019-12-16T19:13:45.316] [DEBUG] default - URL: /api/pub/articles/list Method: GET Status: 200 Body: {} Authorization: Bearer eyJhbGciOiJIUzI1NiIsInR5cCI6IkpXVCJ9.eyJpZCI6MSwiaWF0IjoxNTc2MjIxMDc4LCJleHAiOjE1NzY4MjU4Nzh9.M0WPtnh1TpZX3KSTgFeuaYqWNaEBLjIIsTWDH8gRwxQ User-Agent: Mozilla/5.0 (X11; Linux x86_64) AppleWebKit/537.36 (KHTML, like Gecko) Chrome/79.0.3945.79 Safari/537.36
[2019-12-16T19:13:47.417] [DEBUG] default - URL: /api/comment/list Method: GET Status: 200 Body: {} Authorization: Bearer eyJhbGciOiJIUzI1NiIsInR5cCI6IkpXVCJ9.eyJpZCI6MSwiaWF0IjoxNTc2MjIxMDc4LCJleHAiOjE1NzY4MjU4Nzh9.M0WPtnh1TpZX3KSTgFeuaYqWNaEBLjIIsTWDH8gRwxQ User-Agent: Mozilla/5.0 (X11; Linux x86_64) AppleWebKit/537.36 (KHTML, like Gecko) Chrome/79.0.3945.79 Safari/537.36
[2019-12-16T19:13:51.265] [DEBUG] default - URL: /api/pub/articles/list Method: GET Status: 200 Body: {} Authorization: Bearer eyJhbGciOiJIUzI1NiIsInR5cCI6IkpXVCJ9.eyJpZCI6MSwiaWF0IjoxNTc2MjIxMDc4LCJleHAiOjE1NzY4MjU4Nzh9.M0WPtnh1TpZX3KSTgFeuaYqWNaEBLjIIsTWDH8gRwxQ User-Agent: Mozilla/5.0 (X11; Linux x86_64) AppleWebKit/537.36 (KHTML, like Gecko) Chrome/79.0.3945.79 Safari/537.36
[2019-12-16T19:13:51.998] [DEBUG] default - URL: /api/comment/list Method: GET Status: 200 Body: {} Authorization: Bearer eyJhbGciOiJIUzI1NiIsInR5cCI6IkpXVCJ9.eyJpZCI6MSwiaWF0IjoxNTc2MjIxMDc4LCJleHAiOjE1NzY4MjU4Nzh9.M0WPtnh1TpZX3KSTgFeuaYqWNaEBLjIIsTWDH8gRwxQ User-Agent: Mozilla/5.0 (X11; Linux x86_64) AppleWebKit/537.36 (KHTML, like Gecko) Chrome/79.0.3945.79 Safari/537.36
[2019-12-16T19:16:58.539] [DEBUG] default - URL: /api/comment/list Method: GET Status: 200 Body: {} Authorization: Bearer eyJhbGciOiJIUzI1NiIsInR5cCI6IkpXVCJ9.eyJpZCI6MSwiaWF0IjoxNTc2MjIxMDc4LCJleHAiOjE1NzY4MjU4Nzh9.M0WPtnh1TpZX3KSTgFeuaYqWNaEBLjIIsTWDH8gRwxQ User-Agent: Mozilla/5.0 (X11; Linux x86_64) AppleWebKit/537.36 (KHTML, like Gecko) Chrome/79.0.3945.79 Safari/537.36
[2019-12-16T19:26:59.160] [DEBUG] default - URL: /api/comment/list Method: GET Status: 200 Body: {} Authorization: Bearer eyJhbGciOiJIUzI1NiIsInR5cCI6IkpXVCJ9.eyJpZCI6MSwiaWF0IjoxNTc2MjIxMDc4LCJleHAiOjE1NzY4MjU4Nzh9.M0WPtnh1TpZX3KSTgFeuaYqWNaEBLjIIsTWDH8gRwxQ User-Agent: Mozilla/5.0 (X11; Linux x86_64) AppleWebKit/537.36 (KHTML, like Gecko) Chrome/79.0.3945.79 Safari/537.36
[2019-12-16T19:28:06.308] [DEBUG] default - URL: /api/pub/articles/list Method: GET Status: 200 Body: {} Authorization: Bearer eyJhbGciOiJIUzI1NiIsInR5cCI6IkpXVCJ9.eyJpZCI6MSwiaWF0IjoxNTc2MjIxMDc4LCJleHAiOjE1NzY4MjU4Nzh9.M0WPtnh1TpZX3KSTgFeuaYqWNaEBLjIIsTWDH8gRwxQ User-Agent: Mozilla/5.0 (X11; Linux x86_64) AppleWebKit/537.36 (KHTML, like Gecko) Chrome/79.0.3945.79 Safari/537.36
[2019-12-16T20:30:15.726] [DEBUG] default - URL: /api/comment/list Method: GET Status: 200 Body: {} Authorization: Bearer eyJhbGciOiJIUzI1NiIsInR5cCI6IkpXVCJ9.eyJpZCI6MSwiaWF0IjoxNTc2MjIxMDc4LCJleHAiOjE1NzY4MjU4Nzh9.M0WPtnh1TpZX3KSTgFeuaYqWNaEBLjIIsTWDH8gRwxQ User-Agent: Mozilla/5.0 (X11; Linux x86_64) AppleWebKit/537.36 (KHTML, like Gecko) Chrome/79.0.3945.79 Safari/537.36
[2019-12-16T22:02:19.820] [ERROR] default - ErrorMessage: Authentication Error
[2019-12-16T22:09:26.143] [ERROR] default - ErrorMessage: Authentication Error
[2019-12-16T22:30:39.939] [ERROR] default - ErrorMessage: Authentication Error
[2019-12-16T22:35:17.878] [ERROR] default - ErrorMessage: Authentication Error
[2019-12-16T22:35:17.921] [DEBUG] default - URL: /api/file/upload Method: POST Status: 404 Body: {"file":"[object Object]"} Authorization: Bearer eyJhbGciOiJIUzI1NiIsInR5cCI6IkpXVCJ9.eyJpZCI6MSwiaWF0IjoxNTc2MjIxMDc4LCJleHAiOjE1NzY4MjU4Nzh9.M0WPtnh1TpZX3KSTgFeuaYqWNaEBLjIIsTWDH8gRwxQ User-Agent: Mozilla/5.0 (X11; Linux x86_64) AppleWebKit/537.36 (KHTML, like Gecko) Chrome/79.0.3945.79 Safari/537.36
[2019-12-16T22:35:17.962] [DEBUG] default - URL: /api/file/upload Method: POST Status: 404 Body: {"file":"[object Object]"} Authorization: Bearer eyJhbGciOiJIUzI1NiIsInR5cCI6IkpXVCJ9.eyJpZCI6MSwiaWF0IjoxNTc2MjIxMDc4LCJleHAiOjE1NzY4MjU4Nzh9.M0WPtnh1TpZX3KSTgFeuaYqWNaEBLjIIsTWDH8gRwxQ User-Agent: Mozilla/5.0 (X11; Linux x86_64) AppleWebKit/537.36 (KHTML, like Gecko) Chrome/79.0.3945.79 Safari/537.36
[2019-12-16T22:35:18.006] [DEBUG] default - URL: /api/file/upload Method: POST Status: 404 Body: {"file":"[object Object]"} Authorization: Bearer eyJhbGciOiJIUzI1NiIsInR5cCI6IkpXVCJ9.eyJpZCI6MSwiaWF0IjoxNTc2MjIxMDc4LCJleHAiOjE1NzY4MjU4Nzh9.M0WPtnh1TpZX3KSTgFeuaYqWNaEBLjIIsTWDH8gRwxQ User-Agent: Mozilla/5.0 (X11; Linux x86_64) AppleWebKit/537.36 (KHTML, like Gecko) Chrome/79.0.3945.79 Safari/537.36
[2019-12-16T22:36:53.013] [ERROR] default - ErrorMessage: Authentication Error
[2019-12-16T22:36:53.576] [DEBUG] default - URL: /api/file/upload Method: POST Status: 404 Body: {"file":"[object Object]"} Authorization: Bearer eyJhbGciOiJIUzI1NiIsInR5cCI6IkpXVCJ9.eyJpZCI6MSwiaWF0IjoxNTc2MjIxMDc4LCJleHAiOjE1NzY4MjU4Nzh9.M0WPtnh1TpZX3KSTgFeuaYqWNaEBLjIIsTWDH8gRwxQ User-Agent: Mozilla/5.0 (X11; Linux x86_64) AppleWebKit/537.36 (KHTML, like Gecko) Chrome/79.0.3945.79 Safari/537.36
[2019-12-16T22:36:53.921] [DEBUG] default - URL: /api/file/upload Method: POST Status: 404 Body: {"file":"[object Object]"} Authorization: Bearer eyJhbGciOiJIUzI1NiIsInR5cCI6IkpXVCJ9.eyJpZCI6MSwiaWF0IjoxNTc2MjIxMDc4LCJleHAiOjE1NzY4MjU4Nzh9.M0WPtnh1TpZX3KSTgFeuaYqWNaEBLjIIsTWDH8gRwxQ User-Agent: Mozilla/5.0 (X11; Linux x86_64) AppleWebKit/537.36 (KHTML, like Gecko) Chrome/79.0.3945.79 Safari/537.36
[2019-12-16T22:36:53.924] [DEBUG] default - URL: /api/file/upload Method: POST Status: 404 Body: {"file":"[object Object]"} Authorization: Bearer eyJhbGciOiJIUzI1NiIsInR5cCI6IkpXVCJ9.eyJpZCI6MSwiaWF0IjoxNTc2MjIxMDc4LCJleHAiOjE1NzY4MjU4Nzh9.M0WPtnh1TpZX3KSTgFeuaYqWNaEBLjIIsTWDH8gRwxQ User-Agent: Mozilla/5.0 (X11; Linux x86_64) AppleWebKit/537.36 (KHTML, like Gecko) Chrome/79.0.3945.79 Safari/537.36
[2019-12-16T22:39:28.019] [ERROR] default - ErrorMessage: Cannot read property 'file' of undefined
[2019-12-16T22:39:28.121] [ERROR] default - ErrorMessage: Authentication Error
[2019-12-16T22:39:28.700] [ERROR] default - ErrorMessage: Cannot read property 'file' of undefined
[2019-12-16T22:39:29.272] [ERROR] default - ErrorMessage: Cannot read property 'file' of undefined
[2019-12-16T22:42:29.193] [ERROR] default - ErrorMessage: Authentication Error
[2019-12-16T22:42:29.234] [ERROR] default - ErrorMessage: Cannot read property 'file' of undefined
[2019-12-16T22:42:29.330] [ERROR] default - ErrorMessage: Cannot read property 'file' of undefined
[2019-12-16T22:42:29.435] [ERROR] default - ErrorMessage: Cannot read property 'file' of undefined
[2019-12-16T22:43:10.749] [ERROR] default - ErrorMessage: Authentication Error
[2019-12-16T22:43:11.241] [ERROR] default - ErrorMessage: Cannot read property 'file' of undefined
[2019-12-16T22:43:11.585] [ERROR] default - ErrorMessage: Cannot read property 'file' of undefined
[2019-12-16T22:43:11.619] [ERROR] default - ErrorMessage: Cannot read property 'file' of undefined
[2019-12-16T22:43:55.088] [ERROR] default - ErrorMessage: Authentication Error
[2019-12-16T22:43:55.602] [ERROR] default - ErrorMessage: Cannot read property 'file' of undefined
[2019-12-16T22:43:55.914] [ERROR] default - ErrorMessage: Cannot read property 'file' of undefined
[2019-12-16T22:43:56.032] [ERROR] default - ErrorMessage: Cannot read property 'file' of undefined
[2019-12-16T22:44:23.393] [ERROR] default - ErrorMessage: Authentication Error
[2019-12-16T22:44:23.834] [ERROR] default - ErrorMessage: Cannot read property 'file' of undefined
[2019-12-16T22:44:23.925] [ERROR] default - ErrorMessage: Cannot read property 'file' of undefined
[2019-12-16T22:44:24.027] [ERROR] default - ErrorMessage: Cannot read property 'file' of undefined
[2019-12-16T22:44:51.860] [ERROR] default - ErrorMessage: Cannot read property 'file' of undefined
[2019-12-16T22:44:56.001] [ERROR] default - ErrorMessage: Authentication Error
[2019-12-16T22:44:56.163] [ERROR] default - ErrorMessage: Cannot read property 'file' of undefined
[2019-12-16T22:44:56.858] [ERROR] default - ErrorMessage: Cannot read property 'file' of undefined
[2019-12-16T22:44:57.134] [ERROR] default - ErrorMessage: Cannot read property 'file' of undefined
[2019-12-16T22:45:39.563] [ERROR] default - ErrorMessage: Authentication Error
[2019-12-16T22:46:40.154] [ERROR] default - ErrorMessage: Authentication Error
[2019-12-16T22:46:40.309] [ERROR] default - ErrorMessage: The "path" argument must be one of type string, Buffer, or URL. Received type undefined
[2019-12-16T22:46:40.432] [ERROR] default - ErrorMessage: The "path" argument must be one of type string, Buffer, or URL. Received type undefined
[2019-12-16T22:46:40.440] [ERROR] default - ErrorMessage: The "path" argument must be one of type string, Buffer, or URL. Received type undefined
[2019-12-16T22:50:15.819] [ERROR] default - ErrorMessage: Authentication Error
[2019-12-16T22:50:15.896] [ERROR] default - ErrorMessage: The "path" argument must be one of type string, Buffer, or URL. Received type undefined
[2019-12-16T22:50:16.009] [ERROR] default - ErrorMessage: The "path" argument must be one of type string, Buffer, or URL. Received type undefined
[2019-12-16T22:50:16.076] [ERROR] default - ErrorMessage: The "path" argument must be one of type string, Buffer, or URL. Received type undefined
[2019-12-16T22:51:21.861] [ERROR] default - ErrorMessage: Authentication Error
[2019-12-16T22:51:21.951] [ERROR] default - ErrorMessage: The "path" argument must be one of type string, Buffer, or URL. Received type undefined
[2019-12-16T22:51:22.074] [ERROR] default - ErrorMessage: The "path" argument must be one of type string, Buffer, or URL. Received type undefined
[2019-12-16T22:51:22.156] [ERROR] default - ErrorMessage: The "path" argument must be one of type string, Buffer, or URL. Received type undefined
[2019-12-16T22:52:25.773] [ERROR] default - ErrorMessage: Authentication Error
[2019-12-16T22:52:25.888] [ERROR] default - ErrorMessage: The "path" argument must be one of type string, Buffer, or URL. Received type undefined
[2019-12-16T22:52:25.986] [ERROR] default - ErrorMessage: The "path" argument must be one of type string, Buffer, or URL. Received type undefined
[2019-12-16T22:52:26.047] [ERROR] default - ErrorMessage: The "path" argument must be one of type string, Buffer, or URL. Received type undefined
[2019-12-16T22:55:56.474] [ERROR] default - ErrorMessage: Authentication Error
[2019-12-16T22:55:56.644] [ERROR] default - ErrorMessage: The "path" argument must be one of type string, Buffer, or URL. Received type undefined
[2019-12-16T22:55:56.744] [ERROR] default - ErrorMessage: The "path" argument must be one of type string, Buffer, or URL. Received type undefined
[2019-12-16T22:55:56.818] [ERROR] default - ErrorMessage: The "path" argument must be one of type string, Buffer, or URL. Received type undefined
[2019-12-16T22:59:22.035] [ERROR] default - ErrorMessage: Authentication Error
[2019-12-16T22:59:22.150] [ERROR] default - ErrorMessage: The "path" argument must be one of type string, Buffer, or URL. Received type undefined
[2019-12-16T22:59:22.293] [ERROR] default - ErrorMessage: The "path" argument must be one of type string, Buffer, or URL. Received type undefined
[2019-12-16T22:59:22.438] [ERROR] default - ErrorMessage: The "path" argument must be one of type string, Buffer, or URL. Received type undefined
[2019-12-16T22:59:54.807] [ERROR] default - ErrorMessage: The "path" argument must be one of type string, Buffer, or URL. Received type undefined
[2019-12-16T22:59:54.854] [ERROR] default - ErrorMessage: Authentication Error
[2019-12-16T22:59:55.027] [ERROR] default - ErrorMessage: The "path" argument must be one of type string, Buffer, or URL. Received type undefined
[2019-12-16T22:59:55.143] [ERROR] default - ErrorMessage: The "path" argument must be one of type string, Buffer, or URL. Received type undefined
[2019-12-16T23:03:10.284] [ERROR] default - ErrorMessage: The "path" argument must be one of type string, Buffer, or URL. Received type undefined
[2019-12-16T23:03:10.317] [ERROR] default - ErrorMessage: Authentication Error
[2019-12-16T23:03:10.480] [ERROR] default - ErrorMessage: The "path" argument must be one of type string, Buffer, or URL. Received type undefined
[2019-12-16T23:03:10.613] [ERROR] default - ErrorMessage: The "path" argument must be one of type string, Buffer, or URL. Received type undefined
[2019-12-16T23:04:03.372] [ERROR] default - ErrorMessage: The "path" argument must be one of type string, Buffer, or URL. Received type undefined
[2019-12-16T23:04:03.385] [ERROR] default - ErrorMessage: Authentication Error
[2019-12-16T23:04:03.466] [ERROR] default - ErrorMessage: The "path" argument must be one of type string, Buffer, or URL. Received type undefined
[2019-12-16T23:04:03.561] [ERROR] default - ErrorMessage: The "path" argument must be one of type string, Buffer, or URL. Received type undefined
[2019-12-16T23:04:44.004] [ERROR] default - ErrorMessage: Authentication Error
[2019-12-16T23:05:42.999] [ERROR] default - ErrorMessage: Cannot read property 'file' of undefined
[2019-12-16T23:05:43.026] [ERROR] default - ErrorMessage: Authentication Error
[2019-12-16T23:05:43.197] [ERROR] default - ErrorMessage: Cannot read property 'file' of undefined
[2019-12-16T23:05:43.330] [ERROR] default - ErrorMessage: Cannot read property 'file' of undefined
