[2019-12-13T15:06:59.167] [ERROR] default - QueryError: ER_PARSE_ERROR: You have an error in your SQL syntax; check the manual that corresponds to your MySQL server version for the right syntax to use near '' at line 1
[2019-12-13T15:06:59.177] [ERROR] default - QueryError: ER_PARSE_ERROR: You have an error in your SQL syntax; check the manual that corresponds to your MySQL server version for the right syntax to use near '' at line 1
[2019-12-13T15:06:59.194] [ERROR] default - QueryError: ER_PARSE_ERROR: You have an error in your SQL syntax; check the manual that corresponds to your MySQL server version for the right syntax to use near '' at line 1
[2019-12-13T15:06:59.212] [ERROR] default - QueryError: ER_PARSE_ERROR: You have an error in your SQL syntax; check the manual that corresponds to your MySQL server version for the right syntax to use near '' at line 1
[2019-12-13T15:06:59.214] [ERROR] default - QueryError: ER_PARSE_ERROR: You have an error in your SQL syntax; check the manual that corresponds to your MySQL server version for the right syntax to use near '' at line 1
[2019-12-13T15:06:59.217] [ERROR] default - QueryError: ER_PARSE_ERROR: You have an error in your SQL syntax; check the manual that corresponds to your MySQL server version for the right syntax to use near '' at line 1
[2019-12-13T15:06:59.219] [ERROR] default - QueryError: ER_PARSE_ERROR: You have an error in your SQL syntax; check the manual that corresponds to your MySQL server version for the right syntax to use near '' at line 1
[2019-12-13T15:06:59.224] [ERROR] default - QueryError: ER_PARSE_ERROR: You have an error in your SQL syntax; check the manual that corresponds to your MySQL server version for the right syntax to use near '' at line 1
[2019-12-13T15:06:59.241] [ERROR] default - QueryError: ER_PARSE_ERROR: You have an error in your SQL syntax; check the manual that corresponds to your MySQL server version for the right syntax to use near '' at line 1
[2019-12-13T15:06:59.254] [ERROR] default - QueryError: ER_PARSE_ERROR: You have an error in your SQL syntax; check the manual that corresponds to your MySQL server version for the right syntax to use near '' at line 1
[2019-12-13T15:06:59.318] [ERROR] default - QueryError: ER_PARSE_ERROR: You have an error in your SQL syntax; check the manual that corresponds to your MySQL server version for the right syntax to use near '' at line 1
[2019-12-13T15:06:59.368] [ERROR] default - QueryError: ER_PARSE_ERROR: You have an error in your SQL syntax; check the manual that corresponds to your MySQL server version for the right syntax to use near '' at line 1
[2019-12-13T15:06:59.370] [ERROR] default - QueryError: ER_PARSE_ERROR: You have an error in your SQL syntax; check the manual that corresponds to your MySQL server version for the right syntax to use near '' at line 1
[2019-12-13T15:06:59.415] [ERROR] default - QueryError: ER_PARSE_ERROR: You have an error in your SQL syntax; check the manual that corresponds to your MySQL server version for the right syntax to use near '' at line 1
[2019-12-13T15:06:59.442] [ERROR] default - QueryError: ER_PARSE_ERROR: You have an error in your SQL syntax; check the manual that corresponds to your MySQL server version for the right syntax to use near '' at line 1
[2019-12-13T15:06:59.446] [ERROR] default - QueryError: ER_PARSE_ERROR: You have an error in your SQL syntax; check the manual that corresponds to your MySQL server version for the right syntax to use near '' at line 1
[2019-12-13T15:06:59.449] [ERROR] default - QueryError: ER_PARSE_ERROR: You have an error in your SQL syntax; check the manual that corresponds to your MySQL server version for the right syntax to use near '' at line 1
[2019-12-13T15:06:59.484] [ERROR] default - QueryError: ER_PARSE_ERROR: You have an error in your SQL syntax; check the manual that corresponds to your MySQL server version for the right syntax to use near '' at line 1
[2019-12-13T15:06:59.490] [ERROR] default - QueryError: ER_PARSE_ERROR: You have an error in your SQL syntax; check the manual that corresponds to your MySQL server version for the right syntax to use near '' at line 1
[2019-12-13T15:06:59.508] [ERROR] default - QueryError: ER_PARSE_ERROR: You have an error in your SQL syntax; check the manual that corresponds to your MySQL server version for the right syntax to use near '' at line 1
[2019-12-13T15:06:59.513] [ERROR] default - QueryError: ER_PARSE_ERROR: You have an error in your SQL syntax; check the manual that corresponds to your MySQL server version for the right syntax to use near '' at line 1
[2019-12-13T15:06:59.542] [ERROR] default - QueryError: ER_PARSE_ERROR: You have an error in your SQL syntax; check the manual that corresponds to your MySQL server version for the right syntax to use near '' at line 1
[2019-12-13T15:06:59.545] [ERROR] default - QueryError: ER_PARSE_ERROR: You have an error in your SQL syntax; check the manual that corresponds to your MySQL server version for the right syntax to use near '' at line 1
[2019-12-13T15:06:59.555] [ERROR] default - QueryError: ER_PARSE_ERROR: You have an error in your SQL syntax; check the manual that corresponds to your MySQL server version for the right syntax to use near '' at line 1
[2019-12-13T15:06:59.564] [ERROR] default - QueryError: ER_PARSE_ERROR: You have an error in your SQL syntax; check the manual that corresponds to your MySQL server version for the right syntax to use near '' at line 1
[2019-12-13T15:06:59.598] [ERROR] default - QueryError: ER_PARSE_ERROR: You have an error in your SQL syntax; check the manual that corresponds to your MySQL server version for the right syntax to use near '' at line 1
[2019-12-13T15:06:59.602] [ERROR] default - QueryError: ER_PARSE_ERROR: You have an error in your SQL syntax; check the manual that corresponds to your MySQL server version for the right syntax to use near '' at line 1
[2019-12-13T15:06:59.617] [ERROR] default - QueryError: ER_PARSE_ERROR: You have an error in your SQL syntax; check the manual that corresponds to your MySQL server version for the right syntax to use near '' at line 1
[2019-12-13T15:06:59.641] [ERROR] default - QueryError: ER_PARSE_ERROR: You have an error in your SQL syntax; check the manual that corresponds to your MySQL server version for the right syntax to use near '' at line 1
[2019-12-13T15:06:59.701] [ERROR] default - QueryError: ER_PARSE_ERROR: You have an error in your SQL syntax; check the manual that corresponds to your MySQL server version for the right syntax to use near '' at line 1
[2019-12-13T15:06:59.706] [ERROR] default - QueryError: ER_PARSE_ERROR: You have an error in your SQL syntax; check the manual that corresponds to your MySQL server version for the right syntax to use near '' at line 1
[2019-12-13T15:06:59.720] [ERROR] default - QueryError: ER_PARSE_ERROR: You have an error in your SQL syntax; check the manual that corresponds to your MySQL server version for the right syntax to use near '' at line 1
[2019-12-13T15:06:59.736] [ERROR] default - QueryError: ER_PARSE_ERROR: You have an error in your SQL syntax; check the manual that corresponds to your MySQL server version for the right syntax to use near '' at line 1
[2019-12-13T15:06:59.749] [ERROR] default - QueryError: ER_PARSE_ERROR: You have an error in your SQL syntax; check the manual that corresponds to your MySQL server version for the right syntax to use near '' at line 1
[2019-12-13T15:06:59.751] [ERROR] default - QueryError: ER_PARSE_ERROR: You have an error in your SQL syntax; check the manual that corresponds to your MySQL server version for the right syntax to use near '' at line 1
[2019-12-13T15:06:59.752] [ERROR] default - QueryError: ER_PARSE_ERROR: You have an error in your SQL syntax; check the manual that corresponds to your MySQL server version for the right syntax to use near '' at line 1
[2019-12-13T15:06:59.758] [ERROR] default - QueryError: ER_PARSE_ERROR: You have an error in your SQL syntax; check the manual that corresponds to your MySQL server version for the right syntax to use near '' at line 1
[2019-12-13T15:06:59.825] [ERROR] default - QueryError: ER_PARSE_ERROR: You have an error in your SQL syntax; check the manual that corresponds to your MySQL server version for the right syntax to use near '' at line 1
[2019-12-13T15:06:59.870] [ERROR] default - QueryError: ER_PARSE_ERROR: You have an error in your SQL syntax; check the manual that corresponds to your MySQL server version for the right syntax to use near '' at line 1
[2019-12-13T15:06:59.895] [ERROR] default - QueryError: ER_PARSE_ERROR: You have an error in your SQL syntax; check the manual that corresponds to your MySQL server version for the right syntax to use near '' at line 1
[2019-12-13T15:06:59.896] [ERROR] default - QueryError: ER_PARSE_ERROR: You have an error in your SQL syntax; check the manual that corresponds to your MySQL server version for the right syntax to use near '' at line 1
[2019-12-13T15:06:59.933] [ERROR] default - QueryError: ER_PARSE_ERROR: You have an error in your SQL syntax; check the manual that corresponds to your MySQL server version for the right syntax to use near '' at line 1
[2019-12-13T15:06:59.963] [ERROR] default - QueryError: ER_PARSE_ERROR: You have an error in your SQL syntax; check the manual that corresponds to your MySQL server version for the right syntax to use near '' at line 1
[2019-12-13T15:06:59.996] [ERROR] default - QueryError: ER_PARSE_ERROR: You have an error in your SQL syntax; check the manual that corresponds to your MySQL server version for the right syntax to use near '' at line 1
[2019-12-13T15:07:00.000] [ERROR] default - QueryError: ER_PARSE_ERROR: You have an error in your SQL syntax; check the manual that corresponds to your MySQL server version for the right syntax to use near '' at line 1
[2019-12-13T15:07:00.060] [ERROR] default - QueryError: ER_PARSE_ERROR: You have an error in your SQL syntax; check the manual that corresponds to your MySQL server version for the right syntax to use near '' at line 1
[2019-12-13T15:07:00.061] [ERROR] default - QueryError: ER_PARSE_ERROR: You have an error in your SQL syntax; check the manual that corresponds to your MySQL server version for the right syntax to use near '' at line 1
[2019-12-13T15:07:00.084] [ERROR] default - QueryError: ER_PARSE_ERROR: You have an error in your SQL syntax; check the manual that corresponds to your MySQL server version for the right syntax to use near '' at line 1
[2019-12-13T15:07:00.127] [ERROR] default - QueryError: ER_PARSE_ERROR: You have an error in your SQL syntax; check the manual that corresponds to your MySQL server version for the right syntax to use near '' at line 1
[2019-12-13T15:07:00.129] [ERROR] default - QueryError: ER_PARSE_ERROR: You have an error in your SQL syntax; check the manual that corresponds to your MySQL server version for the right syntax to use near '' at line 1
[2019-12-13T15:07:00.158] [ERROR] default - QueryError: ER_PARSE_ERROR: You have an error in your SQL syntax; check the manual that corresponds to your MySQL server version for the right syntax to use near '' at line 1
[2019-12-13T15:07:00.163] [ERROR] default - QueryError: ER_PARSE_ERROR: You have an error in your SQL syntax; check the manual that corresponds to your MySQL server version for the right syntax to use near '' at line 1
[2019-12-13T15:07:00.217] [ERROR] default - QueryError: ER_PARSE_ERROR: You have an error in your SQL syntax; check the manual that corresponds to your MySQL server version for the right syntax to use near '' at line 1
[2019-12-13T15:07:00.254] [ERROR] default - QueryError: ER_PARSE_ERROR: You have an error in your SQL syntax; check the manual that corresponds to your MySQL server version for the right syntax to use near '' at line 1
[2019-12-13T15:07:00.283] [ERROR] default - QueryError: ER_PARSE_ERROR: You have an error in your SQL syntax; check the manual that corresponds to your MySQL server version for the right syntax to use near '' at line 1
[2019-12-13T15:07:00.284] [ERROR] default - QueryError: ER_PARSE_ERROR: You have an error in your SQL syntax; check the manual that corresponds to your MySQL server version for the right syntax to use near '' at line 1
[2019-12-13T15:07:00.286] [ERROR] default - QueryError: ER_PARSE_ERROR: You have an error in your SQL syntax; check the manual that corresponds to your MySQL server version for the right syntax to use near '' at line 1
[2019-12-13T15:07:00.288] [ERROR] default - QueryError: ER_PARSE_ERROR: You have an error in your SQL syntax; check the manual that corresponds to your MySQL server version for the right syntax to use near '' at line 1
[2019-12-13T15:07:00.300] [ERROR] default - QueryError: ER_PARSE_ERROR: You have an error in your SQL syntax; check the manual that corresponds to your MySQL server version for the right syntax to use near '' at line 1
[2019-12-13T15:07:00.325] [ERROR] default - QueryError: ER_PARSE_ERROR: You have an error in your SQL syntax; check the manual that corresponds to your MySQL server version for the right syntax to use near '' at line 1
[2019-12-13T15:07:00.360] [ERROR] default - QueryError: ER_PARSE_ERROR: You have an error in your SQL syntax; check the manual that corresponds to your MySQL server version for the right syntax to use near '' at line 1
[2019-12-13T15:07:00.369] [ERROR] default - QueryError: ER_PARSE_ERROR: You have an error in your SQL syntax; check the manual that corresponds to your MySQL server version for the right syntax to use near '' at line 1
[2019-12-13T15:07:00.404] [ERROR] default - QueryError: ER_PARSE_ERROR: You have an error in your SQL syntax; check the manual that corresponds to your MySQL server version for the right syntax to use near '' at line 1
[2019-12-13T15:07:00.405] [ERROR] default - QueryError: ER_PARSE_ERROR: You have an error in your SQL syntax; check the manual that corresponds to your MySQL server version for the right syntax to use near '' at line 1
[2019-12-13T15:07:00.442] [ERROR] default - QueryError: ER_PARSE_ERROR: You have an error in your SQL syntax; check the manual that corresponds to your MySQL server version for the right syntax to use near '' at line 1
[2019-12-13T15:07:00.471] [ERROR] default - QueryError: ER_PARSE_ERROR: You have an error in your SQL syntax; check the manual that corresponds to your MySQL server version for the right syntax to use near '' at line 1
[2019-12-13T15:07:00.476] [ERROR] default - QueryError: ER_PARSE_ERROR: You have an error in your SQL syntax; check the manual that corresponds to your MySQL server version for the right syntax to use near '' at line 1
[2019-12-13T15:07:00.582] [ERROR] default - QueryError: ER_PARSE_ERROR: You have an error in your SQL syntax; check the manual that corresponds to your MySQL server version for the right syntax to use near '' at line 1
[2019-12-13T15:07:00.590] [ERROR] default - QueryError: ER_PARSE_ERROR: You have an error in your SQL syntax; check the manual that corresponds to your MySQL server version for the right syntax to use near '' at line 1
[2019-12-13T15:07:00.603] [ERROR] default - QueryError: ER_PARSE_ERROR: You have an error in your SQL syntax; check the manual that corresponds to your MySQL server version for the right syntax to use near '' at line 1
[2019-12-13T15:07:00.633] [ERROR] default - QueryError: ER_PARSE_ERROR: You have an error in your SQL syntax; check the manual that corresponds to your MySQL server version for the right syntax to use near '' at line 1
[2019-12-13T15:07:00.646] [ERROR] default - QueryError: ER_PARSE_ERROR: You have an error in your SQL syntax; check the manual that corresponds to your MySQL server version for the right syntax to use near '' at line 1
[2019-12-13T15:07:00.677] [ERROR] default - QueryError: ER_PARSE_ERROR: You have an error in your SQL syntax; check the manual that corresponds to your MySQL server version for the right syntax to use near '' at line 1
[2019-12-13T15:07:00.704] [ERROR] default - QueryError: ER_PARSE_ERROR: You have an error in your SQL syntax; check the manual that corresponds to your MySQL server version for the right syntax to use near '' at line 1
[2019-12-13T15:07:00.776] [ERROR] default - QueryError: ER_PARSE_ERROR: You have an error in your SQL syntax; check the manual that corresponds to your MySQL server version for the right syntax to use near '' at line 1
[2019-12-13T15:07:00.807] [ERROR] default - QueryError: ER_PARSE_ERROR: You have an error in your SQL syntax; check the manual that corresponds to your MySQL server version for the right syntax to use near '' at line 1
[2019-12-13T15:07:00.818] [ERROR] default - QueryError: ER_PARSE_ERROR: You have an error in your SQL syntax; check the manual that corresponds to your MySQL server version for the right syntax to use near '' at line 1
[2019-12-13T15:07:00.859] [ERROR] default - QueryError: ER_PARSE_ERROR: You have an error in your SQL syntax; check the manual that corresponds to your MySQL server version for the right syntax to use near '' at line 1
[2019-12-13T15:07:00.862] [ERROR] default - QueryError: ER_PARSE_ERROR: You have an error in your SQL syntax; check the manual that corresponds to your MySQL server version for the right syntax to use near '' at line 1
[2019-12-13T15:07:00.875] [ERROR] default - QueryError: ER_PARSE_ERROR: You have an error in your SQL syntax; check the manual that corresponds to your MySQL server version for the right syntax to use near '' at line 1
[2019-12-13T15:07:00.880] [ERROR] default - QueryError: ER_PARSE_ERROR: You have an error in your SQL syntax; check the manual that corresponds to your MySQL server version for the right syntax to use near '' at line 1
[2019-12-13T15:07:00.900] [ERROR] default - QueryError: ER_PARSE_ERROR: You have an error in your SQL syntax; check the manual that corresponds to your MySQL server version for the right syntax to use near '' at line 1
[2019-12-13T15:07:00.910] [ERROR] default - QueryError: ER_PARSE_ERROR: You have an error in your SQL syntax; check the manual that corresponds to your MySQL server version for the right syntax to use near '' at line 1
[2019-12-13T15:07:00.918] [ERROR] default - QueryError: ER_PARSE_ERROR: You have an error in your SQL syntax; check the manual that corresponds to your MySQL server version for the right syntax to use near '' at line 1
[2019-12-13T15:07:00.922] [ERROR] default - QueryError: ER_PARSE_ERROR: You have an error in your SQL syntax; check the manual that corresponds to your MySQL server version for the right syntax to use near '' at line 1
[2019-12-13T15:07:00.941] [ERROR] default - QueryError: ER_PARSE_ERROR: You have an error in your SQL syntax; check the manual that corresponds to your MySQL server version for the right syntax to use near '' at line 1
[2019-12-13T15:07:00.975] [ERROR] default - QueryError: ER_PARSE_ERROR: You have an error in your SQL syntax; check the manual that corresponds to your MySQL server version for the right syntax to use near '' at line 1
[2019-12-13T15:07:00.979] [ERROR] default - QueryError: ER_PARSE_ERROR: You have an error in your SQL syntax; check the manual that corresponds to your MySQL server version for the right syntax to use near '' at line 1
[2019-12-13T15:07:00.981] [ERROR] default - QueryError: ER_PARSE_ERROR: You have an error in your SQL syntax; check the manual that corresponds to your MySQL server version for the right syntax to use near '' at line 1
[2019-12-13T15:07:01.010] [ERROR] default - QueryError: ER_PARSE_ERROR: You have an error in your SQL syntax; check the manual that corresponds to your MySQL server version for the right syntax to use near '' at line 1
[2019-12-13T15:07:01.018] [ERROR] default - QueryError: ER_PARSE_ERROR: You have an error in your SQL syntax; check the manual that corresponds to your MySQL server version for the right syntax to use near '' at line 1
[2019-12-13T15:07:01.037] [ERROR] default - QueryError: ER_PARSE_ERROR: You have an error in your SQL syntax; check the manual that corresponds to your MySQL server version for the right syntax to use near '' at line 1
[2019-12-13T15:07:01.058] [ERROR] default - QueryError: ER_PARSE_ERROR: You have an error in your SQL syntax; check the manual that corresponds to your MySQL server version for the right syntax to use near '' at line 1
[2019-12-13T15:07:01.066] [ERROR] default - QueryError: ER_PARSE_ERROR: You have an error in your SQL syntax; check the manual that corresponds to your MySQL server version for the right syntax to use near '' at line 1
[2019-12-13T15:07:01.095] [ERROR] default - QueryError: ER_PARSE_ERROR: You have an error in your SQL syntax; check the manual that corresponds to your MySQL server version for the right syntax to use near '' at line 1
[2019-12-13T15:07:01.100] [ERROR] default - QueryError: ER_PARSE_ERROR: You have an error in your SQL syntax; check the manual that corresponds to your MySQL server version for the right syntax to use near '' at line 1
[2019-12-13T15:07:01.169] [ERROR] default - QueryError: ER_PARSE_ERROR: You have an error in your SQL syntax; check the manual that corresponds to your MySQL server version for the right syntax to use near '' at line 1
[2019-12-13T15:07:01.173] [ERROR] default - QueryError: ER_PARSE_ERROR: You have an error in your SQL syntax; check the manual that corresponds to your MySQL server version for the right syntax to use near '' at line 1
[2019-12-13T15:07:01.179] [ERROR] default - QueryError: ER_PARSE_ERROR: You have an error in your SQL syntax; check the manual that corresponds to your MySQL server version for the right syntax to use near '' at line 1
[2019-12-13T15:07:01.214] [ERROR] default - QueryError: ER_PARSE_ERROR: You have an error in your SQL syntax; check the manual that corresponds to your MySQL server version for the right syntax to use near '' at line 1
[2019-12-13T15:07:01.224] [ERROR] default - QueryError: ER_PARSE_ERROR: You have an error in your SQL syntax; check the manual that corresponds to your MySQL server version for the right syntax to use near '' at line 1
[2019-12-13T15:07:01.230] [ERROR] default - QueryError: ER_PARSE_ERROR: You have an error in your SQL syntax; check the manual that corresponds to your MySQL server version for the right syntax to use near '' at line 1
[2019-12-13T15:07:01.287] [ERROR] default - QueryError: ER_PARSE_ERROR: You have an error in your SQL syntax; check the manual that corresponds to your MySQL server version for the right syntax to use near '' at line 1
[2019-12-13T15:10:26.447] [DEBUG] default - URL: /api/pub/labels Method: GET Status: 200 Body: {} Authorization: null User-Agent: Mozilla/5.0 (X11; Linux x86_64) AppleWebKit/537.36 (KHTML, like Gecko) Chrome/79.0.3945.79 Safari/537.36
[2019-12-13T15:10:26.519] [DEBUG] default - URL: /api/pub/articles/list Method: GET Status: 200 Body: {} Authorization: null User-Agent: Mozilla/5.0 (X11; Linux x86_64) AppleWebKit/537.36 (KHTML, like Gecko) Chrome/79.0.3945.79 Safari/537.36
[2019-12-13T15:10:43.800] [DEBUG] default - URL: /api/pub/labels Method: GET Status: 200 Body: {} Authorization: null User-Agent: Mozilla/5.0 (X11; Linux x86_64) AppleWebKit/537.36 (KHTML, like Gecko) Chrome/79.0.3945.79 Safari/537.36
[2019-12-13T15:10:43.894] [DEBUG] default - URL: /api/pub/articles/list Method: GET Status: 200 Body: {} Authorization: null User-Agent: Mozilla/5.0 (X11; Linux x86_64) AppleWebKit/537.36 (KHTML, like Gecko) Chrome/79.0.3945.79 Safari/537.36
[2019-12-13T15:10:47.511] [DEBUG] default - URL: /api/pub/labels Method: GET Status: 200 Body: {} Authorization: null User-Agent: Mozilla/5.0 (X11; Linux x86_64) AppleWebKit/537.36 (KHTML, like Gecko) Chrome/79.0.3945.79 Safari/537.36
[2019-12-13T15:10:47.566] [DEBUG] default - URL: /api/pub/articles/list Method: GET Status: 200 Body: {} Authorization: null User-Agent: Mozilla/5.0 (X11; Linux x86_64) AppleWebKit/537.36 (KHTML, like Gecko) Chrome/79.0.3945.79 Safari/537.36
[2019-12-13T15:11:15.949] [DEBUG] default - URL: /api/pub/register Method: POST Status: 201 Body: {"password":"81dc9bdb52d04dc20036dbd8313ed055","email":"doforce@126.com"} Authorization: null User-Agent: Mozilla/5.0 (X11; Linux x86_64) AppleWebKit/537.36 (KHTML, like Gecko) Chrome/79.0.3945.79 Safari/537.36
[2019-12-13T15:11:18.423] [DEBUG] default - URL: /api/pub/login Method: POST Status: 201 Body: {"email":"doforce@126.com","password":"1234"} Authorization: null User-Agent: Mozilla/5.0 (X11; Linux x86_64) AppleWebKit/537.36 (KHTML, like Gecko) Chrome/79.0.3945.79 Safari/537.36
[2019-12-13T15:11:35.134] [DEBUG] default - URL: /api/comment/list Method: GET Status: 200 Body: {} Authorization: Bearer eyJhbGciOiJIUzI1NiIsInR5cCI6IkpXVCJ9.eyJpZCI6MSwiaWF0IjoxNTc2MjIxMDc4LCJleHAiOjE1NzY4MjU4Nzh9.M0WPtnh1TpZX3KSTgFeuaYqWNaEBLjIIsTWDH8gRwxQ User-Agent: Mozilla/5.0 (X11; Linux x86_64) AppleWebKit/537.36 (KHTML, like Gecko) Chrome/79.0.3945.79 Safari/537.36
[2019-12-13T15:11:37.175] [DEBUG] default - URL: /api/pub/articles/list Method: GET Status: 200 Body: {} Authorization: Bearer eyJhbGciOiJIUzI1NiIsInR5cCI6IkpXVCJ9.eyJpZCI6MSwiaWF0IjoxNTc2MjIxMDc4LCJleHAiOjE1NzY4MjU4Nzh9.M0WPtnh1TpZX3KSTgFeuaYqWNaEBLjIIsTWDH8gRwxQ User-Agent: Mozilla/5.0 (X11; Linux x86_64) AppleWebKit/537.36 (KHTML, like Gecko) Chrome/79.0.3945.79 Safari/537.36
[2019-12-13T15:11:42.085] [DEBUG] default - URL: /api/comment/list Method: GET Status: 200 Body: {} Authorization: Bearer eyJhbGciOiJIUzI1NiIsInR5cCI6IkpXVCJ9.eyJpZCI6MSwiaWF0IjoxNTc2MjIxMDc4LCJleHAiOjE1NzY4MjU4Nzh9.M0WPtnh1TpZX3KSTgFeuaYqWNaEBLjIIsTWDH8gRwxQ User-Agent: Mozilla/5.0 (X11; Linux x86_64) AppleWebKit/537.36 (KHTML, like Gecko) Chrome/79.0.3945.79 Safari/537.36
[2019-12-13T15:11:43.945] [DEBUG] default - URL: /api/pub/articles/list Method: GET Status: 200 Body: {} Authorization: Bearer eyJhbGciOiJIUzI1NiIsInR5cCI6IkpXVCJ9.eyJpZCI6MSwiaWF0IjoxNTc2MjIxMDc4LCJleHAiOjE1NzY4MjU4Nzh9.M0WPtnh1TpZX3KSTgFeuaYqWNaEBLjIIsTWDH8gRwxQ User-Agent: Mozilla/5.0 (X11; Linux x86_64) AppleWebKit/537.36 (KHTML, like Gecko) Chrome/79.0.3945.79 Safari/537.36
[2019-12-13T15:11:45.084] [DEBUG] default - URL: /api/comment/list Method: GET Status: 200 Body: {} Authorization: Bearer eyJhbGciOiJIUzI1NiIsInR5cCI6IkpXVCJ9.eyJpZCI6MSwiaWF0IjoxNTc2MjIxMDc4LCJleHAiOjE1NzY4MjU4Nzh9.M0WPtnh1TpZX3KSTgFeuaYqWNaEBLjIIsTWDH8gRwxQ User-Agent: Mozilla/5.0 (X11; Linux x86_64) AppleWebKit/537.36 (KHTML, like Gecko) Chrome/79.0.3945.79 Safari/537.36
[2019-12-13T15:11:46.867] [DEBUG] default - URL: /api/pub/articles/list Method: GET Status: 200 Body: {} Authorization: Bearer eyJhbGciOiJIUzI1NiIsInR5cCI6IkpXVCJ9.eyJpZCI6MSwiaWF0IjoxNTc2MjIxMDc4LCJleHAiOjE1NzY4MjU4Nzh9.M0WPtnh1TpZX3KSTgFeuaYqWNaEBLjIIsTWDH8gRwxQ User-Agent: Mozilla/5.0 (X11; Linux x86_64) AppleWebKit/537.36 (KHTML, like Gecko) Chrome/79.0.3945.79 Safari/537.36
[2019-12-13T15:11:48.054] [DEBUG] default - URL: /api/comment/list Method: GET Status: 200 Body: {} Authorization: Bearer eyJhbGciOiJIUzI1NiIsInR5cCI6IkpXVCJ9.eyJpZCI6MSwiaWF0IjoxNTc2MjIxMDc4LCJleHAiOjE1NzY4MjU4Nzh9.M0WPtnh1TpZX3KSTgFeuaYqWNaEBLjIIsTWDH8gRwxQ User-Agent: Mozilla/5.0 (X11; Linux x86_64) AppleWebKit/537.36 (KHTML, like Gecko) Chrome/79.0.3945.79 Safari/537.36
[2019-12-13T15:11:50.362] [DEBUG] default - URL: /api/pub/articles/list Method: GET Status: 200 Body: {} Authorization: Bearer eyJhbGciOiJIUzI1NiIsInR5cCI6IkpXVCJ9.eyJpZCI6MSwiaWF0IjoxNTc2MjIxMDc4LCJleHAiOjE1NzY4MjU4Nzh9.M0WPtnh1TpZX3KSTgFeuaYqWNaEBLjIIsTWDH8gRwxQ User-Agent: Mozilla/5.0 (X11; Linux x86_64) AppleWebKit/537.36 (KHTML, like Gecko) Chrome/79.0.3945.79 Safari/537.36
[2019-12-13T15:11:51.305] [DEBUG] default - URL: /api/comment/list Method: GET Status: 200 Body: {} Authorization: Bearer eyJhbGciOiJIUzI1NiIsInR5cCI6IkpXVCJ9.eyJpZCI6MSwiaWF0IjoxNTc2MjIxMDc4LCJleHAiOjE1NzY4MjU4Nzh9.M0WPtnh1TpZX3KSTgFeuaYqWNaEBLjIIsTWDH8gRwxQ User-Agent: Mozilla/5.0 (X11; Linux x86_64) AppleWebKit/537.36 (KHTML, like Gecko) Chrome/79.0.3945.79 Safari/537.36
[2019-12-13T15:11:52.392] [DEBUG] default - URL: /api/pub/articles/list Method: GET Status: 200 Body: {} Authorization: Bearer eyJhbGciOiJIUzI1NiIsInR5cCI6IkpXVCJ9.eyJpZCI6MSwiaWF0IjoxNTc2MjIxMDc4LCJleHAiOjE1NzY4MjU4Nzh9.M0WPtnh1TpZX3KSTgFeuaYqWNaEBLjIIsTWDH8gRwxQ User-Agent: Mozilla/5.0 (X11; Linux x86_64) AppleWebKit/537.36 (KHTML, like Gecko) Chrome/79.0.3945.79 Safari/537.36
[2019-12-13T15:11:53.390] [DEBUG] default - URL: /api/comment/list Method: GET Status: 200 Body: {} Authorization: Bearer eyJhbGciOiJIUzI1NiIsInR5cCI6IkpXVCJ9.eyJpZCI6MSwiaWF0IjoxNTc2MjIxMDc4LCJleHAiOjE1NzY4MjU4Nzh9.M0WPtnh1TpZX3KSTgFeuaYqWNaEBLjIIsTWDH8gRwxQ User-Agent: Mozilla/5.0 (X11; Linux x86_64) AppleWebKit/537.36 (KHTML, like Gecko) Chrome/79.0.3945.79 Safari/537.36
[2019-12-13T15:11:54.407] [DEBUG] default - URL: /api/pub/articles/list Method: GET Status: 200 Body: {} Authorization: Bearer eyJhbGciOiJIUzI1NiIsInR5cCI6IkpXVCJ9.eyJpZCI6MSwiaWF0IjoxNTc2MjIxMDc4LCJleHAiOjE1NzY4MjU4Nzh9.M0WPtnh1TpZX3KSTgFeuaYqWNaEBLjIIsTWDH8gRwxQ User-Agent: Mozilla/5.0 (X11; Linux x86_64) AppleWebKit/537.36 (KHTML, like Gecko) Chrome/79.0.3945.79 Safari/537.36
[2019-12-13T15:11:55.377] [DEBUG] default - URL: /api/comment/list Method: GET Status: 200 Body: {} Authorization: Bearer eyJhbGciOiJIUzI1NiIsInR5cCI6IkpXVCJ9.eyJpZCI6MSwiaWF0IjoxNTc2MjIxMDc4LCJleHAiOjE1NzY4MjU4Nzh9.M0WPtnh1TpZX3KSTgFeuaYqWNaEBLjIIsTWDH8gRwxQ User-Agent: Mozilla/5.0 (X11; Linux x86_64) AppleWebKit/537.36 (KHTML, like Gecko) Chrome/79.0.3945.79 Safari/537.36
[2019-12-13T15:11:56.511] [DEBUG] default - URL: /api/pub/articles/list Method: GET Status: 200 Body: {} Authorization: Bearer eyJhbGciOiJIUzI1NiIsInR5cCI6IkpXVCJ9.eyJpZCI6MSwiaWF0IjoxNTc2MjIxMDc4LCJleHAiOjE1NzY4MjU4Nzh9.M0WPtnh1TpZX3KSTgFeuaYqWNaEBLjIIsTWDH8gRwxQ User-Agent: Mozilla/5.0 (X11; Linux x86_64) AppleWebKit/537.36 (KHTML, like Gecko) Chrome/79.0.3945.79 Safari/537.36
[2019-12-13T15:11:57.478] [DEBUG] default - URL: /api/comment/list Method: GET Status: 200 Body: {} Authorization: Bearer eyJhbGciOiJIUzI1NiIsInR5cCI6IkpXVCJ9.eyJpZCI6MSwiaWF0IjoxNTc2MjIxMDc4LCJleHAiOjE1NzY4MjU4Nzh9.M0WPtnh1TpZX3KSTgFeuaYqWNaEBLjIIsTWDH8gRwxQ User-Agent: Mozilla/5.0 (X11; Linux x86_64) AppleWebKit/537.36 (KHTML, like Gecko) Chrome/79.0.3945.79 Safari/537.36
[2019-12-13T15:12:02.568] [DEBUG] default - URL: /api/pub/articles/list Method: GET Status: 200 Body: {} Authorization: Bearer eyJhbGciOiJIUzI1NiIsInR5cCI6IkpXVCJ9.eyJpZCI6MSwiaWF0IjoxNTc2MjIxMDc4LCJleHAiOjE1NzY4MjU4Nzh9.M0WPtnh1TpZX3KSTgFeuaYqWNaEBLjIIsTWDH8gRwxQ User-Agent: Mozilla/5.0 (X11; Linux x86_64) AppleWebKit/537.36 (KHTML, like Gecko) Chrome/79.0.3945.79 Safari/537.36
[2019-12-13T15:12:03.618] [DEBUG] default - URL: /api/comment/list Method: GET Status: 200 Body: {} Authorization: Bearer eyJhbGciOiJIUzI1NiIsInR5cCI6IkpXVCJ9.eyJpZCI6MSwiaWF0IjoxNTc2MjIxMDc4LCJleHAiOjE1NzY4MjU4Nzh9.M0WPtnh1TpZX3KSTgFeuaYqWNaEBLjIIsTWDH8gRwxQ User-Agent: Mozilla/5.0 (X11; Linux x86_64) AppleWebKit/537.36 (KHTML, like Gecko) Chrome/79.0.3945.79 Safari/537.36
[2019-12-13T15:12:48.833] [DEBUG] default - URL: /api/pub/articles/list Method: GET Status: 200 Body: {} Authorization: Bearer eyJhbGciOiJIUzI1NiIsInR5cCI6IkpXVCJ9.eyJpZCI6MSwiaWF0IjoxNTc2MjIxMDc4LCJleHAiOjE1NzY4MjU4Nzh9.M0WPtnh1TpZX3KSTgFeuaYqWNaEBLjIIsTWDH8gRwxQ User-Agent: Mozilla/5.0 (X11; Linux x86_64) AppleWebKit/537.36 (KHTML, like Gecko) Chrome/79.0.3945.79 Safari/537.36
[2019-12-13T15:12:49.949] [DEBUG] default - URL: /api/comment/list Method: GET Status: 200 Body: {} Authorization: Bearer eyJhbGciOiJIUzI1NiIsInR5cCI6IkpXVCJ9.eyJpZCI6MSwiaWF0IjoxNTc2MjIxMDc4LCJleHAiOjE1NzY4MjU4Nzh9.M0WPtnh1TpZX3KSTgFeuaYqWNaEBLjIIsTWDH8gRwxQ User-Agent: Mozilla/5.0 (X11; Linux x86_64) AppleWebKit/537.36 (KHTML, like Gecko) Chrome/79.0.3945.79 Safari/537.36
[2019-12-13T15:12:51.136] [DEBUG] default - URL: /api/pub/articles/list Method: GET Status: 200 Body: {} Authorization: Bearer eyJhbGciOiJIUzI1NiIsInR5cCI6IkpXVCJ9.eyJpZCI6MSwiaWF0IjoxNTc2MjIxMDc4LCJleHAiOjE1NzY4MjU4Nzh9.M0WPtnh1TpZX3KSTgFeuaYqWNaEBLjIIsTWDH8gRwxQ User-Agent: Mozilla/5.0 (X11; Linux x86_64) AppleWebKit/537.36 (KHTML, like Gecko) Chrome/79.0.3945.79 Safari/537.36
[2019-12-13T15:12:52.175] [DEBUG] default - URL: /api/comment/list Method: GET Status: 200 Body: {} Authorization: Bearer eyJhbGciOiJIUzI1NiIsInR5cCI6IkpXVCJ9.eyJpZCI6MSwiaWF0IjoxNTc2MjIxMDc4LCJleHAiOjE1NzY4MjU4Nzh9.M0WPtnh1TpZX3KSTgFeuaYqWNaEBLjIIsTWDH8gRwxQ User-Agent: Mozilla/5.0 (X11; Linux x86_64) AppleWebKit/537.36 (KHTML, like Gecko) Chrome/79.0.3945.79 Safari/537.36
[2019-12-13T15:12:53.308] [DEBUG] default - URL: /api/pub/articles/list Method: GET Status: 200 Body: {} Authorization: Bearer eyJhbGciOiJIUzI1NiIsInR5cCI6IkpXVCJ9.eyJpZCI6MSwiaWF0IjoxNTc2MjIxMDc4LCJleHAiOjE1NzY4MjU4Nzh9.M0WPtnh1TpZX3KSTgFeuaYqWNaEBLjIIsTWDH8gRwxQ User-Agent: Mozilla/5.0 (X11; Linux x86_64) AppleWebKit/537.36 (KHTML, like Gecko) Chrome/79.0.3945.79 Safari/537.36
[2019-12-13T15:12:53.961] [DEBUG] default - URL: /api/comment/list Method: GET Status: 200 Body: {} Authorization: Bearer eyJhbGciOiJIUzI1NiIsInR5cCI6IkpXVCJ9.eyJpZCI6MSwiaWF0IjoxNTc2MjIxMDc4LCJleHAiOjE1NzY4MjU4Nzh9.M0WPtnh1TpZX3KSTgFeuaYqWNaEBLjIIsTWDH8gRwxQ User-Agent: Mozilla/5.0 (X11; Linux x86_64) AppleWebKit/537.36 (KHTML, like Gecko) Chrome/79.0.3945.79 Safari/537.36
[2019-12-13T15:14:30.680] [DEBUG] default - URL: /api/comment/list Method: GET Status: 200 Body: {} Authorization: Bearer eyJhbGciOiJIUzI1NiIsInR5cCI6IkpXVCJ9.eyJpZCI6MSwiaWF0IjoxNTc2MjIxMDc4LCJleHAiOjE1NzY4MjU4Nzh9.M0WPtnh1TpZX3KSTgFeuaYqWNaEBLjIIsTWDH8gRwxQ User-Agent: Mozilla/5.0 (X11; Linux x86_64) AppleWebKit/537.36 (KHTML, like Gecko) Chrome/79.0.3945.79 Safari/537.36
[2019-12-13T15:16:30.862] [DEBUG] default - URL: /api/comment/list Method: GET Status: 200 Body: {} Authorization: Bearer eyJhbGciOiJIUzI1NiIsInR5cCI6IkpXVCJ9.eyJpZCI6MSwiaWF0IjoxNTc2MjIxMDc4LCJleHAiOjE1NzY4MjU4Nzh9.M0WPtnh1TpZX3KSTgFeuaYqWNaEBLjIIsTWDH8gRwxQ User-Agent: Mozilla/5.0 (X11; Linux x86_64) AppleWebKit/537.36 (KHTML, like Gecko) Chrome/79.0.3945.79 Safari/537.36
[2019-12-13T15:16:43.436] [DEBUG] default - URL: /api/comment/list Method: GET Status: 200 Body: {} Authorization: Bearer eyJhbGciOiJIUzI1NiIsInR5cCI6IkpXVCJ9.eyJpZCI6MSwiaWF0IjoxNTc2MjIxMDc4LCJleHAiOjE1NzY4MjU4Nzh9.M0WPtnh1TpZX3KSTgFeuaYqWNaEBLjIIsTWDH8gRwxQ User-Agent: Mozilla/5.0 (X11; Linux x86_64) AppleWebKit/537.36 (KHTML, like Gecko) Chrome/79.0.3945.79 Safari/537.36
[2019-12-13T15:16:46.191] [DEBUG] default - URL: /api/pub/articles/list Method: GET Status: 200 Body: {} Authorization: Bearer eyJhbGciOiJIUzI1NiIsInR5cCI6IkpXVCJ9.eyJpZCI6MSwiaWF0IjoxNTc2MjIxMDc4LCJleHAiOjE1NzY4MjU4Nzh9.M0WPtnh1TpZX3KSTgFeuaYqWNaEBLjIIsTWDH8gRwxQ User-Agent: Mozilla/5.0 (X11; Linux x86_64) AppleWebKit/537.36 (KHTML, like Gecko) Chrome/79.0.3945.79 Safari/537.36
[2019-12-13T15:16:47.242] [DEBUG] default - URL: /api/comment/list Method: GET Status: 200 Body: {} Authorization: Bearer eyJhbGciOiJIUzI1NiIsInR5cCI6IkpXVCJ9.eyJpZCI6MSwiaWF0IjoxNTc2MjIxMDc4LCJleHAiOjE1NzY4MjU4Nzh9.M0WPtnh1TpZX3KSTgFeuaYqWNaEBLjIIsTWDH8gRwxQ User-Agent: Mozilla/5.0 (X11; Linux x86_64) AppleWebKit/537.36 (KHTML, like Gecko) Chrome/79.0.3945.79 Safari/537.36
[2019-12-13T15:16:48.599] [DEBUG] default - URL: /api/pub/articles/list Method: GET Status: 200 Body: {} Authorization: Bearer eyJhbGciOiJIUzI1NiIsInR5cCI6IkpXVCJ9.eyJpZCI6MSwiaWF0IjoxNTc2MjIxMDc4LCJleHAiOjE1NzY4MjU4Nzh9.M0WPtnh1TpZX3KSTgFeuaYqWNaEBLjIIsTWDH8gRwxQ User-Agent: Mozilla/5.0 (X11; Linux x86_64) AppleWebKit/537.36 (KHTML, like Gecko) Chrome/79.0.3945.79 Safari/537.36
[2019-12-13T15:16:49.452] [DEBUG] default - URL: /api/comment/list Method: GET Status: 200 Body: {} Authorization: Bearer eyJhbGciOiJIUzI1NiIsInR5cCI6IkpXVCJ9.eyJpZCI6MSwiaWF0IjoxNTc2MjIxMDc4LCJleHAiOjE1NzY4MjU4Nzh9.M0WPtnh1TpZX3KSTgFeuaYqWNaEBLjIIsTWDH8gRwxQ User-Agent: Mozilla/5.0 (X11; Linux x86_64) AppleWebKit/537.36 (KHTML, like Gecko) Chrome/79.0.3945.79 Safari/537.36
[2019-12-13T15:16:50.651] [DEBUG] default - URL: /api/pub/articles/list Method: GET Status: 200 Body: {} Authorization: Bearer eyJhbGciOiJIUzI1NiIsInR5cCI6IkpXVCJ9.eyJpZCI6MSwiaWF0IjoxNTc2MjIxMDc4LCJleHAiOjE1NzY4MjU4Nzh9.M0WPtnh1TpZX3KSTgFeuaYqWNaEBLjIIsTWDH8gRwxQ User-Agent: Mozilla/5.0 (X11; Linux x86_64) AppleWebKit/537.36 (KHTML, like Gecko) Chrome/79.0.3945.79 Safari/537.36
[2019-12-13T15:16:51.721] [DEBUG] default - URL: /api/comment/list Method: GET Status: 200 Body: {} Authorization: Bearer eyJhbGciOiJIUzI1NiIsInR5cCI6IkpXVCJ9.eyJpZCI6MSwiaWF0IjoxNTc2MjIxMDc4LCJleHAiOjE1NzY4MjU4Nzh9.M0WPtnh1TpZX3KSTgFeuaYqWNaEBLjIIsTWDH8gRwxQ User-Agent: Mozilla/5.0 (X11; Linux x86_64) AppleWebKit/537.36 (KHTML, like Gecko) Chrome/79.0.3945.79 Safari/537.36
[2019-12-13T15:16:55.486] [DEBUG] default - URL: /api/comment/list Method: GET Status: 200 Body: {} Authorization: Bearer eyJhbGciOiJIUzI1NiIsInR5cCI6IkpXVCJ9.eyJpZCI6MSwiaWF0IjoxNTc2MjIxMDc4LCJleHAiOjE1NzY4MjU4Nzh9.M0WPtnh1TpZX3KSTgFeuaYqWNaEBLjIIsTWDH8gRwxQ User-Agent: Mozilla/5.0 (X11; Linux x86_64) AppleWebKit/537.36 (KHTML, like Gecko) Chrome/79.0.3945.79 Safari/537.36
[2019-12-13T15:17:11.845] [DEBUG] default - URL: /api/pub/articles/list Method: GET Status: 200 Body: {} Authorization: Bearer eyJhbGciOiJIUzI1NiIsInR5cCI6IkpXVCJ9.eyJpZCI6MSwiaWF0IjoxNTc2MjIxMDc4LCJleHAiOjE1NzY4MjU4Nzh9.M0WPtnh1TpZX3KSTgFeuaYqWNaEBLjIIsTWDH8gRwxQ User-Agent: Mozilla/5.0 (X11; Linux x86_64) AppleWebKit/537.36 (KHTML, like Gecko) Chrome/79.0.3945.79 Safari/537.36
[2019-12-13T15:17:13.277] [DEBUG] default - URL: /api/comment/list Method: GET Status: 200 Body: {} Authorization: Bearer eyJhbGciOiJIUzI1NiIsInR5cCI6IkpXVCJ9.eyJpZCI6MSwiaWF0IjoxNTc2MjIxMDc4LCJleHAiOjE1NzY4MjU4Nzh9.M0WPtnh1TpZX3KSTgFeuaYqWNaEBLjIIsTWDH8gRwxQ User-Agent: Mozilla/5.0 (X11; Linux x86_64) AppleWebKit/537.36 (KHTML, like Gecko) Chrome/79.0.3945.79 Safari/537.36
[2019-12-13T15:21:29.329] [DEBUG] default - URL: /api/comment/list Method: GET Status: 200 Body: {} Authorization: Bearer eyJhbGciOiJIUzI1NiIsInR5cCI6IkpXVCJ9.eyJpZCI6MSwiaWF0IjoxNTc2MjIxMDc4LCJleHAiOjE1NzY4MjU4Nzh9.M0WPtnh1TpZX3KSTgFeuaYqWNaEBLjIIsTWDH8gRwxQ User-Agent: Mozilla/5.0 (X11; Linux x86_64) AppleWebKit/537.36 (KHTML, like Gecko) Chrome/79.0.3945.79 Safari/537.36
[2019-12-13T15:21:56.452] [DEBUG] default - URL: /api/comment/list Method: GET Status: 200 Body: {} Authorization: Bearer eyJhbGciOiJIUzI1NiIsInR5cCI6IkpXVCJ9.eyJpZCI6MSwiaWF0IjoxNTc2MjIxMDc4LCJleHAiOjE1NzY4MjU4Nzh9.M0WPtnh1TpZX3KSTgFeuaYqWNaEBLjIIsTWDH8gRwxQ User-Agent: Mozilla/5.0 (X11; Linux x86_64) AppleWebKit/537.36 (KHTML, like Gecko) Chrome/79.0.3945.79 Safari/537.36
[2019-12-13T15:22:06.986] [DEBUG] default - URL: /api/comment/list Method: GET Status: 200 Body: {} Authorization: Bearer eyJhbGciOiJIUzI1NiIsInR5cCI6IkpXVCJ9.eyJpZCI6MSwiaWF0IjoxNTc2MjIxMDc4LCJleHAiOjE1NzY4MjU4Nzh9.M0WPtnh1TpZX3KSTgFeuaYqWNaEBLjIIsTWDH8gRwxQ User-Agent: Mozilla/5.0 (X11; Linux x86_64) AppleWebKit/537.36 (KHTML, like Gecko) Chrome/79.0.3945.79 Safari/537.36
[2019-12-13T15:22:07.211] [DEBUG] default - URL: /api/comment/list Method: GET Status: 200 Body: {} Authorization: Bearer eyJhbGciOiJIUzI1NiIsInR5cCI6IkpXVCJ9.eyJpZCI6MSwiaWF0IjoxNTc2MjIxMDc4LCJleHAiOjE1NzY4MjU4Nzh9.M0WPtnh1TpZX3KSTgFeuaYqWNaEBLjIIsTWDH8gRwxQ User-Agent: Mozilla/5.0 (X11; Linux x86_64) AppleWebKit/537.36 (KHTML, like Gecko) Chrome/79.0.3945.79 Safari/537.36
[2019-12-13T15:22:10.696] [DEBUG] default - URL: /api/comment/list Method: GET Status: 404 Body: {} Authorization: Bearer eyJhbGciOiJIUzI1NiIsInR5cCI6IkpXVCJ9.eyJpZCI6MSwiaWF0IjoxNTc2MjIxMDc4LCJleHAiOjE1NzY4MjU4Nzh9.M0WPtnh1TpZX3KSTgFeuaYqWNaEBLjIIsTWDH8gRwxQ User-Agent: Mozilla/5.0 (X11; Linux x86_64) AppleWebKit/537.36 (KHTML, like Gecko) Chrome/79.0.3945.79 Safari/537.36
[2019-12-13T15:22:10.743] [DEBUG] default - URL: /api/comment/list Method: GET Status: 404 Body: {} Authorization: Bearer eyJhbGciOiJIUzI1NiIsInR5cCI6IkpXVCJ9.eyJpZCI6MSwiaWF0IjoxNTc2MjIxMDc4LCJleHAiOjE1NzY4MjU4Nzh9.M0WPtnh1TpZX3KSTgFeuaYqWNaEBLjIIsTWDH8gRwxQ User-Agent: Mozilla/5.0 (X11; Linux x86_64) AppleWebKit/537.36 (KHTML, like Gecko) Chrome/79.0.3945.79 Safari/537.36
[2019-12-13T15:22:21.144] [DEBUG] default - URL: /api/comment/list Method: GET Status: 404 Body: {} Authorization: Bearer eyJhbGciOiJIUzI1NiIsInR5cCI6IkpXVCJ9.eyJpZCI6MSwiaWF0IjoxNTc2MjIxMDc4LCJleHAiOjE1NzY4MjU4Nzh9.M0WPtnh1TpZX3KSTgFeuaYqWNaEBLjIIsTWDH8gRwxQ User-Agent: Mozilla/5.0 (X11; Linux x86_64) AppleWebKit/537.36 (KHTML, like Gecko) Chrome/79.0.3945.79 Safari/537.36
[2019-12-13T15:22:21.194] [DEBUG] default - URL: /api/comment/list Method: GET Status: 404 Body: {} Authorization: Bearer eyJhbGciOiJIUzI1NiIsInR5cCI6IkpXVCJ9.eyJpZCI6MSwiaWF0IjoxNTc2MjIxMDc4LCJleHAiOjE1NzY4MjU4Nzh9.M0WPtnh1TpZX3KSTgFeuaYqWNaEBLjIIsTWDH8gRwxQ User-Agent: Mozilla/5.0 (X11; Linux x86_64) AppleWebKit/537.36 (KHTML, like Gecko) Chrome/79.0.3945.79 Safari/537.36
[2019-12-13T15:22:24.913] [DEBUG] default - URL: /api/comment/list Method: GET Status: 404 Body: {} Authorization: Bearer eyJhbGciOiJIUzI1NiIsInR5cCI6IkpXVCJ9.eyJpZCI6MSwiaWF0IjoxNTc2MjIxMDc4LCJleHAiOjE1NzY4MjU4Nzh9.M0WPtnh1TpZX3KSTgFeuaYqWNaEBLjIIsTWDH8gRwxQ User-Agent: Mozilla/5.0 (X11; Linux x86_64) AppleWebKit/537.36 (KHTML, like Gecko) Chrome/79.0.3945.79 Safari/537.36
[2019-12-13T15:22:24.956] [DEBUG] default - URL: /api/comment/list Method: GET Status: 404 Body: {} Authorization: Bearer eyJhbGciOiJIUzI1NiIsInR5cCI6IkpXVCJ9.eyJpZCI6MSwiaWF0IjoxNTc2MjIxMDc4LCJleHAiOjE1NzY4MjU4Nzh9.M0WPtnh1TpZX3KSTgFeuaYqWNaEBLjIIsTWDH8gRwxQ User-Agent: Mozilla/5.0 (X11; Linux x86_64) AppleWebKit/537.36 (KHTML, like Gecko) Chrome/79.0.3945.79 Safari/537.36
[2019-12-13T15:22:27.551] [DEBUG] default - URL: /api/comment/list Method: GET Status: 404 Body: {} Authorization: Bearer eyJhbGciOiJIUzI1NiIsInR5cCI6IkpXVCJ9.eyJpZCI6MSwiaWF0IjoxNTc2MjIxMDc4LCJleHAiOjE1NzY4MjU4Nzh9.M0WPtnh1TpZX3KSTgFeuaYqWNaEBLjIIsTWDH8gRwxQ User-Agent: Mozilla/5.0 (X11; Linux x86_64) AppleWebKit/537.36 (KHTML, like Gecko) Chrome/79.0.3945.79 Safari/537.36
[2019-12-13T15:22:27.600] [DEBUG] default - URL: /api/comment/list Method: GET Status: 404 Body: {} Authorization: Bearer eyJhbGciOiJIUzI1NiIsInR5cCI6IkpXVCJ9.eyJpZCI6MSwiaWF0IjoxNTc2MjIxMDc4LCJleHAiOjE1NzY4MjU4Nzh9.M0WPtnh1TpZX3KSTgFeuaYqWNaEBLjIIsTWDH8gRwxQ User-Agent: Mozilla/5.0 (X11; Linux x86_64) AppleWebKit/537.36 (KHTML, like Gecko) Chrome/79.0.3945.79 Safari/537.36
[2019-12-13T15:22:30.545] [DEBUG] default - URL: /api/comment/list Method: GET Status: 200 Body: {} Authorization: Bearer eyJhbGciOiJIUzI1NiIsInR5cCI6IkpXVCJ9.eyJpZCI6MSwiaWF0IjoxNTc2MjIxMDc4LCJleHAiOjE1NzY4MjU4Nzh9.M0WPtnh1TpZX3KSTgFeuaYqWNaEBLjIIsTWDH8gRwxQ User-Agent: Mozilla/5.0 (X11; Linux x86_64) AppleWebKit/537.36 (KHTML, like Gecko) Chrome/79.0.3945.79 Safari/537.36
[2019-12-13T15:22:30.782] [DEBUG] default - URL: /api/comment/list Method: GET Status: 200 Body: {} Authorization: Bearer eyJhbGciOiJIUzI1NiIsInR5cCI6IkpXVCJ9.eyJpZCI6MSwiaWF0IjoxNTc2MjIxMDc4LCJleHAiOjE1NzY4MjU4Nzh9.M0WPtnh1TpZX3KSTgFeuaYqWNaEBLjIIsTWDH8gRwxQ User-Agent: Mozilla/5.0 (X11; Linux x86_64) AppleWebKit/537.36 (KHTML, like Gecko) Chrome/79.0.3945.79 Safari/537.36
[2019-12-13T15:22:32.940] [DEBUG] default - URL: /api/comment/list Method: GET Status: 200 Body: {} Authorization: Bearer eyJhbGciOiJIUzI1NiIsInR5cCI6IkpXVCJ9.eyJpZCI6MSwiaWF0IjoxNTc2MjIxMDc4LCJleHAiOjE1NzY4MjU4Nzh9.M0WPtnh1TpZX3KSTgFeuaYqWNaEBLjIIsTWDH8gRwxQ User-Agent: Mozilla/5.0 (X11; Linux x86_64) AppleWebKit/537.36 (KHTML, like Gecko) Chrome/79.0.3945.79 Safari/537.36
[2019-12-13T15:22:33.181] [DEBUG] default - URL: /api/comment/list Method: GET Status: 200 Body: {} Authorization: Bearer eyJhbGciOiJIUzI1NiIsInR5cCI6IkpXVCJ9.eyJpZCI6MSwiaWF0IjoxNTc2MjIxMDc4LCJleHAiOjE1NzY4MjU4Nzh9.M0WPtnh1TpZX3KSTgFeuaYqWNaEBLjIIsTWDH8gRwxQ User-Agent: Mozilla/5.0 (X11; Linux x86_64) AppleWebKit/537.36 (KHTML, like Gecko) Chrome/79.0.3945.79 Safari/537.36
[2019-12-13T15:22:59.092] [DEBUG] default - URL: /api/comment/list Method: GET Status: 200 Body: {} Authorization: Bearer eyJhbGciOiJIUzI1NiIsInR5cCI6IkpXVCJ9.eyJpZCI6MSwiaWF0IjoxNTc2MjIxMDc4LCJleHAiOjE1NzY4MjU4Nzh9.M0WPtnh1TpZX3KSTgFeuaYqWNaEBLjIIsTWDH8gRwxQ User-Agent: Mozilla/5.0 (X11; Linux x86_64) AppleWebKit/537.36 (KHTML, like Gecko) Chrome/79.0.3945.79 Safari/537.36
[2019-12-13T15:23:05.232] [DEBUG] default - URL: /api/comment/list Method: GET Status: 200 Body: {} Authorization: Bearer eyJhbGciOiJIUzI1NiIsInR5cCI6IkpXVCJ9.eyJpZCI6MSwiaWF0IjoxNTc2MjIxMDc4LCJleHAiOjE1NzY4MjU4Nzh9.M0WPtnh1TpZX3KSTgFeuaYqWNaEBLjIIsTWDH8gRwxQ User-Agent: Mozilla/5.0 (X11; Linux x86_64) AppleWebKit/537.36 (KHTML, like Gecko) Chrome/79.0.3945.79 Safari/537.36
[2019-12-13T15:25:36.281] [DEBUG] default - URL: /api/pub/articles/list Method: GET Status: 200 Body: {} Authorization: Bearer eyJhbGciOiJIUzI1NiIsInR5cCI6IkpXVCJ9.eyJpZCI6MSwiaWF0IjoxNTc2MjIxMDc4LCJleHAiOjE1NzY4MjU4Nzh9.M0WPtnh1TpZX3KSTgFeuaYqWNaEBLjIIsTWDH8gRwxQ User-Agent: Mozilla/5.0 (X11; Linux x86_64) AppleWebKit/537.36 (KHTML, like Gecko) Chrome/79.0.3945.79 Safari/537.36
[2019-12-13T15:25:37.559] [DEBUG] default - URL: /api/comment/list Method: GET Status: 200 Body: {} Authorization: Bearer eyJhbGciOiJIUzI1NiIsInR5cCI6IkpXVCJ9.eyJpZCI6MSwiaWF0IjoxNTc2MjIxMDc4LCJleHAiOjE1NzY4MjU4Nzh9.M0WPtnh1TpZX3KSTgFeuaYqWNaEBLjIIsTWDH8gRwxQ User-Agent: Mozilla/5.0 (X11; Linux x86_64) AppleWebKit/537.36 (KHTML, like Gecko) Chrome/79.0.3945.79 Safari/537.36
[2019-12-13T15:25:38.727] [DEBUG] default - URL: /api/pub/articles/list Method: GET Status: 200 Body: {} Authorization: Bearer eyJhbGciOiJIUzI1NiIsInR5cCI6IkpXVCJ9.eyJpZCI6MSwiaWF0IjoxNTc2MjIxMDc4LCJleHAiOjE1NzY4MjU4Nzh9.M0WPtnh1TpZX3KSTgFeuaYqWNaEBLjIIsTWDH8gRwxQ User-Agent: Mozilla/5.0 (X11; Linux x86_64) AppleWebKit/537.36 (KHTML, like Gecko) Chrome/79.0.3945.79 Safari/537.36
[2019-12-13T15:25:42.558] [DEBUG] default - URL: /api/pub/article/1/comments Method: GET Status: 200 Body: {} Authorization: Bearer eyJhbGciOiJIUzI1NiIsInR5cCI6IkpXVCJ9.eyJpZCI6MSwiaWF0IjoxNTc2MjIxMDc4LCJleHAiOjE1NzY4MjU4Nzh9.M0WPtnh1TpZX3KSTgFeuaYqWNaEBLjIIsTWDH8gRwxQ User-Agent: Mozilla/5.0 (X11; Linux x86_64) AppleWebKit/537.36 (KHTML, like Gecko) Chrome/79.0.3945.79 Safari/537.36
[2019-12-13T15:25:42.559] [DEBUG] default - URL: /api/pub/article/1 Method: GET Status: 200 Body: {} Authorization: Bearer eyJhbGciOiJIUzI1NiIsInR5cCI6IkpXVCJ9.eyJpZCI6MSwiaWF0IjoxNTc2MjIxMDc4LCJleHAiOjE1NzY4MjU4Nzh9.M0WPtnh1TpZX3KSTgFeuaYqWNaEBLjIIsTWDH8gRwxQ User-Agent: Mozilla/5.0 (X11; Linux x86_64) AppleWebKit/537.36 (KHTML, like Gecko) Chrome/79.0.3945.79 Safari/537.36
[2019-12-13T15:30:37.663] [DEBUG] default - URL: /api/pub/article/1/comments Method: GET Status: 200 Body: {} Authorization: Bearer eyJhbGciOiJIUzI1NiIsInR5cCI6IkpXVCJ9.eyJpZCI6MSwiaWF0IjoxNTc2MjIxMDc4LCJleHAiOjE1NzY4MjU4Nzh9.M0WPtnh1TpZX3KSTgFeuaYqWNaEBLjIIsTWDH8gRwxQ User-Agent: Mozilla/5.0 (X11; Linux x86_64) AppleWebKit/537.36 (KHTML, like Gecko) Chrome/79.0.3945.79 Safari/537.36
[2019-12-13T15:30:37.803] [DEBUG] default - URL: /api/pub/article/1/comments Method: GET Status: 200 Body: {} Authorization: Bearer eyJhbGciOiJIUzI1NiIsInR5cCI6IkpXVCJ9.eyJpZCI6MSwiaWF0IjoxNTc2MjIxMDc4LCJleHAiOjE1NzY4MjU4Nzh9.M0WPtnh1TpZX3KSTgFeuaYqWNaEBLjIIsTWDH8gRwxQ User-Agent: Mozilla/5.0 (X11; Linux x86_64) AppleWebKit/537.36 (KHTML, like Gecko) Chrome/79.0.3945.79 Safari/537.36
[2019-12-13T15:30:51.477] [DEBUG] default - URL: /api/pub/article/1 Method: GET Status: 200 Body: {} Authorization: Bearer eyJhbGciOiJIUzI1NiIsInR5cCI6IkpXVCJ9.eyJpZCI6MSwiaWF0IjoxNTc2MjIxMDc4LCJleHAiOjE1NzY4MjU4Nzh9.M0WPtnh1TpZX3KSTgFeuaYqWNaEBLjIIsTWDH8gRwxQ User-Agent: Mozilla/5.0 (X11; Linux x86_64) AppleWebKit/537.36 (KHTML, like Gecko) Chrome/79.0.3945.79 Safari/537.36
[2019-12-13T15:30:51.503] [DEBUG] default - URL: /api/pub/article/1/comments Method: GET Status: 200 Body: {} Authorization: Bearer eyJhbGciOiJIUzI1NiIsInR5cCI6IkpXVCJ9.eyJpZCI6MSwiaWF0IjoxNTc2MjIxMDc4LCJleHAiOjE1NzY4MjU4Nzh9.M0WPtnh1TpZX3KSTgFeuaYqWNaEBLjIIsTWDH8gRwxQ User-Agent: Mozilla/5.0 (X11; Linux x86_64) AppleWebKit/537.36 (KHTML, like Gecko) Chrome/79.0.3945.79 Safari/537.36
[2019-12-13T15:31:36.787] [DEBUG] default - URL: /api/comment/list Method: GET Status: 200 Body: {} Authorization: Bearer eyJhbGciOiJIUzI1NiIsInR5cCI6IkpXVCJ9.eyJpZCI6MSwiaWF0IjoxNTc2MjIxMDc4LCJleHAiOjE1NzY4MjU4Nzh9.M0WPtnh1TpZX3KSTgFeuaYqWNaEBLjIIsTWDH8gRwxQ User-Agent: Mozilla/5.0 (X11; Linux x86_64) AppleWebKit/537.36 (KHTML, like Gecko) Chrome/79.0.3945.79 Safari/537.36
[2019-12-13T15:33:46.911] [DEBUG] default - URL: /api/comment/list Method: GET Status: 200 Body: {} Authorization: Bearer eyJhbGciOiJIUzI1NiIsInR5cCI6IkpXVCJ9.eyJpZCI6MSwiaWF0IjoxNTc2MjIxMDc4LCJleHAiOjE1NzY4MjU4Nzh9.M0WPtnh1TpZX3KSTgFeuaYqWNaEBLjIIsTWDH8gRwxQ User-Agent: Mozilla/5.0 (X11; Linux x86_64) AppleWebKit/537.36 (KHTML, like Gecko) Chrome/79.0.3945.79 Safari/537.36
[2019-12-13T15:33:47.113] [DEBUG] default - URL: /api/comment/list Method: GET Status: 200 Body: {} Authorization: Bearer eyJhbGciOiJIUzI1NiIsInR5cCI6IkpXVCJ9.eyJpZCI6MSwiaWF0IjoxNTc2MjIxMDc4LCJleHAiOjE1NzY4MjU4Nzh9.M0WPtnh1TpZX3KSTgFeuaYqWNaEBLjIIsTWDH8gRwxQ User-Agent: Mozilla/5.0 (X11; Linux x86_64) AppleWebKit/537.36 (KHTML, like Gecko) Chrome/79.0.3945.79 Safari/537.36
[2019-12-13T15:33:47.281] [DEBUG] default - URL: /api/comment/list Method: GET Status: 200 Body: {} Authorization: Bearer eyJhbGciOiJIUzI1NiIsInR5cCI6IkpXVCJ9.eyJpZCI6MSwiaWF0IjoxNTc2MjIxMDc4LCJleHAiOjE1NzY4MjU4Nzh9.M0WPtnh1TpZX3KSTgFeuaYqWNaEBLjIIsTWDH8gRwxQ User-Agent: Mozilla/5.0 (X11; Linux x86_64) AppleWebKit/537.36 (KHTML, like Gecko) Chrome/79.0.3945.79 Safari/537.36
[2019-12-13T15:33:58.173] [DEBUG] default - URL: /api/comment/list Method: GET Status: 200 Body: {} Authorization: Bearer eyJhbGciOiJIUzI1NiIsInR5cCI6IkpXVCJ9.eyJpZCI6MSwiaWF0IjoxNTc2MjIxMDc4LCJleHAiOjE1NzY4MjU4Nzh9.M0WPtnh1TpZX3KSTgFeuaYqWNaEBLjIIsTWDH8gRwxQ User-Agent: Mozilla/5.0 (X11; Linux x86_64) AppleWebKit/537.36 (KHTML, like Gecko) Chrome/79.0.3945.79 Safari/537.36
[2019-12-13T15:34:04.847] [DEBUG] default - URL: /api/pub/articles/list Method: GET Status: 200 Body: {} Authorization: Bearer eyJhbGciOiJIUzI1NiIsInR5cCI6IkpXVCJ9.eyJpZCI6MSwiaWF0IjoxNTc2MjIxMDc4LCJleHAiOjE1NzY4MjU4Nzh9.M0WPtnh1TpZX3KSTgFeuaYqWNaEBLjIIsTWDH8gRwxQ User-Agent: Mozilla/5.0 (X11; Linux x86_64) AppleWebKit/537.36 (KHTML, like Gecko) Chrome/79.0.3945.79 Safari/537.36
[2019-12-13T15:34:05.950] [DEBUG] default - URL: /api/comment/list Method: GET Status: 200 Body: {} Authorization: Bearer eyJhbGciOiJIUzI1NiIsInR5cCI6IkpXVCJ9.eyJpZCI6MSwiaWF0IjoxNTc2MjIxMDc4LCJleHAiOjE1NzY4MjU4Nzh9.M0WPtnh1TpZX3KSTgFeuaYqWNaEBLjIIsTWDH8gRwxQ User-Agent: Mozilla/5.0 (X11; Linux x86_64) AppleWebKit/537.36 (KHTML, like Gecko) Chrome/79.0.3945.79 Safari/537.36
[2019-12-13T15:34:07.813] [DEBUG] default - URL: /api/pub/articles/list Method: GET Status: 200 Body: {} Authorization: Bearer eyJhbGciOiJIUzI1NiIsInR5cCI6IkpXVCJ9.eyJpZCI6MSwiaWF0IjoxNTc2MjIxMDc4LCJleHAiOjE1NzY4MjU4Nzh9.M0WPtnh1TpZX3KSTgFeuaYqWNaEBLjIIsTWDH8gRwxQ User-Agent: Mozilla/5.0 (X11; Linux x86_64) AppleWebKit/537.36 (KHTML, like Gecko) Chrome/79.0.3945.79 Safari/537.36
[2019-12-13T15:34:11.888] [DEBUG] default - URL: /api/pub/article/1 Method: GET Status: 200 Body: {} Authorization: Bearer eyJhbGciOiJIUzI1NiIsInR5cCI6IkpXVCJ9.eyJpZCI6MSwiaWF0IjoxNTc2MjIxMDc4LCJleHAiOjE1NzY4MjU4Nzh9.M0WPtnh1TpZX3KSTgFeuaYqWNaEBLjIIsTWDH8gRwxQ User-Agent: Mozilla/5.0 (X11; Linux x86_64) AppleWebKit/537.36 (KHTML, like Gecko) Chrome/79.0.3945.79 Safari/537.36
[2019-12-13T15:34:11.892] [DEBUG] default - URL: /api/pub/article/1/comments Method: GET Status: 200 Body: {} Authorization: Bearer eyJhbGciOiJIUzI1NiIsInR5cCI6IkpXVCJ9.eyJpZCI6MSwiaWF0IjoxNTc2MjIxMDc4LCJleHAiOjE1NzY4MjU4Nzh9.M0WPtnh1TpZX3KSTgFeuaYqWNaEBLjIIsTWDH8gRwxQ User-Agent: Mozilla/5.0 (X11; Linux x86_64) AppleWebKit/537.36 (KHTML, like Gecko) Chrome/79.0.3945.79 Safari/537.36
[2019-12-13T15:34:24.786] [DEBUG] default - URL: /api/comment/list Method: GET Status: 200 Body: {} Authorization: Bearer eyJhbGciOiJIUzI1NiIsInR5cCI6IkpXVCJ9.eyJpZCI6MSwiaWF0IjoxNTc2MjIxMDc4LCJleHAiOjE1NzY4MjU4Nzh9.M0WPtnh1TpZX3KSTgFeuaYqWNaEBLjIIsTWDH8gRwxQ User-Agent: Mozilla/5.0 (X11; Linux x86_64) AppleWebKit/537.36 (KHTML, like Gecko) Chrome/79.0.3945.79 Safari/537.36
[2019-12-13T15:35:00.694] [DEBUG] default - URL: /api/comment/list Method: GET Status: 200 Body: {} Authorization: Bearer eyJhbGciOiJIUzI1NiIsInR5cCI6IkpXVCJ9.eyJpZCI6MSwiaWF0IjoxNTc2MjIxMDc4LCJleHAiOjE1NzY4MjU4Nzh9.M0WPtnh1TpZX3KSTgFeuaYqWNaEBLjIIsTWDH8gRwxQ User-Agent: Mozilla/5.0 (X11; Linux x86_64) AppleWebKit/537.36 (KHTML, like Gecko) Chrome/79.0.3945.79 Safari/537.36
[2019-12-13T15:35:05.944] [DEBUG] default - URL: /api/comment/list Method: GET Status: 200 Body: {} Authorization: Bearer eyJhbGciOiJIUzI1NiIsInR5cCI6IkpXVCJ9.eyJpZCI6MSwiaWF0IjoxNTc2MjIxMDc4LCJleHAiOjE1NzY4MjU4Nzh9.M0WPtnh1TpZX3KSTgFeuaYqWNaEBLjIIsTWDH8gRwxQ User-Agent: Mozilla/5.0 (X11; Linux x86_64) AppleWebKit/537.36 (KHTML, like Gecko) Chrome/79.0.3945.79 Safari/537.36
[2019-12-13T15:41:44.715] [ERROR] default - QueryError: ER_PARSE_ERROR: You have an error in your SQL syntax; check the manual that corresponds to your MySQL server version for the right syntax to use near 'a.title from Artile a where a.id.c.article_id) as artile_title,
                ' at line 2
[2019-12-13T15:41:44.723] [DEBUG] default - URL: /api/comment/list Method: GET Status: 404 Body: {} Authorization: Bearer eyJhbGciOiJIUzI1NiIsInR5cCI6IkpXVCJ9.eyJpZCI6MSwiaWF0IjoxNTc2MjIxMDc4LCJleHAiOjE1NzY4MjU4Nzh9.M0WPtnh1TpZX3KSTgFeuaYqWNaEBLjIIsTWDH8gRwxQ User-Agent: Mozilla/5.0 (X11; Linux x86_64) AppleWebKit/537.36 (KHTML, like Gecko) Chrome/79.0.3945.79 Safari/537.36
[2019-12-13T15:43:14.779] [ERROR] default - QueryError: ER_PARSE_ERROR: You have an error in your SQL syntax; check the manual that corresponds to your MySQL server version for the right syntax to use near 'a.title from Artile a where a.id.c.article_id) artile_title,
                   ' at line 2
[2019-12-13T15:43:14.782] [DEBUG] default - URL: /api/comment/list Method: GET Status: 404 Body: {} Authorization: Bearer eyJhbGciOiJIUzI1NiIsInR5cCI6IkpXVCJ9.eyJpZCI6MSwiaWF0IjoxNTc2MjIxMDc4LCJleHAiOjE1NzY4MjU4Nzh9.M0WPtnh1TpZX3KSTgFeuaYqWNaEBLjIIsTWDH8gRwxQ User-Agent: Mozilla/5.0 (X11; Linux x86_64) AppleWebKit/537.36 (KHTML, like Gecko) Chrome/79.0.3945.79 Safari/537.36
[2019-12-13T15:50:35.688] [DEBUG] default - URL: /api/comment/list Method: GET Status: 200 Body: {} Authorization: Bearer eyJhbGciOiJIUzI1NiIsInR5cCI6IkpXVCJ9.eyJpZCI6MSwiaWF0IjoxNTc2MjIxMDc4LCJleHAiOjE1NzY4MjU4Nzh9.M0WPtnh1TpZX3KSTgFeuaYqWNaEBLjIIsTWDH8gRwxQ User-Agent: Mozilla/5.0 (X11; Linux x86_64) AppleWebKit/537.36 (KHTML, like Gecko) Chrome/79.0.3945.79 Safari/537.36
[2019-12-13T15:51:35.705] [DEBUG] default - URL: /api/pub/articles/list Method: GET Status: 200 Body: {} Authorization: Bearer eyJhbGciOiJIUzI1NiIsInR5cCI6IkpXVCJ9.eyJpZCI6MSwiaWF0IjoxNTc2MjIxMDc4LCJleHAiOjE1NzY4MjU4Nzh9.M0WPtnh1TpZX3KSTgFeuaYqWNaEBLjIIsTWDH8gRwxQ User-Agent: Mozilla/5.0 (X11; Linux x86_64) AppleWebKit/537.36 (KHTML, like Gecko) Chrome/79.0.3945.79 Safari/537.36
[2019-12-13T15:53:24.743] [DEBUG] default - URL: /api/comment/list Method: GET Status: 200 Body: {} Authorization: Bearer eyJhbGciOiJIUzI1NiIsInR5cCI6IkpXVCJ9.eyJpZCI6MSwiaWF0IjoxNTc2MjIxMDc4LCJleHAiOjE1NzY4MjU4Nzh9.M0WPtnh1TpZX3KSTgFeuaYqWNaEBLjIIsTWDH8gRwxQ User-Agent: Mozilla/5.0 (X11; Linux x86_64) AppleWebKit/537.36 (KHTML, like Gecko) Chrome/79.0.3945.79 Safari/537.36
[2019-12-13T15:57:24.387] [DEBUG] default - URL: /api/comment/list Method: GET Status: 200 Body: {} Authorization: Bearer eyJhbGciOiJIUzI1NiIsInR5cCI6IkpXVCJ9.eyJpZCI6MSwiaWF0IjoxNTc2MjIxMDc4LCJleHAiOjE1NzY4MjU4Nzh9.M0WPtnh1TpZX3KSTgFeuaYqWNaEBLjIIsTWDH8gRwxQ User-Agent: Mozilla/5.0 (X11; Linux x86_64) AppleWebKit/537.36 (KHTML, like Gecko) Chrome/79.0.3945.79 Safari/537.36
[2019-12-13T15:59:18.029] [DEBUG] default - URL: /api/comment/list Method: GET Status: 200 Body: {} Authorization: Bearer eyJhbGciOiJIUzI1NiIsInR5cCI6IkpXVCJ9.eyJpZCI6MSwiaWF0IjoxNTc2MjIxMDc4LCJleHAiOjE1NzY4MjU4Nzh9.M0WPtnh1TpZX3KSTgFeuaYqWNaEBLjIIsTWDH8gRwxQ User-Agent: Mozilla/5.0 (X11; Linux x86_64) AppleWebKit/537.36 (KHTML, like Gecko) Chrome/79.0.3945.79 Safari/537.36
[2019-12-13T16:01:44.598] [DEBUG] default - URL: /api/comment/list Method: GET Status: 200 Body: {} Authorization: Bearer eyJhbGciOiJIUzI1NiIsInR5cCI6IkpXVCJ9.eyJpZCI6MSwiaWF0IjoxNTc2MjIxMDc4LCJleHAiOjE1NzY4MjU4Nzh9.M0WPtnh1TpZX3KSTgFeuaYqWNaEBLjIIsTWDH8gRwxQ User-Agent: Mozilla/5.0 (X11; Linux x86_64) AppleWebKit/537.36 (KHTML, like Gecko) Chrome/79.0.3945.79 Safari/537.36
[2019-12-13T16:02:26.286] [DEBUG] default - URL: /api/comment/list Method: GET Status: 200 Body: {} Authorization: Bearer eyJhbGciOiJIUzI1NiIsInR5cCI6IkpXVCJ9.eyJpZCI6MSwiaWF0IjoxNTc2MjIxMDc4LCJleHAiOjE1NzY4MjU4Nzh9.M0WPtnh1TpZX3KSTgFeuaYqWNaEBLjIIsTWDH8gRwxQ User-Agent: Mozilla/5.0 (X11; Linux x86_64) AppleWebKit/537.36 (KHTML, like Gecko) Chrome/79.0.3945.79 Safari/537.36
[2019-12-13T16:02:36.886] [DEBUG] default - URL: /api/comment/list Method: GET Status: 200 Body: {} Authorization: Bearer eyJhbGciOiJIUzI1NiIsInR5cCI6IkpXVCJ9.eyJpZCI6MSwiaWF0IjoxNTc2MjIxMDc4LCJleHAiOjE1NzY4MjU4Nzh9.M0WPtnh1TpZX3KSTgFeuaYqWNaEBLjIIsTWDH8gRwxQ User-Agent: Mozilla/5.0 (X11; Linux x86_64) AppleWebKit/537.36 (KHTML, like Gecko) Chrome/79.0.3945.79 Safari/537.36
[2019-12-13T16:03:00.228] [DEBUG] default - URL: /api/comment/list Method: GET Status: 200 Body: {} Authorization: Bearer eyJhbGciOiJIUzI1NiIsInR5cCI6IkpXVCJ9.eyJpZCI6MSwiaWF0IjoxNTc2MjIxMDc4LCJleHAiOjE1NzY4MjU4Nzh9.M0WPtnh1TpZX3KSTgFeuaYqWNaEBLjIIsTWDH8gRwxQ User-Agent: Mozilla/5.0 (X11; Linux x86_64) AppleWebKit/537.36 (KHTML, like Gecko) Chrome/79.0.3945.79 Safari/537.36
[2019-12-13T16:03:33.111] [DEBUG] default - URL: /api/pub/article/967 Method: GET Status: 200 Body: {} Authorization: Bearer eyJhbGciOiJIUzI1NiIsInR5cCI6IkpXVCJ9.eyJpZCI6MSwiaWF0IjoxNTc2MjIxMDc4LCJleHAiOjE1NzY4MjU4Nzh9.M0WPtnh1TpZX3KSTgFeuaYqWNaEBLjIIsTWDH8gRwxQ User-Agent: Mozilla/5.0 (X11; Linux x86_64) AppleWebKit/537.36 (KHTML, like Gecko) Chrome/79.0.3945.79 Safari/537.36
[2019-12-13T16:03:33.113] [DEBUG] default - URL: /api/pub/article/967/comments Method: GET Status: 200 Body: {} Authorization: Bearer eyJhbGciOiJIUzI1NiIsInR5cCI6IkpXVCJ9.eyJpZCI6MSwiaWF0IjoxNTc2MjIxMDc4LCJleHAiOjE1NzY4MjU4Nzh9.M0WPtnh1TpZX3KSTgFeuaYqWNaEBLjIIsTWDH8gRwxQ User-Agent: Mozilla/5.0 (X11; Linux x86_64) AppleWebKit/537.36 (KHTML, like Gecko) Chrome/79.0.3945.79 Safari/537.36
[2019-12-13T16:03:58.592] [DEBUG] default - URL: /api/comment/list Method: GET Status: 200 Body: {} Authorization: Bearer eyJhbGciOiJIUzI1NiIsInR5cCI6IkpXVCJ9.eyJpZCI6MSwiaWF0IjoxNTc2MjIxMDc4LCJleHAiOjE1NzY4MjU4Nzh9.M0WPtnh1TpZX3KSTgFeuaYqWNaEBLjIIsTWDH8gRwxQ User-Agent: Mozilla/5.0 (X11; Linux x86_64) AppleWebKit/537.36 (KHTML, like Gecko) Chrome/79.0.3945.79 Safari/537.36
[2019-12-13T16:03:58.769] [DEBUG] default - URL: /api/comment/list Method: GET Status: 200 Body: {} Authorization: Bearer eyJhbGciOiJIUzI1NiIsInR5cCI6IkpXVCJ9.eyJpZCI6MSwiaWF0IjoxNTc2MjIxMDc4LCJleHAiOjE1NzY4MjU4Nzh9.M0WPtnh1TpZX3KSTgFeuaYqWNaEBLjIIsTWDH8gRwxQ User-Agent: Mozilla/5.0 (X11; Linux x86_64) AppleWebKit/537.36 (KHTML, like Gecko) Chrome/79.0.3945.79 Safari/537.36
[2019-12-13T16:03:59.218] [DEBUG] default - URL: /api/comment/list Method: GET Status: 200 Body: {} Authorization: Bearer eyJhbGciOiJIUzI1NiIsInR5cCI6IkpXVCJ9.eyJpZCI6MSwiaWF0IjoxNTc2MjIxMDc4LCJleHAiOjE1NzY4MjU4Nzh9.M0WPtnh1TpZX3KSTgFeuaYqWNaEBLjIIsTWDH8gRwxQ User-Agent: Mozilla/5.0 (X11; Linux x86_64) AppleWebKit/537.36 (KHTML, like Gecko) Chrome/79.0.3945.79 Safari/537.36
[2019-12-13T16:03:59.682] [DEBUG] default - URL: /api/comment/list Method: GET Status: 200 Body: {} Authorization: Bearer eyJhbGciOiJIUzI1NiIsInR5cCI6IkpXVCJ9.eyJpZCI6MSwiaWF0IjoxNTc2MjIxMDc4LCJleHAiOjE1NzY4MjU4Nzh9.M0WPtnh1TpZX3KSTgFeuaYqWNaEBLjIIsTWDH8gRwxQ User-Agent: Mozilla/5.0 (X11; Linux x86_64) AppleWebKit/537.36 (KHTML, like Gecko) Chrome/79.0.3945.79 Safari/537.36
[2019-12-13T16:03:59.931] [DEBUG] default - URL: /api/comment/list Method: GET Status: 200 Body: {} Authorization: Bearer eyJhbGciOiJIUzI1NiIsInR5cCI6IkpXVCJ9.eyJpZCI6MSwiaWF0IjoxNTc2MjIxMDc4LCJleHAiOjE1NzY4MjU4Nzh9.M0WPtnh1TpZX3KSTgFeuaYqWNaEBLjIIsTWDH8gRwxQ User-Agent: Mozilla/5.0 (X11; Linux x86_64) AppleWebKit/537.36 (KHTML, like Gecko) Chrome/79.0.3945.79 Safari/537.36
[2019-12-13T16:04:00.080] [DEBUG] default - URL: /api/comment/list Method: GET Status: 200 Body: {} Authorization: Bearer eyJhbGciOiJIUzI1NiIsInR5cCI6IkpXVCJ9.eyJpZCI6MSwiaWF0IjoxNTc2MjIxMDc4LCJleHAiOjE1NzY4MjU4Nzh9.M0WPtnh1TpZX3KSTgFeuaYqWNaEBLjIIsTWDH8gRwxQ User-Agent: Mozilla/5.0 (X11; Linux x86_64) AppleWebKit/537.36 (KHTML, like Gecko) Chrome/79.0.3945.79 Safari/537.36
[2019-12-13T16:04:00.249] [DEBUG] default - URL: /api/comment/list Method: GET Status: 200 Body: {} Authorization: Bearer eyJhbGciOiJIUzI1NiIsInR5cCI6IkpXVCJ9.eyJpZCI6MSwiaWF0IjoxNTc2MjIxMDc4LCJleHAiOjE1NzY4MjU4Nzh9.M0WPtnh1TpZX3KSTgFeuaYqWNaEBLjIIsTWDH8gRwxQ User-Agent: Mozilla/5.0 (X11; Linux x86_64) AppleWebKit/537.36 (KHTML, like Gecko) Chrome/79.0.3945.79 Safari/537.36
[2019-12-13T17:26:50.243] [DEBUG] default - URL: /api/comment/list Method: GET Status: 200 Body: {} Authorization: Bearer eyJhbGciOiJIUzI1NiIsInR5cCI6IkpXVCJ9.eyJpZCI6MSwiaWF0IjoxNTc2MjIxMDc4LCJleHAiOjE1NzY4MjU4Nzh9.M0WPtnh1TpZX3KSTgFeuaYqWNaEBLjIIsTWDH8gRwxQ User-Agent: Mozilla/5.0 (X11; Linux x86_64) AppleWebKit/537.36 (KHTML, like Gecko) Chrome/79.0.3945.79 Safari/537.36
[2019-12-13T17:27:07.275] [DEBUG] default - URL: /api/comment/list Method: GET Status: 200 Body: {} Authorization: Bearer eyJhbGciOiJIUzI1NiIsInR5cCI6IkpXVCJ9.eyJpZCI6MSwiaWF0IjoxNTc2MjIxMDc4LCJleHAiOjE1NzY4MjU4Nzh9.M0WPtnh1TpZX3KSTgFeuaYqWNaEBLjIIsTWDH8gRwxQ User-Agent: Mozilla/5.0 (X11; Linux x86_64) AppleWebKit/537.36 (KHTML, like Gecko) Chrome/79.0.3945.79 Safari/537.36
[2019-12-13T17:28:37.474] [DEBUG] default - URL: /api/comment/list Method: GET Status: 200 Body: {} Authorization: Bearer eyJhbGciOiJIUzI1NiIsInR5cCI6IkpXVCJ9.eyJpZCI6MSwiaWF0IjoxNTc2MjIxMDc4LCJleHAiOjE1NzY4MjU4Nzh9.M0WPtnh1TpZX3KSTgFeuaYqWNaEBLjIIsTWDH8gRwxQ User-Agent: Mozilla/5.0 (X11; Linux x86_64) AppleWebKit/537.36 (KHTML, like Gecko) Chrome/79.0.3945.79 Safari/537.36
[2019-12-13T17:28:55.772] [DEBUG] default - URL: /api/comment/list Method: GET Status: 200 Body: {} Authorization: Bearer eyJhbGciOiJIUzI1NiIsInR5cCI6IkpXVCJ9.eyJpZCI6MSwiaWF0IjoxNTc2MjIxMDc4LCJleHAiOjE1NzY4MjU4Nzh9.M0WPtnh1TpZX3KSTgFeuaYqWNaEBLjIIsTWDH8gRwxQ User-Agent: Mozilla/5.0 (X11; Linux x86_64) AppleWebKit/537.36 (KHTML, like Gecko) Chrome/79.0.3945.79 Safari/537.36
[2019-12-13T17:29:01.108] [DEBUG] default - URL: /api/comment/list Method: GET Status: 200 Body: {} Authorization: Bearer eyJhbGciOiJIUzI1NiIsInR5cCI6IkpXVCJ9.eyJpZCI6MSwiaWF0IjoxNTc2MjIxMDc4LCJleHAiOjE1NzY4MjU4Nzh9.M0WPtnh1TpZX3KSTgFeuaYqWNaEBLjIIsTWDH8gRwxQ User-Agent: Mozilla/5.0 (X11; Linux x86_64) AppleWebKit/537.36 (KHTML, like Gecko) Chrome/79.0.3945.79 Safari/537.36
[2019-12-13T17:30:49.234] [DEBUG] default - URL: /api/comment/list Method: GET Status: 400 Body: {} Authorization: Bearer eyJhbGciOiJIUzI1NiIsInR5cCI6IkpXVCJ9.eyJpZCI6MSwiaWF0IjoxNTc2MjIxMDc4LCJleHAiOjE1NzY4MjU4Nzh9.M0WPtnh1TpZX3KSTgFeuaYqWNaEBLjIIsTWDH8gRwxQ User-Agent: Mozilla/5.0 (X11; Linux x86_64) AppleWebKit/537.36 (KHTML, like Gecko) Chrome/79.0.3945.79 Safari/537.36
[2019-12-13T17:32:17.139] [DEBUG] default - URL: /api/comment/list Method: GET Status: 200 Body: {} Authorization: Bearer eyJhbGciOiJIUzI1NiIsInR5cCI6IkpXVCJ9.eyJpZCI6MSwiaWF0IjoxNTc2MjIxMDc4LCJleHAiOjE1NzY4MjU4Nzh9.M0WPtnh1TpZX3KSTgFeuaYqWNaEBLjIIsTWDH8gRwxQ User-Agent: Mozilla/5.0 (X11; Linux x86_64) AppleWebKit/537.36 (KHTML, like Gecko) Chrome/79.0.3945.79 Safari/537.36
[2019-12-13T17:32:17.307] [DEBUG] default - URL: /api/comment/list Method: GET Status: 200 Body: {} Authorization: Bearer eyJhbGciOiJIUzI1NiIsInR5cCI6IkpXVCJ9.eyJpZCI6MSwiaWF0IjoxNTc2MjIxMDc4LCJleHAiOjE1NzY4MjU4Nzh9.M0WPtnh1TpZX3KSTgFeuaYqWNaEBLjIIsTWDH8gRwxQ User-Agent: Mozilla/5.0 (X11; Linux x86_64) AppleWebKit/537.36 (KHTML, like Gecko) Chrome/79.0.3945.79 Safari/537.36
[2019-12-13T17:32:21.840] [DEBUG] default - URL: /api/pub/article/967 Method: GET Status: 200 Body: {} Authorization: Bearer eyJhbGciOiJIUzI1NiIsInR5cCI6IkpXVCJ9.eyJpZCI6MSwiaWF0IjoxNTc2MjIxMDc4LCJleHAiOjE1NzY4MjU4Nzh9.M0WPtnh1TpZX3KSTgFeuaYqWNaEBLjIIsTWDH8gRwxQ User-Agent: Mozilla/5.0 (X11; Linux x86_64) AppleWebKit/537.36 (KHTML, like Gecko) Chrome/79.0.3945.79 Safari/537.36
[2019-12-13T17:32:21.872] [DEBUG] default - URL: /api/pub/article/967/comments Method: GET Status: 200 Body: {} Authorization: Bearer eyJhbGciOiJIUzI1NiIsInR5cCI6IkpXVCJ9.eyJpZCI6MSwiaWF0IjoxNTc2MjIxMDc4LCJleHAiOjE1NzY4MjU4Nzh9.M0WPtnh1TpZX3KSTgFeuaYqWNaEBLjIIsTWDH8gRwxQ User-Agent: Mozilla/5.0 (X11; Linux x86_64) AppleWebKit/537.36 (KHTML, like Gecko) Chrome/79.0.3945.79 Safari/537.36
[2019-12-13T17:36:54.949] [DEBUG] default - URL: /api/pub/articles/list Method: GET Status: 200 Body: {} Authorization: Bearer eyJhbGciOiJIUzI1NiIsInR5cCI6IkpXVCJ9.eyJpZCI6MSwiaWF0IjoxNTc2MjIxMDc4LCJleHAiOjE1NzY4MjU4Nzh9.M0WPtnh1TpZX3KSTgFeuaYqWNaEBLjIIsTWDH8gRwxQ User-Agent: Mozilla/5.0 (X11; Linux x86_64) AppleWebKit/537.36 (KHTML, like Gecko) Chrome/79.0.3945.79 Safari/537.36
[2019-12-13T17:37:01.496] [DEBUG] default - URL: /api/article/2 Method: DELETE Status: 204 Body: {} Authorization: Bearer eyJhbGciOiJIUzI1NiIsInR5cCI6IkpXVCJ9.eyJpZCI6MSwiaWF0IjoxNTc2MjIxMDc4LCJleHAiOjE1NzY4MjU4Nzh9.M0WPtnh1TpZX3KSTgFeuaYqWNaEBLjIIsTWDH8gRwxQ User-Agent: Mozilla/5.0 (X11; Linux x86_64) AppleWebKit/537.36 (KHTML, like Gecko) Chrome/79.0.3945.79 Safari/537.36
[2019-12-13T17:37:01.642] [DEBUG] default - URL: /api/pub/articles/list Method: GET Status: 200 Body: {} Authorization: Bearer eyJhbGciOiJIUzI1NiIsInR5cCI6IkpXVCJ9.eyJpZCI6MSwiaWF0IjoxNTc2MjIxMDc4LCJleHAiOjE1NzY4MjU4Nzh9.M0WPtnh1TpZX3KSTgFeuaYqWNaEBLjIIsTWDH8gRwxQ User-Agent: Mozilla/5.0 (X11; Linux x86_64) AppleWebKit/537.36 (KHTML, like Gecko) Chrome/79.0.3945.79 Safari/537.36
[2019-12-13T17:37:09.412] [DEBUG] default - URL: /api/pub/articles/list Method: GET Status: 200 Body: {} Authorization: Bearer eyJhbGciOiJIUzI1NiIsInR5cCI6IkpXVCJ9.eyJpZCI6MSwiaWF0IjoxNTc2MjIxMDc4LCJleHAiOjE1NzY4MjU4Nzh9.M0WPtnh1TpZX3KSTgFeuaYqWNaEBLjIIsTWDH8gRwxQ User-Agent: Mozilla/5.0 (X11; Linux x86_64) AppleWebKit/537.36 (KHTML, like Gecko) Chrome/79.0.3945.79 Safari/537.36
[2019-12-13T17:37:14.147] [DEBUG] default - URL: /api/article/1 Method: DELETE Status: 204 Body: {} Authorization: Bearer eyJhbGciOiJIUzI1NiIsInR5cCI6IkpXVCJ9.eyJpZCI6MSwiaWF0IjoxNTc2MjIxMDc4LCJleHAiOjE1NzY4MjU4Nzh9.M0WPtnh1TpZX3KSTgFeuaYqWNaEBLjIIsTWDH8gRwxQ User-Agent: Mozilla/5.0 (X11; Linux x86_64) AppleWebKit/537.36 (KHTML, like Gecko) Chrome/79.0.3945.79 Safari/537.36
[2019-12-13T17:37:14.284] [DEBUG] default - URL: /api/pub/articles/list Method: GET Status: 200 Body: {} Authorization: Bearer eyJhbGciOiJIUzI1NiIsInR5cCI6IkpXVCJ9.eyJpZCI6MSwiaWF0IjoxNTc2MjIxMDc4LCJleHAiOjE1NzY4MjU4Nzh9.M0WPtnh1TpZX3KSTgFeuaYqWNaEBLjIIsTWDH8gRwxQ User-Agent: Mozilla/5.0 (X11; Linux x86_64) AppleWebKit/537.36 (KHTML, like Gecko) Chrome/79.0.3945.79 Safari/537.36
[2019-12-13T17:37:43.081] [DEBUG] default - URL: /api/article/3 Method: DELETE Status: 204 Body: {} Authorization: Bearer eyJhbGciOiJIUzI1NiIsInR5cCI6IkpXVCJ9.eyJpZCI6MSwiaWF0IjoxNTc2MjIxMDc4LCJleHAiOjE1NzY4MjU4Nzh9.M0WPtnh1TpZX3KSTgFeuaYqWNaEBLjIIsTWDH8gRwxQ User-Agent: Mozilla/5.0 (X11; Linux x86_64) AppleWebKit/537.36 (KHTML, like Gecko) Chrome/79.0.3945.79 Safari/537.36
[2019-12-13T17:37:43.206] [DEBUG] default - URL: /api/pub/articles/list Method: GET Status: 200 Body: {} Authorization: Bearer eyJhbGciOiJIUzI1NiIsInR5cCI6IkpXVCJ9.eyJpZCI6MSwiaWF0IjoxNTc2MjIxMDc4LCJleHAiOjE1NzY4MjU4Nzh9.M0WPtnh1TpZX3KSTgFeuaYqWNaEBLjIIsTWDH8gRwxQ User-Agent: Mozilla/5.0 (X11; Linux x86_64) AppleWebKit/537.36 (KHTML, like Gecko) Chrome/79.0.3945.79 Safari/537.36
[2019-12-13T17:37:47.874] [DEBUG] default - URL: /api/pub/articles/list Method: GET Status: 200 Body: {} Authorization: Bearer eyJhbGciOiJIUzI1NiIsInR5cCI6IkpXVCJ9.eyJpZCI6MSwiaWF0IjoxNTc2MjIxMDc4LCJleHAiOjE1NzY4MjU4Nzh9.M0WPtnh1TpZX3KSTgFeuaYqWNaEBLjIIsTWDH8gRwxQ User-Agent: Mozilla/5.0 (X11; Linux x86_64) AppleWebKit/537.36 (KHTML, like Gecko) Chrome/79.0.3945.79 Safari/537.36
[2019-12-13T17:41:15.800] [DEBUG] default - URL: /api/article/4 Method: DELETE Status: 204 Body: {} Authorization: Bearer eyJhbGciOiJIUzI1NiIsInR5cCI6IkpXVCJ9.eyJpZCI6MSwiaWF0IjoxNTc2MjIxMDc4LCJleHAiOjE1NzY4MjU4Nzh9.M0WPtnh1TpZX3KSTgFeuaYqWNaEBLjIIsTWDH8gRwxQ User-Agent: Mozilla/5.0 (X11; Linux x86_64) AppleWebKit/537.36 (KHTML, like Gecko) Chrome/79.0.3945.79 Safari/537.36
[2019-12-13T17:41:15.924] [DEBUG] default - URL: /api/pub/articles/list Method: GET Status: 200 Body: {} Authorization: Bearer eyJhbGciOiJIUzI1NiIsInR5cCI6IkpXVCJ9.eyJpZCI6MSwiaWF0IjoxNTc2MjIxMDc4LCJleHAiOjE1NzY4MjU4Nzh9.M0WPtnh1TpZX3KSTgFeuaYqWNaEBLjIIsTWDH8gRwxQ User-Agent: Mozilla/5.0 (X11; Linux x86_64) AppleWebKit/537.36 (KHTML, like Gecko) Chrome/79.0.3945.79 Safari/537.36
[2019-12-13T17:49:12.444] [DEBUG] default - URL: /api/pub/articles/list Method: GET Status: 200 Body: {} Authorization: Bearer eyJhbGciOiJIUzI1NiIsInR5cCI6IkpXVCJ9.eyJpZCI6MSwiaWF0IjoxNTc2MjIxMDc4LCJleHAiOjE1NzY4MjU4Nzh9.M0WPtnh1TpZX3KSTgFeuaYqWNaEBLjIIsTWDH8gRwxQ User-Agent: Mozilla/5.0 (X11; Linux x86_64) AppleWebKit/537.36 (KHTML, like Gecko) Chrome/79.0.3945.79 Safari/537.36
[2019-12-13T17:49:27.212] [DEBUG] default - URL: /api/pub/articles/list Method: GET Status: 200 Body: {} Authorization: Bearer eyJhbGciOiJIUzI1NiIsInR5cCI6IkpXVCJ9.eyJpZCI6MSwiaWF0IjoxNTc2MjIxMDc4LCJleHAiOjE1NzY4MjU4Nzh9.M0WPtnh1TpZX3KSTgFeuaYqWNaEBLjIIsTWDH8gRwxQ User-Agent: Mozilla/5.0 (X11; Linux x86_64) AppleWebKit/537.36 (KHTML, like Gecko) Chrome/79.0.3945.79 Safari/537.36
[2019-12-13T17:50:40.974] [DEBUG] default - URL: /api/pub/articles/list Method: GET Status: 200 Body: {} Authorization: Bearer eyJhbGciOiJIUzI1NiIsInR5cCI6IkpXVCJ9.eyJpZCI6MSwiaWF0IjoxNTc2MjIxMDc4LCJleHAiOjE1NzY4MjU4Nzh9.M0WPtnh1TpZX3KSTgFeuaYqWNaEBLjIIsTWDH8gRwxQ User-Agent: Mozilla/5.0 (X11; Linux x86_64) AppleWebKit/537.36 (KHTML, like Gecko) Chrome/79.0.3945.79 Safari/537.36
[2019-12-13T17:50:45.527] [DEBUG] default - URL: /api/article/5 Method: DELETE Status: 204 Body: {} Authorization: Bearer eyJhbGciOiJIUzI1NiIsInR5cCI6IkpXVCJ9.eyJpZCI6MSwiaWF0IjoxNTc2MjIxMDc4LCJleHAiOjE1NzY4MjU4Nzh9.M0WPtnh1TpZX3KSTgFeuaYqWNaEBLjIIsTWDH8gRwxQ User-Agent: Mozilla/5.0 (X11; Linux x86_64) AppleWebKit/537.36 (KHTML, like Gecko) Chrome/79.0.3945.79 Safari/537.36
[2019-12-13T17:50:45.620] [DEBUG] default - URL: /api/pub/articles/list Method: GET Status: 200 Body: {} Authorization: Bearer eyJhbGciOiJIUzI1NiIsInR5cCI6IkpXVCJ9.eyJpZCI6MSwiaWF0IjoxNTc2MjIxMDc4LCJleHAiOjE1NzY4MjU4Nzh9.M0WPtnh1TpZX3KSTgFeuaYqWNaEBLjIIsTWDH8gRwxQ User-Agent: Mozilla/5.0 (X11; Linux x86_64) AppleWebKit/537.36 (KHTML, like Gecko) Chrome/79.0.3945.79 Safari/537.36
[2019-12-13T17:50:49.403] [DEBUG] default - URL: /api/article/5 Method: DELETE Status: 404 Body: {} Authorization: Bearer eyJhbGciOiJIUzI1NiIsInR5cCI6IkpXVCJ9.eyJpZCI6MSwiaWF0IjoxNTc2MjIxMDc4LCJleHAiOjE1NzY4MjU4Nzh9.M0WPtnh1TpZX3KSTgFeuaYqWNaEBLjIIsTWDH8gRwxQ User-Agent: Mozilla/5.0 (X11; Linux x86_64) AppleWebKit/537.36 (KHTML, like Gecko) Chrome/79.0.3945.79 Safari/537.36
[2019-12-13T17:50:51.772] [DEBUG] default - URL: /api/article/5 Method: DELETE Status: 404 Body: {} Authorization: Bearer eyJhbGciOiJIUzI1NiIsInR5cCI6IkpXVCJ9.eyJpZCI6MSwiaWF0IjoxNTc2MjIxMDc4LCJleHAiOjE1NzY4MjU4Nzh9.M0WPtnh1TpZX3KSTgFeuaYqWNaEBLjIIsTWDH8gRwxQ User-Agent: Mozilla/5.0 (X11; Linux x86_64) AppleWebKit/537.36 (KHTML, like Gecko) Chrome/79.0.3945.79 Safari/537.36
[2019-12-13T17:50:56.351] [DEBUG] default - URL: /api/article/6 Method: DELETE Status: 204 Body: {} Authorization: Bearer eyJhbGciOiJIUzI1NiIsInR5cCI6IkpXVCJ9.eyJpZCI6MSwiaWF0IjoxNTc2MjIxMDc4LCJleHAiOjE1NzY4MjU4Nzh9.M0WPtnh1TpZX3KSTgFeuaYqWNaEBLjIIsTWDH8gRwxQ User-Agent: Mozilla/5.0 (X11; Linux x86_64) AppleWebKit/537.36 (KHTML, like Gecko) Chrome/79.0.3945.79 Safari/537.36
[2019-12-13T17:50:56.479] [DEBUG] default - URL: /api/pub/articles/list Method: GET Status: 200 Body: {} Authorization: Bearer eyJhbGciOiJIUzI1NiIsInR5cCI6IkpXVCJ9.eyJpZCI6MSwiaWF0IjoxNTc2MjIxMDc4LCJleHAiOjE1NzY4MjU4Nzh9.M0WPtnh1TpZX3KSTgFeuaYqWNaEBLjIIsTWDH8gRwxQ User-Agent: Mozilla/5.0 (X11; Linux x86_64) AppleWebKit/537.36 (KHTML, like Gecko) Chrome/79.0.3945.79 Safari/537.36
[2019-12-13T17:52:51.248] [DEBUG] default - URL: /api/article/7 Method: DELETE Status: 204 Body: {} Authorization: Bearer eyJhbGciOiJIUzI1NiIsInR5cCI6IkpXVCJ9.eyJpZCI6MSwiaWF0IjoxNTc2MjIxMDc4LCJleHAiOjE1NzY4MjU4Nzh9.M0WPtnh1TpZX3KSTgFeuaYqWNaEBLjIIsTWDH8gRwxQ User-Agent: Mozilla/5.0 (X11; Linux x86_64) AppleWebKit/537.36 (KHTML, like Gecko) Chrome/79.0.3945.79 Safari/537.36
[2019-12-13T17:52:51.361] [DEBUG] default - URL: /api/pub/articles/list Method: GET Status: 200 Body: {} Authorization: Bearer eyJhbGciOiJIUzI1NiIsInR5cCI6IkpXVCJ9.eyJpZCI6MSwiaWF0IjoxNTc2MjIxMDc4LCJleHAiOjE1NzY4MjU4Nzh9.M0WPtnh1TpZX3KSTgFeuaYqWNaEBLjIIsTWDH8gRwxQ User-Agent: Mozilla/5.0 (X11; Linux x86_64) AppleWebKit/537.36 (KHTML, like Gecko) Chrome/79.0.3945.79 Safari/537.36
[2019-12-13T17:52:59.852] [DEBUG] default - URL: /api/article/7 Method: DELETE Status: 404 Body: {} Authorization: Bearer eyJhbGciOiJIUzI1NiIsInR5cCI6IkpXVCJ9.eyJpZCI6MSwiaWF0IjoxNTc2MjIxMDc4LCJleHAiOjE1NzY4MjU4Nzh9.M0WPtnh1TpZX3KSTgFeuaYqWNaEBLjIIsTWDH8gRwxQ User-Agent: Mozilla/5.0 (X11; Linux x86_64) AppleWebKit/537.36 (KHTML, like Gecko) Chrome/79.0.3945.79 Safari/537.36
[2019-12-13T17:53:04.745] [DEBUG] default - URL: /api/article/9 Method: DELETE Status: 204 Body: {} Authorization: Bearer eyJhbGciOiJIUzI1NiIsInR5cCI6IkpXVCJ9.eyJpZCI6MSwiaWF0IjoxNTc2MjIxMDc4LCJleHAiOjE1NzY4MjU4Nzh9.M0WPtnh1TpZX3KSTgFeuaYqWNaEBLjIIsTWDH8gRwxQ User-Agent: Mozilla/5.0 (X11; Linux x86_64) AppleWebKit/537.36 (KHTML, like Gecko) Chrome/79.0.3945.79 Safari/537.36
[2019-12-13T17:53:04.875] [DEBUG] default - URL: /api/pub/articles/list Method: GET Status: 200 Body: {} Authorization: Bearer eyJhbGciOiJIUzI1NiIsInR5cCI6IkpXVCJ9.eyJpZCI6MSwiaWF0IjoxNTc2MjIxMDc4LCJleHAiOjE1NzY4MjU4Nzh9.M0WPtnh1TpZX3KSTgFeuaYqWNaEBLjIIsTWDH8gRwxQ User-Agent: Mozilla/5.0 (X11; Linux x86_64) AppleWebKit/537.36 (KHTML, like Gecko) Chrome/79.0.3945.79 Safari/537.36
[2019-12-13T17:55:43.027] [DEBUG] default - URL: /api/pub/articles/list Method: GET Status: 200 Body: {} Authorization: Bearer eyJhbGciOiJIUzI1NiIsInR5cCI6IkpXVCJ9.eyJpZCI6MSwiaWF0IjoxNTc2MjIxMDc4LCJleHAiOjE1NzY4MjU4Nzh9.M0WPtnh1TpZX3KSTgFeuaYqWNaEBLjIIsTWDH8gRwxQ User-Agent: Mozilla/5.0 (X11; Linux x86_64) AppleWebKit/537.36 (KHTML, like Gecko) Chrome/79.0.3945.79 Safari/537.36
[2019-12-13T17:55:48.483] [DEBUG] default - URL: /api/article/8 Method: DELETE Status: 204 Body: {} Authorization: Bearer eyJhbGciOiJIUzI1NiIsInR5cCI6IkpXVCJ9.eyJpZCI6MSwiaWF0IjoxNTc2MjIxMDc4LCJleHAiOjE1NzY4MjU4Nzh9.M0WPtnh1TpZX3KSTgFeuaYqWNaEBLjIIsTWDH8gRwxQ User-Agent: Mozilla/5.0 (X11; Linux x86_64) AppleWebKit/537.36 (KHTML, like Gecko) Chrome/79.0.3945.79 Safari/537.36
[2019-12-13T17:55:48.634] [DEBUG] default - URL: /api/pub/articles/list Method: GET Status: 200 Body: {} Authorization: Bearer eyJhbGciOiJIUzI1NiIsInR5cCI6IkpXVCJ9.eyJpZCI6MSwiaWF0IjoxNTc2MjIxMDc4LCJleHAiOjE1NzY4MjU4Nzh9.M0WPtnh1TpZX3KSTgFeuaYqWNaEBLjIIsTWDH8gRwxQ User-Agent: Mozilla/5.0 (X11; Linux x86_64) AppleWebKit/537.36 (KHTML, like Gecko) Chrome/79.0.3945.79 Safari/537.36
[2019-12-13T17:56:02.926] [DEBUG] default - URL: /api/pub/articles/list Method: GET Status: 200 Body: {} Authorization: Bearer eyJhbGciOiJIUzI1NiIsInR5cCI6IkpXVCJ9.eyJpZCI6MSwiaWF0IjoxNTc2MjIxMDc4LCJleHAiOjE1NzY4MjU4Nzh9.M0WPtnh1TpZX3KSTgFeuaYqWNaEBLjIIsTWDH8gRwxQ User-Agent: Mozilla/5.0 (X11; Linux x86_64) AppleWebKit/537.36 (KHTML, like Gecko) Chrome/79.0.3945.79 Safari/537.36
[2019-12-13T17:56:19.399] [DEBUG] default - URL: /api/article/11 Method: DELETE Status: 204 Body: {} Authorization: Bearer eyJhbGciOiJIUzI1NiIsInR5cCI6IkpXVCJ9.eyJpZCI6MSwiaWF0IjoxNTc2MjIxMDc4LCJleHAiOjE1NzY4MjU4Nzh9.M0WPtnh1TpZX3KSTgFeuaYqWNaEBLjIIsTWDH8gRwxQ User-Agent: Mozilla/5.0 (X11; Linux x86_64) AppleWebKit/537.36 (KHTML, like Gecko) Chrome/79.0.3945.79 Safari/537.36
[2019-12-13T17:56:19.512] [DEBUG] default - URL: /api/pub/articles/list Method: GET Status: 200 Body: {} Authorization: Bearer eyJhbGciOiJIUzI1NiIsInR5cCI6IkpXVCJ9.eyJpZCI6MSwiaWF0IjoxNTc2MjIxMDc4LCJleHAiOjE1NzY4MjU4Nzh9.M0WPtnh1TpZX3KSTgFeuaYqWNaEBLjIIsTWDH8gRwxQ User-Agent: Mozilla/5.0 (X11; Linux x86_64) AppleWebKit/537.36 (KHTML, like Gecko) Chrome/79.0.3945.79 Safari/537.36
[2019-12-13T17:57:33.623] [DEBUG] default - URL: /api/pub/articles/list Method: GET Status: 200 Body: {} Authorization: Bearer eyJhbGciOiJIUzI1NiIsInR5cCI6IkpXVCJ9.eyJpZCI6MSwiaWF0IjoxNTc2MjIxMDc4LCJleHAiOjE1NzY4MjU4Nzh9.M0WPtnh1TpZX3KSTgFeuaYqWNaEBLjIIsTWDH8gRwxQ User-Agent: Mozilla/5.0 (X11; Linux x86_64) AppleWebKit/537.36 (KHTML, like Gecko) Chrome/79.0.3945.79 Safari/537.36
[2019-12-13T17:57:40.996] [DEBUG] default - URL: /api/article/10 Method: DELETE Status: 204 Body: {} Authorization: Bearer eyJhbGciOiJIUzI1NiIsInR5cCI6IkpXVCJ9.eyJpZCI6MSwiaWF0IjoxNTc2MjIxMDc4LCJleHAiOjE1NzY4MjU4Nzh9.M0WPtnh1TpZX3KSTgFeuaYqWNaEBLjIIsTWDH8gRwxQ User-Agent: Mozilla/5.0 (X11; Linux x86_64) AppleWebKit/537.36 (KHTML, like Gecko) Chrome/79.0.3945.79 Safari/537.36
[2019-12-13T17:57:41.138] [DEBUG] default - URL: /api/pub/articles/list Method: GET Status: 200 Body: {} Authorization: Bearer eyJhbGciOiJIUzI1NiIsInR5cCI6IkpXVCJ9.eyJpZCI6MSwiaWF0IjoxNTc2MjIxMDc4LCJleHAiOjE1NzY4MjU4Nzh9.M0WPtnh1TpZX3KSTgFeuaYqWNaEBLjIIsTWDH8gRwxQ User-Agent: Mozilla/5.0 (X11; Linux x86_64) AppleWebKit/537.36 (KHTML, like Gecko) Chrome/79.0.3945.79 Safari/537.36
[2019-12-13T17:59:09.960] [DEBUG] default - URL: /api/pub/articles/list Method: GET Status: 200 Body: {} Authorization: Bearer eyJhbGciOiJIUzI1NiIsInR5cCI6IkpXVCJ9.eyJpZCI6MSwiaWF0IjoxNTc2MjIxMDc4LCJleHAiOjE1NzY4MjU4Nzh9.M0WPtnh1TpZX3KSTgFeuaYqWNaEBLjIIsTWDH8gRwxQ User-Agent: Mozilla/5.0 (X11; Linux x86_64) AppleWebKit/537.36 (KHTML, like Gecko) Chrome/79.0.3945.79 Safari/537.36
[2019-12-13T17:59:14.890] [DEBUG] default - URL: /api/article/12 Method: DELETE Status: 204 Body: {} Authorization: Bearer eyJhbGciOiJIUzI1NiIsInR5cCI6IkpXVCJ9.eyJpZCI6MSwiaWF0IjoxNTc2MjIxMDc4LCJleHAiOjE1NzY4MjU4Nzh9.M0WPtnh1TpZX3KSTgFeuaYqWNaEBLjIIsTWDH8gRwxQ User-Agent: Mozilla/5.0 (X11; Linux x86_64) AppleWebKit/537.36 (KHTML, like Gecko) Chrome/79.0.3945.79 Safari/537.36
[2019-12-13T17:59:15.053] [DEBUG] default - URL: /api/pub/articles/list Method: GET Status: 200 Body: {} Authorization: Bearer eyJhbGciOiJIUzI1NiIsInR5cCI6IkpXVCJ9.eyJpZCI6MSwiaWF0IjoxNTc2MjIxMDc4LCJleHAiOjE1NzY4MjU4Nzh9.M0WPtnh1TpZX3KSTgFeuaYqWNaEBLjIIsTWDH8gRwxQ User-Agent: Mozilla/5.0 (X11; Linux x86_64) AppleWebKit/537.36 (KHTML, like Gecko) Chrome/79.0.3945.79 Safari/537.36
[2019-12-13T18:00:14.086] [DEBUG] default - URL: /api/pub/articles/list Method: GET Status: 200 Body: {} Authorization: Bearer eyJhbGciOiJIUzI1NiIsInR5cCI6IkpXVCJ9.eyJpZCI6MSwiaWF0IjoxNTc2MjIxMDc4LCJleHAiOjE1NzY4MjU4Nzh9.M0WPtnh1TpZX3KSTgFeuaYqWNaEBLjIIsTWDH8gRwxQ User-Agent: Mozilla/5.0 (X11; Linux x86_64) AppleWebKit/537.36 (KHTML, like Gecko) Chrome/79.0.3945.79 Safari/537.36
[2019-12-13T18:00:20.161] [DEBUG] default - URL: /api/article/13 Method: DELETE Status: 204 Body: {} Authorization: Bearer eyJhbGciOiJIUzI1NiIsInR5cCI6IkpXVCJ9.eyJpZCI6MSwiaWF0IjoxNTc2MjIxMDc4LCJleHAiOjE1NzY4MjU4Nzh9.M0WPtnh1TpZX3KSTgFeuaYqWNaEBLjIIsTWDH8gRwxQ User-Agent: Mozilla/5.0 (X11; Linux x86_64) AppleWebKit/537.36 (KHTML, like Gecko) Chrome/79.0.3945.79 Safari/537.36
[2019-12-13T18:00:20.287] [DEBUG] default - URL: /api/pub/articles/list Method: GET Status: 200 Body: {} Authorization: Bearer eyJhbGciOiJIUzI1NiIsInR5cCI6IkpXVCJ9.eyJpZCI6MSwiaWF0IjoxNTc2MjIxMDc4LCJleHAiOjE1NzY4MjU4Nzh9.M0WPtnh1TpZX3KSTgFeuaYqWNaEBLjIIsTWDH8gRwxQ User-Agent: Mozilla/5.0 (X11; Linux x86_64) AppleWebKit/537.36 (KHTML, like Gecko) Chrome/79.0.3945.79 Safari/537.36
[2019-12-13T18:00:25.968] [DEBUG] default - URL: /api/article/14 Method: DELETE Status: 204 Body: {} Authorization: Bearer eyJhbGciOiJIUzI1NiIsInR5cCI6IkpXVCJ9.eyJpZCI6MSwiaWF0IjoxNTc2MjIxMDc4LCJleHAiOjE1NzY4MjU4Nzh9.M0WPtnh1TpZX3KSTgFeuaYqWNaEBLjIIsTWDH8gRwxQ User-Agent: Mozilla/5.0 (X11; Linux x86_64) AppleWebKit/537.36 (KHTML, like Gecko) Chrome/79.0.3945.79 Safari/537.36
[2019-12-13T18:00:26.130] [DEBUG] default - URL: /api/pub/articles/list Method: GET Status: 200 Body: {} Authorization: Bearer eyJhbGciOiJIUzI1NiIsInR5cCI6IkpXVCJ9.eyJpZCI6MSwiaWF0IjoxNTc2MjIxMDc4LCJleHAiOjE1NzY4MjU4Nzh9.M0WPtnh1TpZX3KSTgFeuaYqWNaEBLjIIsTWDH8gRwxQ User-Agent: Mozilla/5.0 (X11; Linux x86_64) AppleWebKit/537.36 (KHTML, like Gecko) Chrome/79.0.3945.79 Safari/537.36
[2019-12-13T18:01:14.579] [DEBUG] default - URL: /api/pub/articles/list Method: GET Status: 200 Body: {} Authorization: Bearer eyJhbGciOiJIUzI1NiIsInR5cCI6IkpXVCJ9.eyJpZCI6MSwiaWF0IjoxNTc2MjIxMDc4LCJleHAiOjE1NzY4MjU4Nzh9.M0WPtnh1TpZX3KSTgFeuaYqWNaEBLjIIsTWDH8gRwxQ User-Agent: Mozilla/5.0 (X11; Linux x86_64) AppleWebKit/537.36 (KHTML, like Gecko) Chrome/79.0.3945.79 Safari/537.36
[2019-12-13T18:01:19.159] [DEBUG] default - URL: /api/article/15 Method: DELETE Status: 204 Body: {} Authorization: Bearer eyJhbGciOiJIUzI1NiIsInR5cCI6IkpXVCJ9.eyJpZCI6MSwiaWF0IjoxNTc2MjIxMDc4LCJleHAiOjE1NzY4MjU4Nzh9.M0WPtnh1TpZX3KSTgFeuaYqWNaEBLjIIsTWDH8gRwxQ User-Agent: Mozilla/5.0 (X11; Linux x86_64) AppleWebKit/537.36 (KHTML, like Gecko) Chrome/79.0.3945.79 Safari/537.36
[2019-12-13T18:01:19.319] [DEBUG] default - URL: /api/pub/articles/list Method: GET Status: 200 Body: {} Authorization: Bearer eyJhbGciOiJIUzI1NiIsInR5cCI6IkpXVCJ9.eyJpZCI6MSwiaWF0IjoxNTc2MjIxMDc4LCJleHAiOjE1NzY4MjU4Nzh9.M0WPtnh1TpZX3KSTgFeuaYqWNaEBLjIIsTWDH8gRwxQ User-Agent: Mozilla/5.0 (X11; Linux x86_64) AppleWebKit/537.36 (KHTML, like Gecko) Chrome/79.0.3945.79 Safari/537.36
[2019-12-13T18:01:34.252] [DEBUG] default - URL: /api/pub/articles/list Method: GET Status: 200 Body: {} Authorization: Bearer eyJhbGciOiJIUzI1NiIsInR5cCI6IkpXVCJ9.eyJpZCI6MSwiaWF0IjoxNTc2MjIxMDc4LCJleHAiOjE1NzY4MjU4Nzh9.M0WPtnh1TpZX3KSTgFeuaYqWNaEBLjIIsTWDH8gRwxQ User-Agent: Mozilla/5.0 (X11; Linux x86_64) AppleWebKit/537.36 (KHTML, like Gecko) Chrome/79.0.3945.79 Safari/537.36
[2019-12-13T18:07:37.742] [DEBUG] default - URL: /api/pub/articles/list Method: GET Status: 200 Body: {} Authorization: Bearer eyJhbGciOiJIUzI1NiIsInR5cCI6IkpXVCJ9.eyJpZCI6MSwiaWF0IjoxNTc2MjIxMDc4LCJleHAiOjE1NzY4MjU4Nzh9.M0WPtnh1TpZX3KSTgFeuaYqWNaEBLjIIsTWDH8gRwxQ User-Agent: Mozilla/5.0 (X11; Linux x86_64) AppleWebKit/537.36 (KHTML, like Gecko) Chrome/79.0.3945.79 Safari/537.36
[2019-12-13T18:07:43.869] [DEBUG] default - URL: /api/pub/articles/list Method: GET Status: 200 Body: {} Authorization: Bearer eyJhbGciOiJIUzI1NiIsInR5cCI6IkpXVCJ9.eyJpZCI6MSwiaWF0IjoxNTc2MjIxMDc4LCJleHAiOjE1NzY4MjU4Nzh9.M0WPtnh1TpZX3KSTgFeuaYqWNaEBLjIIsTWDH8gRwxQ User-Agent: Mozilla/5.0 (X11; Linux x86_64) AppleWebKit/537.36 (KHTML, like Gecko) Chrome/79.0.3945.79 Safari/537.36
[2019-12-13T18:07:49.062] [DEBUG] default - URL: /api/article/16 Method: DELETE Status: 204 Body: {} Authorization: Bearer eyJhbGciOiJIUzI1NiIsInR5cCI6IkpXVCJ9.eyJpZCI6MSwiaWF0IjoxNTc2MjIxMDc4LCJleHAiOjE1NzY4MjU4Nzh9.M0WPtnh1TpZX3KSTgFeuaYqWNaEBLjIIsTWDH8gRwxQ User-Agent: Mozilla/5.0 (X11; Linux x86_64) AppleWebKit/537.36 (KHTML, like Gecko) Chrome/79.0.3945.79 Safari/537.36
[2019-12-13T18:07:49.199] [DEBUG] default - URL: /api/pub/articles/list Method: GET Status: 200 Body: {} Authorization: Bearer eyJhbGciOiJIUzI1NiIsInR5cCI6IkpXVCJ9.eyJpZCI6MSwiaWF0IjoxNTc2MjIxMDc4LCJleHAiOjE1NzY4MjU4Nzh9.M0WPtnh1TpZX3KSTgFeuaYqWNaEBLjIIsTWDH8gRwxQ User-Agent: Mozilla/5.0 (X11; Linux x86_64) AppleWebKit/537.36 (KHTML, like Gecko) Chrome/79.0.3945.79 Safari/537.36
[2019-12-13T18:07:58.892] [DEBUG] default - URL: /api/article/16 Method: DELETE Status: 404 Body: {} Authorization: Bearer eyJhbGciOiJIUzI1NiIsInR5cCI6IkpXVCJ9.eyJpZCI6MSwiaWF0IjoxNTc2MjIxMDc4LCJleHAiOjE1NzY4MjU4Nzh9.M0WPtnh1TpZX3KSTgFeuaYqWNaEBLjIIsTWDH8gRwxQ User-Agent: Mozilla/5.0 (X11; Linux x86_64) AppleWebKit/537.36 (KHTML, like Gecko) Chrome/79.0.3945.79 Safari/537.36
[2019-12-13T18:09:12.744] [DEBUG] default - URL: /api/pub/articles/list Method: GET Status: 200 Body: {} Authorization: Bearer eyJhbGciOiJIUzI1NiIsInR5cCI6IkpXVCJ9.eyJpZCI6MSwiaWF0IjoxNTc2MjIxMDc4LCJleHAiOjE1NzY4MjU4Nzh9.M0WPtnh1TpZX3KSTgFeuaYqWNaEBLjIIsTWDH8gRwxQ User-Agent: Mozilla/5.0 (X11; Linux x86_64) AppleWebKit/537.36 (KHTML, like Gecko) Chrome/79.0.3945.79 Safari/537.36
[2019-12-13T18:09:21.348] [DEBUG] default - URL: /api/pub/articles/list Method: GET Status: 200 Body: {} Authorization: Bearer eyJhbGciOiJIUzI1NiIsInR5cCI6IkpXVCJ9.eyJpZCI6MSwiaWF0IjoxNTc2MjIxMDc4LCJleHAiOjE1NzY4MjU4Nzh9.M0WPtnh1TpZX3KSTgFeuaYqWNaEBLjIIsTWDH8gRwxQ User-Agent: Mozilla/5.0 (X11; Linux x86_64) AppleWebKit/537.36 (KHTML, like Gecko) Chrome/79.0.3945.79 Safari/537.36
[2019-12-13T18:09:26.666] [DEBUG] default - URL: /api/article/17 Method: DELETE Status: 204 Body: {} Authorization: Bearer eyJhbGciOiJIUzI1NiIsInR5cCI6IkpXVCJ9.eyJpZCI6MSwiaWF0IjoxNTc2MjIxMDc4LCJleHAiOjE1NzY4MjU4Nzh9.M0WPtnh1TpZX3KSTgFeuaYqWNaEBLjIIsTWDH8gRwxQ User-Agent: Mozilla/5.0 (X11; Linux x86_64) AppleWebKit/537.36 (KHTML, like Gecko) Chrome/79.0.3945.79 Safari/537.36
[2019-12-13T18:09:26.793] [DEBUG] default - URL: /api/pub/articles/list Method: GET Status: 200 Body: {} Authorization: Bearer eyJhbGciOiJIUzI1NiIsInR5cCI6IkpXVCJ9.eyJpZCI6MSwiaWF0IjoxNTc2MjIxMDc4LCJleHAiOjE1NzY4MjU4Nzh9.M0WPtnh1TpZX3KSTgFeuaYqWNaEBLjIIsTWDH8gRwxQ User-Agent: Mozilla/5.0 (X11; Linux x86_64) AppleWebKit/537.36 (KHTML, like Gecko) Chrome/79.0.3945.79 Safari/537.36
[2019-12-13T18:09:55.198] [DEBUG] default - URL: /api/pub/articles/list Method: GET Status: 200 Body: {} Authorization: Bearer eyJhbGciOiJIUzI1NiIsInR5cCI6IkpXVCJ9.eyJpZCI6MSwiaWF0IjoxNTc2MjIxMDc4LCJleHAiOjE1NzY4MjU4Nzh9.M0WPtnh1TpZX3KSTgFeuaYqWNaEBLjIIsTWDH8gRwxQ User-Agent: Mozilla/5.0 (X11; Linux x86_64) AppleWebKit/537.36 (KHTML, like Gecko) Chrome/79.0.3945.79 Safari/537.36
[2019-12-13T18:11:20.331] [DEBUG] default - URL: /api/pub/articles/list Method: GET Status: 200 Body: {} Authorization: Bearer eyJhbGciOiJIUzI1NiIsInR5cCI6IkpXVCJ9.eyJpZCI6MSwiaWF0IjoxNTc2MjIxMDc4LCJleHAiOjE1NzY4MjU4Nzh9.M0WPtnh1TpZX3KSTgFeuaYqWNaEBLjIIsTWDH8gRwxQ User-Agent: Mozilla/5.0 (X11; Linux x86_64) AppleWebKit/537.36 (KHTML, like Gecko) Chrome/79.0.3945.79 Safari/537.36
[2019-12-13T18:11:23.878] [DEBUG] default - URL: /api/article/18 Method: DELETE Status: 204 Body: {} Authorization: Bearer eyJhbGciOiJIUzI1NiIsInR5cCI6IkpXVCJ9.eyJpZCI6MSwiaWF0IjoxNTc2MjIxMDc4LCJleHAiOjE1NzY4MjU4Nzh9.M0WPtnh1TpZX3KSTgFeuaYqWNaEBLjIIsTWDH8gRwxQ User-Agent: Mozilla/5.0 (X11; Linux x86_64) AppleWebKit/537.36 (KHTML, like Gecko) Chrome/79.0.3945.79 Safari/537.36
[2019-12-13T18:11:24.043] [DEBUG] default - URL: /api/pub/articles/list Method: GET Status: 200 Body: {} Authorization: Bearer eyJhbGciOiJIUzI1NiIsInR5cCI6IkpXVCJ9.eyJpZCI6MSwiaWF0IjoxNTc2MjIxMDc4LCJleHAiOjE1NzY4MjU4Nzh9.M0WPtnh1TpZX3KSTgFeuaYqWNaEBLjIIsTWDH8gRwxQ User-Agent: Mozilla/5.0 (X11; Linux x86_64) AppleWebKit/537.36 (KHTML, like Gecko) Chrome/79.0.3945.79 Safari/537.36
[2019-12-13T18:11:54.404] [DEBUG] default - URL: /api/article/19 Method: DELETE Status: 204 Body: {} Authorization: Bearer eyJhbGciOiJIUzI1NiIsInR5cCI6IkpXVCJ9.eyJpZCI6MSwiaWF0IjoxNTc2MjIxMDc4LCJleHAiOjE1NzY4MjU4Nzh9.M0WPtnh1TpZX3KSTgFeuaYqWNaEBLjIIsTWDH8gRwxQ User-Agent: Mozilla/5.0 (X11; Linux x86_64) AppleWebKit/537.36 (KHTML, like Gecko) Chrome/79.0.3945.79 Safari/537.36
[2019-12-13T18:11:54.508] [DEBUG] default - URL: /api/pub/articles/list Method: GET Status: 200 Body: {} Authorization: Bearer eyJhbGciOiJIUzI1NiIsInR5cCI6IkpXVCJ9.eyJpZCI6MSwiaWF0IjoxNTc2MjIxMDc4LCJleHAiOjE1NzY4MjU4Nzh9.M0WPtnh1TpZX3KSTgFeuaYqWNaEBLjIIsTWDH8gRwxQ User-Agent: Mozilla/5.0 (X11; Linux x86_64) AppleWebKit/537.36 (KHTML, like Gecko) Chrome/79.0.3945.79 Safari/537.36
[2019-12-13T18:14:44.727] [DEBUG] default - URL: /api/pub/articles/list Method: GET Status: 200 Body: {} Authorization: Bearer eyJhbGciOiJIUzI1NiIsInR5cCI6IkpXVCJ9.eyJpZCI6MSwiaWF0IjoxNTc2MjIxMDc4LCJleHAiOjE1NzY4MjU4Nzh9.M0WPtnh1TpZX3KSTgFeuaYqWNaEBLjIIsTWDH8gRwxQ User-Agent: Mozilla/5.0 (X11; Linux x86_64) AppleWebKit/537.36 (KHTML, like Gecko) Chrome/79.0.3945.79 Safari/537.36
[2019-12-13T18:14:47.875] [DEBUG] default - URL: /api/pub/articles/list Method: GET Status: 200 Body: {} Authorization: Bearer eyJhbGciOiJIUzI1NiIsInR5cCI6IkpXVCJ9.eyJpZCI6MSwiaWF0IjoxNTc2MjIxMDc4LCJleHAiOjE1NzY4MjU4Nzh9.M0WPtnh1TpZX3KSTgFeuaYqWNaEBLjIIsTWDH8gRwxQ User-Agent: Mozilla/5.0 (X11; Linux x86_64) AppleWebKit/537.36 (KHTML, like Gecko) Chrome/79.0.3945.79 Safari/537.36
[2019-12-13T18:14:51.467] [DEBUG] default - URL: /api/article/20 Method: DELETE Status: 204 Body: {} Authorization: Bearer eyJhbGciOiJIUzI1NiIsInR5cCI6IkpXVCJ9.eyJpZCI6MSwiaWF0IjoxNTc2MjIxMDc4LCJleHAiOjE1NzY4MjU4Nzh9.M0WPtnh1TpZX3KSTgFeuaYqWNaEBLjIIsTWDH8gRwxQ User-Agent: Mozilla/5.0 (X11; Linux x86_64) AppleWebKit/537.36 (KHTML, like Gecko) Chrome/79.0.3945.79 Safari/537.36
[2019-12-13T18:14:51.569] [DEBUG] default - URL: /api/pub/articles/list Method: GET Status: 200 Body: {} Authorization: Bearer eyJhbGciOiJIUzI1NiIsInR5cCI6IkpXVCJ9.eyJpZCI6MSwiaWF0IjoxNTc2MjIxMDc4LCJleHAiOjE1NzY4MjU4Nzh9.M0WPtnh1TpZX3KSTgFeuaYqWNaEBLjIIsTWDH8gRwxQ User-Agent: Mozilla/5.0 (X11; Linux x86_64) AppleWebKit/537.36 (KHTML, like Gecko) Chrome/79.0.3945.79 Safari/537.36
[2019-12-13T18:16:03.843] [DEBUG] default - URL: /api/comment/list Method: GET Status: 200 Body: {} Authorization: Bearer eyJhbGciOiJIUzI1NiIsInR5cCI6IkpXVCJ9.eyJpZCI6MSwiaWF0IjoxNTc2MjIxMDc4LCJleHAiOjE1NzY4MjU4Nzh9.M0WPtnh1TpZX3KSTgFeuaYqWNaEBLjIIsTWDH8gRwxQ User-Agent: Mozilla/5.0 (X11; Linux x86_64) AppleWebKit/537.36 (KHTML, like Gecko) Chrome/79.0.3945.79 Safari/537.36
[2019-12-13T18:17:23.822] [DEBUG] default - URL: /api/comment/list Method: GET Status: 200 Body: {} Authorization: Bearer eyJhbGciOiJIUzI1NiIsInR5cCI6IkpXVCJ9.eyJpZCI6MSwiaWF0IjoxNTc2MjIxMDc4LCJleHAiOjE1NzY4MjU4Nzh9.M0WPtnh1TpZX3KSTgFeuaYqWNaEBLjIIsTWDH8gRwxQ User-Agent: Mozilla/5.0 (X11; Linux x86_64) AppleWebKit/537.36 (KHTML, like Gecko) Chrome/79.0.3945.79 Safari/537.36
[2019-12-13T18:17:27.230] [DEBUG] default - URL: /api/pub/articles/list Method: GET Status: 200 Body: {} Authorization: Bearer eyJhbGciOiJIUzI1NiIsInR5cCI6IkpXVCJ9.eyJpZCI6MSwiaWF0IjoxNTc2MjIxMDc4LCJleHAiOjE1NzY4MjU4Nzh9.M0WPtnh1TpZX3KSTgFeuaYqWNaEBLjIIsTWDH8gRwxQ User-Agent: Mozilla/5.0 (X11; Linux x86_64) AppleWebKit/537.36 (KHTML, like Gecko) Chrome/79.0.3945.79 Safari/537.36
[2019-12-13T18:17:31.676] [DEBUG] default - URL: /api/article/21 Method: DELETE Status: 204 Body: {} Authorization: Bearer eyJhbGciOiJIUzI1NiIsInR5cCI6IkpXVCJ9.eyJpZCI6MSwiaWF0IjoxNTc2MjIxMDc4LCJleHAiOjE1NzY4MjU4Nzh9.M0WPtnh1TpZX3KSTgFeuaYqWNaEBLjIIsTWDH8gRwxQ User-Agent: Mozilla/5.0 (X11; Linux x86_64) AppleWebKit/537.36 (KHTML, like Gecko) Chrome/79.0.3945.79 Safari/537.36
[2019-12-13T18:17:31.786] [DEBUG] default - URL: /api/pub/articles/list Method: GET Status: 200 Body: {} Authorization: Bearer eyJhbGciOiJIUzI1NiIsInR5cCI6IkpXVCJ9.eyJpZCI6MSwiaWF0IjoxNTc2MjIxMDc4LCJleHAiOjE1NzY4MjU4Nzh9.M0WPtnh1TpZX3KSTgFeuaYqWNaEBLjIIsTWDH8gRwxQ User-Agent: Mozilla/5.0 (X11; Linux x86_64) AppleWebKit/537.36 (KHTML, like Gecko) Chrome/79.0.3945.79 Safari/537.36
[2019-12-13T18:18:03.291] [DEBUG] default - URL: /api/pub/articles/list Method: GET Status: 200 Body: {} Authorization: Bearer eyJhbGciOiJIUzI1NiIsInR5cCI6IkpXVCJ9.eyJpZCI6MSwiaWF0IjoxNTc2MjIxMDc4LCJleHAiOjE1NzY4MjU4Nzh9.M0WPtnh1TpZX3KSTgFeuaYqWNaEBLjIIsTWDH8gRwxQ User-Agent: Mozilla/5.0 (X11; Linux x86_64) AppleWebKit/537.36 (KHTML, like Gecko) Chrome/79.0.3945.79 Safari/537.36
[2019-12-13T18:18:07.488] [DEBUG] default - URL: /api/article/22 Method: DELETE Status: 204 Body: {} Authorization: Bearer eyJhbGciOiJIUzI1NiIsInR5cCI6IkpXVCJ9.eyJpZCI6MSwiaWF0IjoxNTc2MjIxMDc4LCJleHAiOjE1NzY4MjU4Nzh9.M0WPtnh1TpZX3KSTgFeuaYqWNaEBLjIIsTWDH8gRwxQ User-Agent: Mozilla/5.0 (X11; Linux x86_64) AppleWebKit/537.36 (KHTML, like Gecko) Chrome/79.0.3945.79 Safari/537.36
[2019-12-13T18:18:07.623] [DEBUG] default - URL: /api/pub/articles/list Method: GET Status: 200 Body: {} Authorization: Bearer eyJhbGciOiJIUzI1NiIsInR5cCI6IkpXVCJ9.eyJpZCI6MSwiaWF0IjoxNTc2MjIxMDc4LCJleHAiOjE1NzY4MjU4Nzh9.M0WPtnh1TpZX3KSTgFeuaYqWNaEBLjIIsTWDH8gRwxQ User-Agent: Mozilla/5.0 (X11; Linux x86_64) AppleWebKit/537.36 (KHTML, like Gecko) Chrome/79.0.3945.79 Safari/537.36
[2019-12-13T18:18:40.493] [DEBUG] default - URL: /api/pub/articles/list Method: GET Status: 200 Body: {} Authorization: Bearer eyJhbGciOiJIUzI1NiIsInR5cCI6IkpXVCJ9.eyJpZCI6MSwiaWF0IjoxNTc2MjIxMDc4LCJleHAiOjE1NzY4MjU4Nzh9.M0WPtnh1TpZX3KSTgFeuaYqWNaEBLjIIsTWDH8gRwxQ User-Agent: Mozilla/5.0 (X11; Linux x86_64) AppleWebKit/537.36 (KHTML, like Gecko) Chrome/79.0.3945.79 Safari/537.36
[2019-12-13T18:19:08.702] [DEBUG] default - URL: /api/pub/articles/list Method: GET Status: 200 Body: {} Authorization: Bearer eyJhbGciOiJIUzI1NiIsInR5cCI6IkpXVCJ9.eyJpZCI6MSwiaWF0IjoxNTc2MjIxMDc4LCJleHAiOjE1NzY4MjU4Nzh9.M0WPtnh1TpZX3KSTgFeuaYqWNaEBLjIIsTWDH8gRwxQ User-Agent: Mozilla/5.0 (X11; Linux x86_64) AppleWebKit/537.36 (KHTML, like Gecko) Chrome/79.0.3945.79 Safari/537.36
[2019-12-13T18:22:15.360] [DEBUG] default - URL: /api/pub/articles/list Method: GET Status: 200 Body: {} Authorization: Bearer eyJhbGciOiJIUzI1NiIsInR5cCI6IkpXVCJ9.eyJpZCI6MSwiaWF0IjoxNTc2MjIxMDc4LCJleHAiOjE1NzY4MjU4Nzh9.M0WPtnh1TpZX3KSTgFeuaYqWNaEBLjIIsTWDH8gRwxQ User-Agent: Mozilla/5.0 (X11; Linux x86_64) AppleWebKit/537.36 (KHTML, like Gecko) Chrome/79.0.3945.79 Safari/537.36
[2019-12-13T18:22:21.012] [DEBUG] default - URL: /api/article/23 Method: DELETE Status: 204 Body: {} Authorization: Bearer eyJhbGciOiJIUzI1NiIsInR5cCI6IkpXVCJ9.eyJpZCI6MSwiaWF0IjoxNTc2MjIxMDc4LCJleHAiOjE1NzY4MjU4Nzh9.M0WPtnh1TpZX3KSTgFeuaYqWNaEBLjIIsTWDH8gRwxQ User-Agent: Mozilla/5.0 (X11; Linux x86_64) AppleWebKit/537.36 (KHTML, like Gecko) Chrome/79.0.3945.79 Safari/537.36
[2019-12-13T18:22:21.156] [DEBUG] default - URL: /api/pub/articles/list Method: GET Status: 200 Body: {} Authorization: Bearer eyJhbGciOiJIUzI1NiIsInR5cCI6IkpXVCJ9.eyJpZCI6MSwiaWF0IjoxNTc2MjIxMDc4LCJleHAiOjE1NzY4MjU4Nzh9.M0WPtnh1TpZX3KSTgFeuaYqWNaEBLjIIsTWDH8gRwxQ User-Agent: Mozilla/5.0 (X11; Linux x86_64) AppleWebKit/537.36 (KHTML, like Gecko) Chrome/79.0.3945.79 Safari/537.36
[2019-12-13T18:22:24.607] [DEBUG] default - URL: /api/article/23 Method: DELETE Status: 404 Body: {} Authorization: Bearer eyJhbGciOiJIUzI1NiIsInR5cCI6IkpXVCJ9.eyJpZCI6MSwiaWF0IjoxNTc2MjIxMDc4LCJleHAiOjE1NzY4MjU4Nzh9.M0WPtnh1TpZX3KSTgFeuaYqWNaEBLjIIsTWDH8gRwxQ User-Agent: Mozilla/5.0 (X11; Linux x86_64) AppleWebKit/537.36 (KHTML, like Gecko) Chrome/79.0.3945.79 Safari/537.36
[2019-12-13T18:23:37.824] [DEBUG] default - URL: /api/pub/articles/list Method: GET Status: 200 Body: {} Authorization: Bearer eyJhbGciOiJIUzI1NiIsInR5cCI6IkpXVCJ9.eyJpZCI6MSwiaWF0IjoxNTc2MjIxMDc4LCJleHAiOjE1NzY4MjU4Nzh9.M0WPtnh1TpZX3KSTgFeuaYqWNaEBLjIIsTWDH8gRwxQ User-Agent: Mozilla/5.0 (X11; Linux x86_64) AppleWebKit/537.36 (KHTML, like Gecko) Chrome/79.0.3945.79 Safari/537.36
[2019-12-13T18:23:41.472] [DEBUG] default - URL: /api/article/24 Method: DELETE Status: 204 Body: {} Authorization: Bearer eyJhbGciOiJIUzI1NiIsInR5cCI6IkpXVCJ9.eyJpZCI6MSwiaWF0IjoxNTc2MjIxMDc4LCJleHAiOjE1NzY4MjU4Nzh9.M0WPtnh1TpZX3KSTgFeuaYqWNaEBLjIIsTWDH8gRwxQ User-Agent: Mozilla/5.0 (X11; Linux x86_64) AppleWebKit/537.36 (KHTML, like Gecko) Chrome/79.0.3945.79 Safari/537.36
[2019-12-13T18:23:41.622] [DEBUG] default - URL: /api/pub/articles/list Method: GET Status: 200 Body: {} Authorization: Bearer eyJhbGciOiJIUzI1NiIsInR5cCI6IkpXVCJ9.eyJpZCI6MSwiaWF0IjoxNTc2MjIxMDc4LCJleHAiOjE1NzY4MjU4Nzh9.M0WPtnh1TpZX3KSTgFeuaYqWNaEBLjIIsTWDH8gRwxQ User-Agent: Mozilla/5.0 (X11; Linux x86_64) AppleWebKit/537.36 (KHTML, like Gecko) Chrome/79.0.3945.79 Safari/537.36
