[2019-07-20T00:07:35.041] [DEBUG] default - URL: /api/pub/labels Method: GET Status: 200 Body: {} Authorization: null User-Agent: Mozilla/5.0 (Windows NT 10.0; Win64; x64; rv:67.0) Gecko/20100101 Firefox/67.0
[2019-07-20T00:07:35.109] [DEBUG] default - URL: /api/pub/articles/list Method: GET Status: 200 Body: {} Authorization: null User-Agent: Mozilla/5.0 (Windows NT 10.0; Win64; x64; rv:67.0) Gecko/20100101 Firefox/67.0
[2019-07-20T00:09:32.205] [DEBUG] default - URL: /api/pub/labels Method: GET Status: 200 Body: {} Authorization: null User-Agent: Mozilla/5.0 (Windows NT 10.0; Win64; x64; rv:67.0) Gecko/20100101 Firefox/67.0
[2019-07-20T00:09:32.278] [DEBUG] default - URL: /api/pub/articles/list Method: GET Status: 200 Body: {} Authorization: null User-Agent: Mozilla/5.0 (Windows NT 10.0; Win64; x64; rv:67.0) Gecko/20100101 Firefox/67.0
[2019-07-20T00:11:01.001] [DEBUG] default - URL: /api/pub/labels Method: GET Status: 200 Body: {} Authorization: null User-Agent: Mozilla/5.0 (Windows NT 10.0; Win64; x64; rv:67.0) Gecko/20100101 Firefox/67.0
[2019-07-20T00:13:30.456] [DEBUG] default - URL: /api/pub/articles/list Method: GET Status: 200 Body: {} Authorization: null User-Agent: Mozilla/5.0 (Windows NT 10.0; Win64; x64; rv:67.0) Gecko/20100101 Firefox/67.0
[2019-07-20T00:17:17.202] [DEBUG] default - URL: /api/pub/labels Method: GET Status: 200 Body: {} Authorization: null User-Agent: Mozilla/5.0 (Windows NT 10.0; Win64; x64; rv:67.0) Gecko/20100101 Firefox/67.0
[2019-07-20T00:17:17.244] [DEBUG] default - URL: /api/pub/articles/list Method: GET Status: 200 Body: {} Authorization: null User-Agent: Mozilla/5.0 (Windows NT 10.0; Win64; x64; rv:67.0) Gecko/20100101 Firefox/67.0
[2019-07-20T00:17:20.816] [DEBUG] default - URL: /api/pub/labels Method: GET Status: 200 Body: {} Authorization: null User-Agent: Mozilla/5.0 (Windows NT 10.0; Win64; x64; rv:67.0) Gecko/20100101 Firefox/67.0
[2019-07-20T00:17:25.972] [DEBUG] default - URL: /api/pub/articles/list Method: GET Status: 200 Body: {} Authorization: null User-Agent: Mozilla/5.0 (Windows NT 10.0; Win64; x64; rv:67.0) Gecko/20100101 Firefox/67.0
[2019-07-20T00:17:33.117] [DEBUG] default - URL: /api/pub/labels Method: GET Status: 200 Body: {} Authorization: null User-Agent: Mozilla/5.0 (Windows NT 10.0; Win64; x64; rv:67.0) Gecko/20100101 Firefox/67.0
[2019-07-20T00:17:37.189] [DEBUG] default - URL: /api/pub/articles/list Method: GET Status: 200 Body: {} Authorization: null User-Agent: Mozilla/5.0 (Windows NT 10.0; Win64; x64; rv:67.0) Gecko/20100101 Firefox/67.0
[2019-07-20T00:17:39.394] [DEBUG] default - URL: /api/pub/labels Method: GET Status: 200 Body: {} Authorization: null User-Agent: Mozilla/5.0 (Windows NT 10.0; Win64; x64; rv:67.0) Gecko/20100101 Firefox/67.0
[2019-07-20T00:17:40.314] [DEBUG] default - URL: /api/pub/articles/list Method: GET Status: 200 Body: {} Authorization: null User-Agent: Mozilla/5.0 (Windows NT 10.0; Win64; x64; rv:67.0) Gecko/20100101 Firefox/67.0
[2019-07-20T00:17:42.034] [DEBUG] default - URL: /api/pub/labels Method: GET Status: 200 Body: {} Authorization: null User-Agent: Mozilla/5.0 (Windows NT 10.0; Win64; x64; rv:67.0) Gecko/20100101 Firefox/67.0
[2019-07-20T00:17:42.871] [DEBUG] default - URL: /api/pub/articles/list Method: GET Status: 200 Body: {} Authorization: null User-Agent: Mozilla/5.0 (Windows NT 10.0; Win64; x64; rv:67.0) Gecko/20100101 Firefox/67.0
[2019-07-20T00:17:44.078] [DEBUG] default - URL: /api/pub/labels Method: GET Status: 200 Body: {} Authorization: null User-Agent: Mozilla/5.0 (Windows NT 10.0; Win64; x64; rv:67.0) Gecko/20100101 Firefox/67.0
[2019-07-20T00:17:45.258] [DEBUG] default - URL: /api/pub/articles/list Method: GET Status: 200 Body: {} Authorization: null User-Agent: Mozilla/5.0 (Windows NT 10.0; Win64; x64; rv:67.0) Gecko/20100101 Firefox/67.0
[2019-07-20T00:18:20.314] [DEBUG] default - URL: /api/pub/labels Method: GET Status: 200 Body: {} Authorization: null User-Agent: Mozilla/5.0 (Windows NT 10.0; Win64; x64; rv:67.0) Gecko/20100101 Firefox/67.0
[2019-07-20T00:18:23.518] [DEBUG] default - URL: /api/pub/articles/list Method: GET Status: 200 Body: {} Authorization: null User-Agent: Mozilla/5.0 (Windows NT 10.0; Win64; x64; rv:67.0) Gecko/20100101 Firefox/67.0
[2019-07-20T00:18:25.001] [DEBUG] default - URL: /api/pub/labels Method: GET Status: 200 Body: {} Authorization: null User-Agent: Mozilla/5.0 (Windows NT 10.0; Win64; x64; rv:67.0) Gecko/20100101 Firefox/67.0
[2019-07-20T00:18:25.935] [DEBUG] default - URL: /api/pub/articles/list Method: GET Status: 200 Body: {} Authorization: null User-Agent: Mozilla/5.0 (Windows NT 10.0; Win64; x64; rv:67.0) Gecko/20100101 Firefox/67.0
[2019-07-20T00:18:28.521] [DEBUG] default - URL: /api/pub/labels Method: GET Status: 200 Body: {} Authorization: null User-Agent: Mozilla/5.0 (Windows NT 10.0; Win64; x64; rv:67.0) Gecko/20100101 Firefox/67.0
[2019-07-20T00:18:30.128] [DEBUG] default - URL: /api/pub/articles/list Method: GET Status: 200 Body: {} Authorization: null User-Agent: Mozilla/5.0 (Windows NT 10.0; Win64; x64; rv:67.0) Gecko/20100101 Firefox/67.0
[2019-07-20T00:18:31.294] [DEBUG] default - URL: /api/pub/labels Method: GET Status: 200 Body: {} Authorization: null User-Agent: Mozilla/5.0 (Windows NT 10.0; Win64; x64; rv:67.0) Gecko/20100101 Firefox/67.0
[2019-07-20T00:18:32.412] [DEBUG] default - URL: /api/pub/articles/list Method: GET Status: 200 Body: {} Authorization: null User-Agent: Mozilla/5.0 (Windows NT 10.0; Win64; x64; rv:67.0) Gecko/20100101 Firefox/67.0
[2019-07-20T00:18:33.199] [DEBUG] default - URL: /api/pub/labels Method: GET Status: 200 Body: {} Authorization: null User-Agent: Mozilla/5.0 (Windows NT 10.0; Win64; x64; rv:67.0) Gecko/20100101 Firefox/67.0
[2019-07-20T00:22:46.905] [DEBUG] default - URL: /api/pub/labels Method: GET Status: 200 Body: {} Authorization: null User-Agent: Mozilla/5.0 (Windows NT 10.0; Win64; x64; rv:67.0) Gecko/20100101 Firefox/67.0
[2019-07-20T00:22:46.985] [DEBUG] default - URL: /api/pub/articles/list Method: GET Status: 200 Body: {} Authorization: null User-Agent: Mozilla/5.0 (Windows NT 10.0; Win64; x64; rv:67.0) Gecko/20100101 Firefox/67.0
[2019-07-20T00:23:23.168] [DEBUG] default - URL: /api/pub/labels Method: GET Status: 200 Body: {} Authorization: null User-Agent: Mozilla/5.0 (Windows NT 10.0; Win64; x64; rv:67.0) Gecko/20100101 Firefox/67.0
[2019-07-20T00:23:23.192] [DEBUG] default - URL: /api/pub/articles/list Method: GET Status: 200 Body: {} Authorization: null User-Agent: Mozilla/5.0 (Windows NT 10.0; Win64; x64; rv:67.0) Gecko/20100101 Firefox/67.0
[2019-07-20T00:23:54.096] [DEBUG] default - URL: /api/pub/labels Method: GET Status: 200 Body: {} Authorization: null User-Agent: Mozilla/5.0 (Windows NT 10.0; Win64; x64; rv:67.0) Gecko/20100101 Firefox/67.0
[2019-07-20T00:23:54.166] [DEBUG] default - URL: /api/pub/articles/list Method: GET Status: 200 Body: {} Authorization: null User-Agent: Mozilla/5.0 (Windows NT 10.0; Win64; x64; rv:67.0) Gecko/20100101 Firefox/67.0
[2019-07-20T00:25:46.379] [DEBUG] default - URL: /api/pub/labels Method: GET Status: 200 Body: {} Authorization: null User-Agent: Mozilla/5.0 (Windows NT 10.0; Win64; x64; rv:67.0) Gecko/20100101 Firefox/67.0
[2019-07-20T00:25:46.453] [DEBUG] default - URL: /api/pub/articles/list Method: GET Status: 200 Body: {} Authorization: null User-Agent: Mozilla/5.0 (Windows NT 10.0; Win64; x64; rv:67.0) Gecko/20100101 Firefox/67.0
[2019-07-20T00:26:22.404] [DEBUG] default - URL: /api/pub/labels Method: GET Status: 200 Body: {} Authorization: null User-Agent: Mozilla/5.0 (Windows NT 10.0; Win64; x64; rv:67.0) Gecko/20100101 Firefox/67.0
[2019-07-20T00:26:22.614] [DEBUG] default - URL: /api/pub/articles/list Method: GET Status: 200 Body: {} Authorization: null User-Agent: Mozilla/5.0 (Windows NT 10.0; Win64; x64; rv:67.0) Gecko/20100101 Firefox/67.0
[2019-07-20T00:26:28.524] [DEBUG] default - URL: /api/pub/articles/list Method: GET Status: 200 Body: {} Authorization: null User-Agent: Mozilla/5.0 (Windows NT 10.0; Win64; x64; rv:67.0) Gecko/20100101 Firefox/67.0
[2019-07-20T00:44:02.807] [DEBUG] default - URL: /api/pub/articles/list Method: GET Status: 200 Body: {} Authorization: null User-Agent: Mozilla/5.0 (Windows NT 10.0; Win64; x64; rv:67.0) Gecko/20100101 Firefox/67.0
[2019-07-20T00:44:06.805] [DEBUG] default - URL: /api/pub/article/undefined Method: GET Status: 400 Body: {} Authorization: null User-Agent: Mozilla/5.0 (Windows NT 10.0; Win64; x64; rv:67.0) Gecko/20100101 Firefox/67.0
[2019-07-20T00:44:27.621] [DEBUG] default - URL: /api/pub/article/4 Method: GET Status: 200 Body: {} Authorization: null User-Agent: Mozilla/5.0 (Windows NT 10.0; Win64; x64; rv:67.0) Gecko/20100101 Firefox/67.0
[2019-07-20T00:44:28.068] [DEBUG] default - URL: /api/pub/article/4/comments Method: GET Status: 200 Body: {} Authorization: null User-Agent: Mozilla/5.0 (Windows NT 10.0; Win64; x64; rv:67.0) Gecko/20100101 Firefox/67.0
[2019-07-20T00:44:33.616] [DEBUG] default - URL: /api/pub/articles/list Method: GET Status: 200 Body: {} Authorization: null User-Agent: Mozilla/5.0 (Windows NT 10.0; Win64; x64; rv:67.0) Gecko/20100101 Firefox/67.0
[2019-07-20T00:44:35.417] [DEBUG] default - URL: /api/pub/article/undefined Method: GET Status: 400 Body: {} Authorization: null User-Agent: Mozilla/5.0 (Windows NT 10.0; Win64; x64; rv:67.0) Gecko/20100101 Firefox/67.0
[2019-07-20T00:45:12.796] [DEBUG] default - URL: /api/pub/articles/list Method: GET Status: 200 Body: {} Authorization: null User-Agent: Mozilla/5.0 (Windows NT 10.0; Win64; x64; rv:67.0) Gecko/20100101 Firefox/67.0
[2019-07-20T00:46:25.015] [DEBUG] default - URL: /api/pub/articles/list Method: GET Status: 200 Body: {} Authorization: null User-Agent: Mozilla/5.0 (Windows NT 10.0; Win64; x64; rv:67.0) Gecko/20100101 Firefox/67.0
[2019-07-20T00:46:30.077] [DEBUG] default - URL: /api/pub/articles/list Method: GET Status: 200 Body: {} Authorization: null User-Agent: Mozilla/5.0 (Windows NT 10.0; Win64; x64; rv:67.0) Gecko/20100101 Firefox/67.0
[2019-07-20T00:46:33.445] [DEBUG] default - URL: /api/pub/articles/list Method: GET Status: 200 Body: {} Authorization: null User-Agent: Mozilla/5.0 (Windows NT 10.0; Win64; x64; rv:67.0) Gecko/20100101 Firefox/67.0
[2019-07-20T00:46:48.265] [DEBUG] default - URL: /api/pub/articles/list Method: GET Status: 200 Body: {} Authorization: null User-Agent: Mozilla/5.0 (Windows NT 10.0; Win64; x64; rv:67.0) Gecko/20100101 Firefox/67.0
[2019-07-20T00:46:49.865] [DEBUG] default - URL: /api/pub/article/undefined Method: GET Status: 400 Body: {} Authorization: null User-Agent: Mozilla/5.0 (Windows NT 10.0; Win64; x64; rv:67.0) Gecko/20100101 Firefox/67.0
[2019-07-20T00:47:17.448] [DEBUG] default - URL: /api/pub/article/undefined Method: GET Status: 400 Body: {} Authorization: null User-Agent: Mozilla/5.0 (Windows NT 10.0; Win64; x64; rv:67.0) Gecko/20100101 Firefox/67.0
[2019-07-20T00:47:19.249] [DEBUG] default - URL: /api/pub/articles/list Method: GET Status: 200 Body: {} Authorization: null User-Agent: Mozilla/5.0 (Windows NT 10.0; Win64; x64; rv:67.0) Gecko/20100101 Firefox/67.0
[2019-07-20T00:47:21.039] [DEBUG] default - URL: /api/pub/article/undefined Method: GET Status: 400 Body: {} Authorization: null User-Agent: Mozilla/5.0 (Windows NT 10.0; Win64; x64; rv:67.0) Gecko/20100101 Firefox/67.0
[2019-07-20T00:47:22.450] [DEBUG] default - URL: /api/pub/articles/list Method: GET Status: 200 Body: {} Authorization: null User-Agent: Mozilla/5.0 (Windows NT 10.0; Win64; x64; rv:67.0) Gecko/20100101 Firefox/67.0
[2019-07-20T00:47:23.867] [DEBUG] default - URL: /api/pub/article/undefined Method: GET Status: 400 Body: {} Authorization: null User-Agent: Mozilla/5.0 (Windows NT 10.0; Win64; x64; rv:67.0) Gecko/20100101 Firefox/67.0
[2019-07-20T00:47:25.273] [DEBUG] default - URL: /api/pub/articles/list Method: GET Status: 200 Body: {} Authorization: null User-Agent: Mozilla/5.0 (Windows NT 10.0; Win64; x64; rv:67.0) Gecko/20100101 Firefox/67.0
[2019-07-20T00:47:26.912] [DEBUG] default - URL: /api/pub/article/undefined Method: GET Status: 400 Body: {} Authorization: null User-Agent: Mozilla/5.0 (Windows NT 10.0; Win64; x64; rv:67.0) Gecko/20100101 Firefox/67.0
[2019-07-20T00:47:28.047] [DEBUG] default - URL: /api/pub/articles/list Method: GET Status: 200 Body: {} Authorization: null User-Agent: Mozilla/5.0 (Windows NT 10.0; Win64; x64; rv:67.0) Gecko/20100101 Firefox/67.0
[2019-07-20T00:47:42.032] [DEBUG] default - URL: /api/pub/articles/list Method: GET Status: 200 Body: {} Authorization: null User-Agent: Mozilla/5.0 (Windows NT 10.0; Win64; x64; rv:67.0) Gecko/20100101 Firefox/67.0
[2019-07-20T00:47:46.961] [DEBUG] default - URL: /api/pub/article/undefined Method: GET Status: 400 Body: {} Authorization: null User-Agent: Mozilla/5.0 (Windows NT 10.0; Win64; x64; rv:67.0) Gecko/20100101 Firefox/67.0
[2019-07-20T00:55:39.387] [DEBUG] default - URL: /api/pub/articles/list Method: GET Status: 200 Body: {} Authorization: null User-Agent: Mozilla/5.0 (Windows NT 10.0; Win64; x64; rv:67.0) Gecko/20100101 Firefox/67.0
[2019-07-20T00:55:45.990] [DEBUG] default - URL: /api/pub/labels Method: GET Status: 200 Body: {} Authorization: null User-Agent: Mozilla/5.0 (Windows NT 10.0; Win64; x64; rv:67.0) Gecko/20100101 Firefox/67.0
[2019-07-20T00:55:46.055] [DEBUG] default - URL: /api/pub/articles/list Method: GET Status: 200 Body: {} Authorization: null User-Agent: Mozilla/5.0 (Windows NT 10.0; Win64; x64; rv:67.0) Gecko/20100101 Firefox/67.0
[2019-07-20T00:55:54.065] [DEBUG] default - URL: /api/pub/labels Method: GET Status: 200 Body: {} Authorization: null User-Agent: Mozilla/5.0 (Windows NT 10.0; Win64; x64; rv:67.0) Gecko/20100101 Firefox/67.0
[2019-07-20T00:55:54.168] [DEBUG] default - URL: /api/pub/articles/list Method: GET Status: 200 Body: {} Authorization: null User-Agent: Mozilla/5.0 (Windows NT 10.0; Win64; x64; rv:67.0) Gecko/20100101 Firefox/67.0
[2019-07-20T00:55:56.165] [DEBUG] default - URL: /api/pub/labels Method: GET Status: 200 Body: {} Authorization: null User-Agent: Mozilla/5.0 (Windows NT 10.0; Win64; x64; rv:67.0) Gecko/20100101 Firefox/67.0
[2019-07-20T00:55:56.267] [DEBUG] default - URL: /api/pub/articles/list Method: GET Status: 200 Body: {} Authorization: null User-Agent: Mozilla/5.0 (Windows NT 10.0; Win64; x64; rv:67.0) Gecko/20100101 Firefox/67.0
[2019-07-20T00:56:03.018] [DEBUG] default - URL: /api/pub/labels Method: GET Status: 200 Body: {} Authorization: null User-Agent: Mozilla/5.0 (Windows NT 10.0; Win64; x64; rv:67.0) Gecko/20100101 Firefox/67.0
[2019-07-20T00:56:03.122] [DEBUG] default - URL: /api/pub/articles/list Method: GET Status: 200 Body: {} Authorization: null User-Agent: Mozilla/5.0 (Windows NT 10.0; Win64; x64; rv:67.0) Gecko/20100101 Firefox/67.0
[2019-07-20T00:56:06.074] [DEBUG] default - URL: /api/pub/article/4 Method: GET Status: 200 Body: {} Authorization: null User-Agent: Mozilla/5.0 (Windows NT 10.0; Win64; x64; rv:67.0) Gecko/20100101 Firefox/67.0
[2019-07-20T00:56:06.613] [DEBUG] default - URL: /api/pub/article/4/comments Method: GET Status: 200 Body: {} Authorization: null User-Agent: Mozilla/5.0 (Windows NT 10.0; Win64; x64; rv:67.0) Gecko/20100101 Firefox/67.0
[2019-07-20T00:56:56.827] [DEBUG] default - URL: /api/pub/labels Method: GET Status: 200 Body: {} Authorization: null User-Agent: Mozilla/5.0 (Windows NT 10.0; Win64; x64; rv:67.0) Gecko/20100101 Firefox/67.0
[2019-07-20T00:56:56.889] [DEBUG] default - URL: /api/pub/articles/list Method: GET Status: 200 Body: {} Authorization: null User-Agent: Mozilla/5.0 (Windows NT 10.0; Win64; x64; rv:67.0) Gecko/20100101 Firefox/67.0
[2019-07-20T00:57:04.964] [DEBUG] default - URL: /api/pub/article/4 Method: GET Status: 200 Body: {} Authorization: null User-Agent: Mozilla/5.0 (Windows NT 10.0; Win64; x64; rv:67.0) Gecko/20100101 Firefox/67.0
[2019-07-20T00:57:05.461] [DEBUG] default - URL: /api/pub/article/4/comments Method: GET Status: 200 Body: {} Authorization: null User-Agent: Mozilla/5.0 (Windows NT 10.0; Win64; x64; rv:67.0) Gecko/20100101 Firefox/67.0
[2019-07-20T00:57:39.791] [DEBUG] default - URL: /api/pub/labels Method: GET Status: 200 Body: {} Authorization: null User-Agent: Mozilla/5.0 (Windows NT 10.0; Win64; x64; rv:67.0) Gecko/20100101 Firefox/67.0
[2019-07-20T00:57:39.843] [DEBUG] default - URL: /api/pub/articles/list Method: GET Status: 200 Body: {} Authorization: null User-Agent: Mozilla/5.0 (Windows NT 10.0; Win64; x64; rv:67.0) Gecko/20100101 Firefox/67.0
[2019-07-20T00:59:48.422] [DEBUG] default - URL: /api/pub/labels Method: GET Status: 200 Body: {} Authorization: null User-Agent: Mozilla/5.0 (Windows NT 10.0; Win64; x64; rv:67.0) Gecko/20100101 Firefox/67.0
[2019-07-20T00:59:48.472] [DEBUG] default - URL: /api/pub/articles/list Method: GET Status: 200 Body: {} Authorization: null User-Agent: Mozilla/5.0 (Windows NT 10.0; Win64; x64; rv:67.0) Gecko/20100101 Firefox/67.0
[2019-07-20T00:59:50.771] [DEBUG] default - URL: /api/pub/articles/list Method: GET Status: 200 Body: {} Authorization: null User-Agent: Mozilla/5.0 (Windows NT 10.0; Win64; x64; rv:67.0) Gecko/20100101 Firefox/67.0
[2019-07-20T00:59:52.666] [DEBUG] default - URL: /api/pub/articles/list Method: GET Status: 200 Body: {} Authorization: null User-Agent: Mozilla/5.0 (Windows NT 10.0; Win64; x64; rv:67.0) Gecko/20100101 Firefox/67.0
[2019-07-20T00:59:55.695] [DEBUG] default - URL: /api/pub/articles/list Method: GET Status: 200 Body: {} Authorization: null User-Agent: Mozilla/5.0 (Windows NT 10.0; Win64; x64; rv:67.0) Gecko/20100101 Firefox/67.0
[2019-07-20T00:59:56.962] [DEBUG] default - URL: /api/pub/articles/list Method: GET Status: 200 Body: {} Authorization: null User-Agent: Mozilla/5.0 (Windows NT 10.0; Win64; x64; rv:67.0) Gecko/20100101 Firefox/67.0
[2019-07-20T00:59:59.796] [DEBUG] default - URL: /api/pub/articles/list Method: GET Status: 200 Body: {} Authorization: null User-Agent: Mozilla/5.0 (Windows NT 10.0; Win64; x64; rv:67.0) Gecko/20100101 Firefox/67.0
[2019-07-20T01:00:01.762] [DEBUG] default - URL: /api/pub/articles/list Method: GET Status: 200 Body: {} Authorization: null User-Agent: Mozilla/5.0 (Windows NT 10.0; Win64; x64; rv:67.0) Gecko/20100101 Firefox/67.0
[2019-07-20T01:00:02.594] [DEBUG] default - URL: /api/pub/articles/list Method: GET Status: 200 Body: {} Authorization: null User-Agent: Mozilla/5.0 (Windows NT 10.0; Win64; x64; rv:67.0) Gecko/20100101 Firefox/67.0
[2019-07-20T01:00:57.214] [DEBUG] default - URL: /api/pub/labels Method: GET Status: 200 Body: {} Authorization: null User-Agent: Mozilla/5.0 (Windows NT 10.0; Win64; x64; rv:67.0) Gecko/20100101 Firefox/67.0
[2019-07-20T01:00:57.259] [DEBUG] default - URL: /api/pub/articles/list Method: GET Status: 200 Body: {} Authorization: null User-Agent: Mozilla/5.0 (Windows NT 10.0; Win64; x64; rv:67.0) Gecko/20100101 Firefox/67.0
[2019-07-20T01:01:24.381] [DEBUG] default - URL: /api/pub/labels Method: GET Status: 200 Body: {} Authorization: null User-Agent: Mozilla/5.0 (Windows NT 10.0; Win64; x64; rv:67.0) Gecko/20100101 Firefox/67.0
[2019-07-20T01:01:24.473] [DEBUG] default - URL: /api/pub/articles/list Method: GET Status: 200 Body: {} Authorization: null User-Agent: Mozilla/5.0 (Windows NT 10.0; Win64; x64; rv:67.0) Gecko/20100101 Firefox/67.0
[2019-07-20T01:01:38.742] [DEBUG] default - URL: /api/pub/labels Method: GET Status: 200 Body: {} Authorization: null User-Agent: Mozilla/5.0 (Windows NT 10.0; Win64; x64; rv:67.0) Gecko/20100101 Firefox/67.0
[2019-07-20T01:01:38.814] [DEBUG] default - URL: /api/pub/articles/list Method: GET Status: 200 Body: {} Authorization: null User-Agent: Mozilla/5.0 (Windows NT 10.0; Win64; x64; rv:67.0) Gecko/20100101 Firefox/67.0
[2019-07-20T01:01:41.210] [DEBUG] default - URL: /api/pub/labels Method: GET Status: 200 Body: {} Authorization: null User-Agent: Mozilla/5.0 (Windows NT 10.0; Win64; x64; rv:67.0) Gecko/20100101 Firefox/67.0
[2019-07-20T01:01:41.314] [DEBUG] default - URL: /api/pub/articles/list Method: GET Status: 200 Body: {} Authorization: null User-Agent: Mozilla/5.0 (Windows NT 10.0; Win64; x64; rv:67.0) Gecko/20100101 Firefox/67.0
[2019-07-20T01:01:44.027] [DEBUG] default - URL: /api/pub/labels Method: GET Status: 200 Body: {} Authorization: null User-Agent: Mozilla/5.0 (Windows NT 10.0; Win64; x64; rv:67.0) Gecko/20100101 Firefox/67.0
[2019-07-20T01:01:44.134] [DEBUG] default - URL: /api/pub/articles/list Method: GET Status: 200 Body: {} Authorization: null User-Agent: Mozilla/5.0 (Windows NT 10.0; Win64; x64; rv:67.0) Gecko/20100101 Firefox/67.0
[2019-07-20T01:02:23.828] [DEBUG] default - URL: /api/pub/labels Method: GET Status: 200 Body: {} Authorization: null User-Agent: Mozilla/5.0 (Windows NT 10.0; Win64; x64; rv:67.0) Gecko/20100101 Firefox/67.0
[2019-07-20T01:02:23.881] [DEBUG] default - URL: /api/pub/articles/list Method: GET Status: 200 Body: {} Authorization: null User-Agent: Mozilla/5.0 (Windows NT 10.0; Win64; x64; rv:67.0) Gecko/20100101 Firefox/67.0
[2019-07-20T01:05:27.165] [DEBUG] default - URL: /api/pub/labels Method: GET Status: 200 Body: {} Authorization: null User-Agent: Mozilla/5.0 (Windows NT 10.0; Win64; x64; rv:67.0) Gecko/20100101 Firefox/67.0
[2019-07-20T01:05:27.227] [DEBUG] default - URL: /api/pub/articles/list Method: GET Status: 200 Body: {} Authorization: null User-Agent: Mozilla/5.0 (Windows NT 10.0; Win64; x64; rv:67.0) Gecko/20100101 Firefox/67.0
[2019-07-20T01:07:38.943] [DEBUG] default - URL: /api/pub/labels Method: GET Status: 200 Body: {} Authorization: null User-Agent: Mozilla/5.0 (Windows NT 10.0; Win64; x64; rv:67.0) Gecko/20100101 Firefox/67.0
[2019-07-20T01:07:39.008] [DEBUG] default - URL: /api/pub/articles/list Method: GET Status: 200 Body: {} Authorization: null User-Agent: Mozilla/5.0 (Windows NT 10.0; Win64; x64; rv:67.0) Gecko/20100101 Firefox/67.0
[2019-07-20T01:07:40.659] [DEBUG] default - URL: /api/pub/labels Method: GET Status: 200 Body: {} Authorization: null User-Agent: Mozilla/5.0 (Windows NT 10.0; Win64; x64; rv:67.0) Gecko/20100101 Firefox/67.0
[2019-07-20T01:07:40.785] [DEBUG] default - URL: /api/pub/articles/list Method: GET Status: 200 Body: {} Authorization: null User-Agent: Mozilla/5.0 (Windows NT 10.0; Win64; x64; rv:67.0) Gecko/20100101 Firefox/67.0
[2019-07-20T01:07:48.727] [DEBUG] default - URL: /api/pub/labels Method: GET Status: 200 Body: {} Authorization: null User-Agent: Mozilla/5.0 (Windows NT 10.0; Win64; x64; rv:67.0) Gecko/20100101 Firefox/67.0
[2019-07-20T01:07:48.806] [DEBUG] default - URL: /api/pub/articles/list Method: GET Status: 200 Body: {} Authorization: null User-Agent: Mozilla/5.0 (Windows NT 10.0; Win64; x64; rv:67.0) Gecko/20100101 Firefox/67.0
[2019-07-20T01:08:48.679] [DEBUG] default - URL: /api/pub/labels Method: GET Status: 200 Body: {} Authorization: null User-Agent: Mozilla/5.0 (Windows NT 10.0; Win64; x64; rv:67.0) Gecko/20100101 Firefox/67.0
[2019-07-20T01:08:48.737] [DEBUG] default - URL: /api/pub/articles/list Method: GET Status: 200 Body: {} Authorization: null User-Agent: Mozilla/5.0 (Windows NT 10.0; Win64; x64; rv:67.0) Gecko/20100101 Firefox/67.0
[2019-07-20T01:10:20.854] [DEBUG] default - URL: /api/pub/labels Method: GET Status: 200 Body: {} Authorization: null User-Agent: Mozilla/5.0 (Windows NT 10.0; Win64; x64; rv:67.0) Gecko/20100101 Firefox/67.0
[2019-07-20T01:10:20.933] [DEBUG] default - URL: /api/pub/articles/list Method: GET Status: 200 Body: {} Authorization: null User-Agent: Mozilla/5.0 (Windows NT 10.0; Win64; x64; rv:67.0) Gecko/20100101 Firefox/67.0
[2019-07-20T01:10:43.199] [DEBUG] default - URL: /api/pub/labels Method: GET Status: 200 Body: {} Authorization: null User-Agent: Mozilla/5.0 (Windows NT 10.0; Win64; x64; rv:67.0) Gecko/20100101 Firefox/67.0
[2019-07-20T01:10:43.251] [DEBUG] default - URL: /api/pub/articles/list Method: GET Status: 200 Body: {} Authorization: null User-Agent: Mozilla/5.0 (Windows NT 10.0; Win64; x64; rv:67.0) Gecko/20100101 Firefox/67.0
[2019-07-20T01:10:48.921] [DEBUG] default - URL: /api/pub/labels Method: GET Status: 200 Body: {} Authorization: null User-Agent: Mozilla/5.0 (Windows NT 10.0; Win64; x64; rv:67.0) Gecko/20100101 Firefox/67.0
[2019-07-20T01:10:48.985] [DEBUG] default - URL: /api/pub/articles/list Method: GET Status: 200 Body: {} Authorization: null User-Agent: Mozilla/5.0 (Windows NT 10.0; Win64; x64; rv:67.0) Gecko/20100101 Firefox/67.0
[2019-07-20T01:10:52.535] [DEBUG] default - URL: /api/pub/labels Method: GET Status: 200 Body: {} Authorization: null User-Agent: Mozilla/5.0 (Windows NT 10.0; Win64; x64; rv:67.0) Gecko/20100101 Firefox/67.0
[2019-07-20T01:10:52.580] [DEBUG] default - URL: /api/pub/articles/list Method: GET Status: 200 Body: {} Authorization: null User-Agent: Mozilla/5.0 (Windows NT 10.0; Win64; x64; rv:67.0) Gecko/20100101 Firefox/67.0
[2019-07-20T01:11:13.591] [DEBUG] default - URL: /api/pub/labels Method: GET Status: 200 Body: {} Authorization: Bearer eyJhbGciOiJIUzI1NiIsInR5cCI6IkpXVCJ9.eyJpZCI6MSwiaWF0IjoxNTYzNDQ2NDgxLCJleHAiOjE1NjQwNTEyODF9.IQsxkhdBkC57NcUqMrvpZ0xxh-r7zmLklSyLdmZHrp8 User-Agent: Mozilla/5.0 (Windows NT 10.0; Win64; x64) AppleWebKit/537.36 (KHTML, like Gecko) Chrome/75.0.3770.100 Safari/537.36
[2019-07-20T01:11:13.638] [DEBUG] default - URL: /api/pub/articles/list Method: GET Status: 200 Body: {} Authorization: Bearer eyJhbGciOiJIUzI1NiIsInR5cCI6IkpXVCJ9.eyJpZCI6MSwiaWF0IjoxNTYzNDQ2NDgxLCJleHAiOjE1NjQwNTEyODF9.IQsxkhdBkC57NcUqMrvpZ0xxh-r7zmLklSyLdmZHrp8 User-Agent: Mozilla/5.0 (Windows NT 10.0; Win64; x64) AppleWebKit/537.36 (KHTML, like Gecko) Chrome/75.0.3770.100 Safari/537.36
[2019-07-20T01:11:36.501] [DEBUG] default - URL: /api/pub/labels Method: GET Status: 200 Body: {} Authorization: Bearer eyJhbGciOiJIUzI1NiIsInR5cCI6IkpXVCJ9.eyJpZCI6MSwiaWF0IjoxNTYzNDQ2NDgxLCJleHAiOjE1NjQwNTEyODF9.IQsxkhdBkC57NcUqMrvpZ0xxh-r7zmLklSyLdmZHrp8 User-Agent: Mozilla/5.0 (Windows NT 10.0; Win64; x64) AppleWebKit/537.36 (KHTML, like Gecko) Chrome/75.0.3770.100 Safari/537.36
[2019-07-20T01:11:36.800] [DEBUG] default - URL: /api/pub/articles/list Method: GET Status: 200 Body: {} Authorization: Bearer eyJhbGciOiJIUzI1NiIsInR5cCI6IkpXVCJ9.eyJpZCI6MSwiaWF0IjoxNTYzNDQ2NDgxLCJleHAiOjE1NjQwNTEyODF9.IQsxkhdBkC57NcUqMrvpZ0xxh-r7zmLklSyLdmZHrp8 User-Agent: Mozilla/5.0 (Windows NT 10.0; Win64; x64) AppleWebKit/537.36 (KHTML, like Gecko) Chrome/75.0.3770.100 Safari/537.36
[2019-07-20T01:11:46.517] [DEBUG] default - URL: /api/pub/labels Method: GET Status: 200 Body: {} Authorization: Bearer eyJhbGciOiJIUzI1NiIsInR5cCI6IkpXVCJ9.eyJpZCI6MSwiaWF0IjoxNTYzNDQ2NDgxLCJleHAiOjE1NjQwNTEyODF9.IQsxkhdBkC57NcUqMrvpZ0xxh-r7zmLklSyLdmZHrp8 User-Agent: Mozilla/5.0 (Windows NT 10.0; Win64; x64) AppleWebKit/537.36 (KHTML, like Gecko) Chrome/75.0.3770.100 Safari/537.36
[2019-07-20T01:11:46.850] [DEBUG] default - URL: /api/pub/articles/list Method: GET Status: 200 Body: {} Authorization: Bearer eyJhbGciOiJIUzI1NiIsInR5cCI6IkpXVCJ9.eyJpZCI6MSwiaWF0IjoxNTYzNDQ2NDgxLCJleHAiOjE1NjQwNTEyODF9.IQsxkhdBkC57NcUqMrvpZ0xxh-r7zmLklSyLdmZHrp8 User-Agent: Mozilla/5.0 (Windows NT 10.0; Win64; x64) AppleWebKit/537.36 (KHTML, like Gecko) Chrome/75.0.3770.100 Safari/537.36
[2019-07-20T01:11:50.604] [DEBUG] default - URL: /api/pub/labels Method: GET Status: 200 Body: {} Authorization: Bearer eyJhbGciOiJIUzI1NiIsInR5cCI6IkpXVCJ9.eyJpZCI6MSwiaWF0IjoxNTYzNDQ2NDgxLCJleHAiOjE1NjQwNTEyODF9.IQsxkhdBkC57NcUqMrvpZ0xxh-r7zmLklSyLdmZHrp8 User-Agent: Mozilla/5.0 (Windows NT 10.0; Win64; x64) AppleWebKit/537.36 (KHTML, like Gecko) Chrome/75.0.3770.100 Safari/537.36
[2019-07-20T01:11:50.691] [DEBUG] default - URL: /api/pub/articles/list Method: GET Status: 200 Body: {} Authorization: Bearer eyJhbGciOiJIUzI1NiIsInR5cCI6IkpXVCJ9.eyJpZCI6MSwiaWF0IjoxNTYzNDQ2NDgxLCJleHAiOjE1NjQwNTEyODF9.IQsxkhdBkC57NcUqMrvpZ0xxh-r7zmLklSyLdmZHrp8 User-Agent: Mozilla/5.0 (Windows NT 10.0; Win64; x64) AppleWebKit/537.36 (KHTML, like Gecko) Chrome/75.0.3770.100 Safari/537.36
[2019-07-20T01:12:18.086] [DEBUG] default - URL: /api/pub/labels Method: GET Status: 200 Body: {} Authorization: Bearer eyJhbGciOiJIUzI1NiIsInR5cCI6IkpXVCJ9.eyJpZCI6MSwiaWF0IjoxNTYzNDQ2NDgxLCJleHAiOjE1NjQwNTEyODF9.IQsxkhdBkC57NcUqMrvpZ0xxh-r7zmLklSyLdmZHrp8 User-Agent: Mozilla/5.0 (Windows NT 10.0; Win64; x64) AppleWebKit/537.36 (KHTML, like Gecko) Chrome/75.0.3770.100 Safari/537.36
[2019-07-20T01:12:18.427] [DEBUG] default - URL: /api/pub/articles/list Method: GET Status: 200 Body: {} Authorization: Bearer eyJhbGciOiJIUzI1NiIsInR5cCI6IkpXVCJ9.eyJpZCI6MSwiaWF0IjoxNTYzNDQ2NDgxLCJleHAiOjE1NjQwNTEyODF9.IQsxkhdBkC57NcUqMrvpZ0xxh-r7zmLklSyLdmZHrp8 User-Agent: Mozilla/5.0 (Windows NT 10.0; Win64; x64) AppleWebKit/537.36 (KHTML, like Gecko) Chrome/75.0.3770.100 Safari/537.36
[2019-07-20T01:14:53.165] [DEBUG] default - URL: /api/pub/labels Method: GET Status: 200 Body: {} Authorization: Bearer eyJhbGciOiJIUzI1NiIsInR5cCI6IkpXVCJ9.eyJpZCI6MSwiaWF0IjoxNTYzNDQ2NDgxLCJleHAiOjE1NjQwNTEyODF9.IQsxkhdBkC57NcUqMrvpZ0xxh-r7zmLklSyLdmZHrp8 User-Agent: Mozilla/5.0 (Windows NT 10.0; Win64; x64) AppleWebKit/537.36 (KHTML, like Gecko) Chrome/75.0.3770.100 Safari/537.36
[2019-07-20T01:14:53.689] [DEBUG] default - URL: /api/pub/articles/list Method: GET Status: 200 Body: {} Authorization: Bearer eyJhbGciOiJIUzI1NiIsInR5cCI6IkpXVCJ9.eyJpZCI6MSwiaWF0IjoxNTYzNDQ2NDgxLCJleHAiOjE1NjQwNTEyODF9.IQsxkhdBkC57NcUqMrvpZ0xxh-r7zmLklSyLdmZHrp8 User-Agent: Mozilla/5.0 (Windows NT 10.0; Win64; x64) AppleWebKit/537.36 (KHTML, like Gecko) Chrome/75.0.3770.100 Safari/537.36
[2019-07-20T01:15:14.676] [DEBUG] default - URL: /api/pub/labels Method: GET Status: 200 Body: {} Authorization: Bearer eyJhbGciOiJIUzI1NiIsInR5cCI6IkpXVCJ9.eyJpZCI6MSwiaWF0IjoxNTYzNDQ2NDgxLCJleHAiOjE1NjQwNTEyODF9.IQsxkhdBkC57NcUqMrvpZ0xxh-r7zmLklSyLdmZHrp8 User-Agent: Mozilla/5.0 (Windows NT 10.0; Win64; x64) AppleWebKit/537.36 (KHTML, like Gecko) Chrome/75.0.3770.100 Safari/537.36
[2019-07-20T01:15:15.005] [DEBUG] default - URL: /api/pub/articles/list Method: GET Status: 200 Body: {} Authorization: Bearer eyJhbGciOiJIUzI1NiIsInR5cCI6IkpXVCJ9.eyJpZCI6MSwiaWF0IjoxNTYzNDQ2NDgxLCJleHAiOjE1NjQwNTEyODF9.IQsxkhdBkC57NcUqMrvpZ0xxh-r7zmLklSyLdmZHrp8 User-Agent: Mozilla/5.0 (Windows NT 10.0; Win64; x64) AppleWebKit/537.36 (KHTML, like Gecko) Chrome/75.0.3770.100 Safari/537.36
[2019-07-20T01:15:22.069] [DEBUG] default - URL: /api/pub/labels Method: GET Status: 200 Body: {} Authorization: Bearer eyJhbGciOiJIUzI1NiIsInR5cCI6IkpXVCJ9.eyJpZCI6MSwiaWF0IjoxNTYzNDQ2NDgxLCJleHAiOjE1NjQwNTEyODF9.IQsxkhdBkC57NcUqMrvpZ0xxh-r7zmLklSyLdmZHrp8 User-Agent: Mozilla/5.0 (Windows NT 10.0; Win64; x64) AppleWebKit/537.36 (KHTML, like Gecko) Chrome/75.0.3770.100 Safari/537.36
[2019-07-20T01:15:22.160] [DEBUG] default - URL: /api/pub/articles/list Method: GET Status: 200 Body: {} Authorization: Bearer eyJhbGciOiJIUzI1NiIsInR5cCI6IkpXVCJ9.eyJpZCI6MSwiaWF0IjoxNTYzNDQ2NDgxLCJleHAiOjE1NjQwNTEyODF9.IQsxkhdBkC57NcUqMrvpZ0xxh-r7zmLklSyLdmZHrp8 User-Agent: Mozilla/5.0 (Windows NT 10.0; Win64; x64) AppleWebKit/537.36 (KHTML, like Gecko) Chrome/75.0.3770.100 Safari/537.36
[2019-07-20T01:15:25.617] [DEBUG] default - URL: /api/pub/labels Method: GET Status: 200 Body: {} Authorization: Bearer eyJhbGciOiJIUzI1NiIsInR5cCI6IkpXVCJ9.eyJpZCI6MSwiaWF0IjoxNTYzNDQ2NDgxLCJleHAiOjE1NjQwNTEyODF9.IQsxkhdBkC57NcUqMrvpZ0xxh-r7zmLklSyLdmZHrp8 User-Agent: Mozilla/5.0 (Windows NT 10.0; Win64; x64) AppleWebKit/537.36 (KHTML, like Gecko) Chrome/75.0.3770.100 Safari/537.36
[2019-07-20T01:15:25.673] [DEBUG] default - URL: /api/pub/articles/list Method: GET Status: 200 Body: {} Authorization: Bearer eyJhbGciOiJIUzI1NiIsInR5cCI6IkpXVCJ9.eyJpZCI6MSwiaWF0IjoxNTYzNDQ2NDgxLCJleHAiOjE1NjQwNTEyODF9.IQsxkhdBkC57NcUqMrvpZ0xxh-r7zmLklSyLdmZHrp8 User-Agent: Mozilla/5.0 (Windows NT 10.0; Win64; x64) AppleWebKit/537.36 (KHTML, like Gecko) Chrome/75.0.3770.100 Safari/537.36
[2019-07-20T01:15:34.105] [DEBUG] default - URL: /api/pub/labels Method: GET Status: 200 Body: {} Authorization: Bearer eyJhbGciOiJIUzI1NiIsInR5cCI6IkpXVCJ9.eyJpZCI6MSwiaWF0IjoxNTYzNDQ2NDgxLCJleHAiOjE1NjQwNTEyODF9.IQsxkhdBkC57NcUqMrvpZ0xxh-r7zmLklSyLdmZHrp8 User-Agent: Mozilla/5.0 (Windows NT 10.0; Win64; x64) AppleWebKit/537.36 (KHTML, like Gecko) Chrome/75.0.3770.100 Safari/537.36
[2019-07-20T01:15:34.156] [DEBUG] default - URL: /api/pub/articles/list Method: GET Status: 200 Body: {} Authorization: Bearer eyJhbGciOiJIUzI1NiIsInR5cCI6IkpXVCJ9.eyJpZCI6MSwiaWF0IjoxNTYzNDQ2NDgxLCJleHAiOjE1NjQwNTEyODF9.IQsxkhdBkC57NcUqMrvpZ0xxh-r7zmLklSyLdmZHrp8 User-Agent: Mozilla/5.0 (Windows NT 10.0; Win64; x64) AppleWebKit/537.36 (KHTML, like Gecko) Chrome/75.0.3770.100 Safari/537.36
[2019-07-20T01:15:35.962] [DEBUG] default - URL: /api/pub/labels Method: GET Status: 200 Body: {} Authorization: Bearer eyJhbGciOiJIUzI1NiIsInR5cCI6IkpXVCJ9.eyJpZCI6MSwiaWF0IjoxNTYzNDQ2NDgxLCJleHAiOjE1NjQwNTEyODF9.IQsxkhdBkC57NcUqMrvpZ0xxh-r7zmLklSyLdmZHrp8 User-Agent: Mozilla/5.0 (Windows NT 10.0; Win64; x64) AppleWebKit/537.36 (KHTML, like Gecko) Chrome/75.0.3770.100 Safari/537.36
[2019-07-20T01:15:36.040] [DEBUG] default - URL: /api/pub/articles/list Method: GET Status: 200 Body: {} Authorization: Bearer eyJhbGciOiJIUzI1NiIsInR5cCI6IkpXVCJ9.eyJpZCI6MSwiaWF0IjoxNTYzNDQ2NDgxLCJleHAiOjE1NjQwNTEyODF9.IQsxkhdBkC57NcUqMrvpZ0xxh-r7zmLklSyLdmZHrp8 User-Agent: Mozilla/5.0 (Windows NT 10.0; Win64; x64) AppleWebKit/537.36 (KHTML, like Gecko) Chrome/75.0.3770.100 Safari/537.36
[2019-07-20T01:15:37.478] [DEBUG] default - URL: /api/pub/labels Method: GET Status: 200 Body: {} Authorization: Bearer eyJhbGciOiJIUzI1NiIsInR5cCI6IkpXVCJ9.eyJpZCI6MSwiaWF0IjoxNTYzNDQ2NDgxLCJleHAiOjE1NjQwNTEyODF9.IQsxkhdBkC57NcUqMrvpZ0xxh-r7zmLklSyLdmZHrp8 User-Agent: Mozilla/5.0 (Windows NT 10.0; Win64; x64) AppleWebKit/537.36 (KHTML, like Gecko) Chrome/75.0.3770.100 Safari/537.36
[2019-07-20T01:15:37.522] [DEBUG] default - URL: /api/pub/articles/list Method: GET Status: 200 Body: {} Authorization: Bearer eyJhbGciOiJIUzI1NiIsInR5cCI6IkpXVCJ9.eyJpZCI6MSwiaWF0IjoxNTYzNDQ2NDgxLCJleHAiOjE1NjQwNTEyODF9.IQsxkhdBkC57NcUqMrvpZ0xxh-r7zmLklSyLdmZHrp8 User-Agent: Mozilla/5.0 (Windows NT 10.0; Win64; x64) AppleWebKit/537.36 (KHTML, like Gecko) Chrome/75.0.3770.100 Safari/537.36
[2019-07-20T01:20:32.547] [DEBUG] default - URL: /api/pub/labels Method: GET Status: 200 Body: {} Authorization: Bearer eyJhbGciOiJIUzI1NiIsInR5cCI6IkpXVCJ9.eyJpZCI6MSwiaWF0IjoxNTYzNDQ2NDgxLCJleHAiOjE1NjQwNTEyODF9.IQsxkhdBkC57NcUqMrvpZ0xxh-r7zmLklSyLdmZHrp8 User-Agent: Mozilla/5.0 (Windows NT 10.0; Win64; x64) AppleWebKit/537.36 (KHTML, like Gecko) Chrome/75.0.3770.100 Safari/537.36
[2019-07-20T01:20:32.615] [DEBUG] default - URL: /api/pub/articles/list Method: GET Status: 200 Body: {} Authorization: Bearer eyJhbGciOiJIUzI1NiIsInR5cCI6IkpXVCJ9.eyJpZCI6MSwiaWF0IjoxNTYzNDQ2NDgxLCJleHAiOjE1NjQwNTEyODF9.IQsxkhdBkC57NcUqMrvpZ0xxh-r7zmLklSyLdmZHrp8 User-Agent: Mozilla/5.0 (Windows NT 10.0; Win64; x64) AppleWebKit/537.36 (KHTML, like Gecko) Chrome/75.0.3770.100 Safari/537.36
[2019-07-20T01:20:40.742] [DEBUG] default - URL: /api/pub/article/4 Method: GET Status: 200 Body: {} Authorization: Bearer eyJhbGciOiJIUzI1NiIsInR5cCI6IkpXVCJ9.eyJpZCI6MSwiaWF0IjoxNTYzNDQ2NDgxLCJleHAiOjE1NjQwNTEyODF9.IQsxkhdBkC57NcUqMrvpZ0xxh-r7zmLklSyLdmZHrp8 User-Agent: Mozilla/5.0 (Windows NT 10.0; Win64; x64) AppleWebKit/537.36 (KHTML, like Gecko) Chrome/75.0.3770.100 Safari/537.36
[2019-07-20T01:20:41.139] [DEBUG] default - URL: /api/pub/article/4/comments Method: GET Status: 200 Body: {} Authorization: Bearer eyJhbGciOiJIUzI1NiIsInR5cCI6IkpXVCJ9.eyJpZCI6MSwiaWF0IjoxNTYzNDQ2NDgxLCJleHAiOjE1NjQwNTEyODF9.IQsxkhdBkC57NcUqMrvpZ0xxh-r7zmLklSyLdmZHrp8 User-Agent: Mozilla/5.0 (Windows NT 10.0; Win64; x64) AppleWebKit/537.36 (KHTML, like Gecko) Chrome/75.0.3770.100 Safari/537.36
[2019-07-20T01:20:46.984] [DEBUG] default - URL: /api/pub/labels Method: GET Status: 200 Body: {} Authorization: Bearer eyJhbGciOiJIUzI1NiIsInR5cCI6IkpXVCJ9.eyJpZCI6MSwiaWF0IjoxNTYzNDQ2NDgxLCJleHAiOjE1NjQwNTEyODF9.IQsxkhdBkC57NcUqMrvpZ0xxh-r7zmLklSyLdmZHrp8 User-Agent: Mozilla/5.0 (Windows NT 10.0; Win64; x64) AppleWebKit/537.36 (KHTML, like Gecko) Chrome/75.0.3770.100 Safari/537.36
[2019-07-20T01:20:47.327] [DEBUG] default - URL: /api/pub/articles/list Method: GET Status: 200 Body: {} Authorization: Bearer eyJhbGciOiJIUzI1NiIsInR5cCI6IkpXVCJ9.eyJpZCI6MSwiaWF0IjoxNTYzNDQ2NDgxLCJleHAiOjE1NjQwNTEyODF9.IQsxkhdBkC57NcUqMrvpZ0xxh-r7zmLklSyLdmZHrp8 User-Agent: Mozilla/5.0 (Windows NT 10.0; Win64; x64) AppleWebKit/537.36 (KHTML, like Gecko) Chrome/75.0.3770.100 Safari/537.36
[2019-07-20T01:20:56.686] [DEBUG] default - URL: /api/pub/article/5 Method: GET Status: 200 Body: {} Authorization: Bearer eyJhbGciOiJIUzI1NiIsInR5cCI6IkpXVCJ9.eyJpZCI6MSwiaWF0IjoxNTYzNDQ2NDgxLCJleHAiOjE1NjQwNTEyODF9.IQsxkhdBkC57NcUqMrvpZ0xxh-r7zmLklSyLdmZHrp8 User-Agent: Mozilla/5.0 (Windows NT 10.0; Win64; x64) AppleWebKit/537.36 (KHTML, like Gecko) Chrome/75.0.3770.100 Safari/537.36
[2019-07-20T01:20:56.918] [DEBUG] default - URL: /api/pub/article/5/comments Method: GET Status: 404 Body: {} Authorization: Bearer eyJhbGciOiJIUzI1NiIsInR5cCI6IkpXVCJ9.eyJpZCI6MSwiaWF0IjoxNTYzNDQ2NDgxLCJleHAiOjE1NjQwNTEyODF9.IQsxkhdBkC57NcUqMrvpZ0xxh-r7zmLklSyLdmZHrp8 User-Agent: Mozilla/5.0 (Windows NT 10.0; Win64; x64) AppleWebKit/537.36 (KHTML, like Gecko) Chrome/75.0.3770.100 Safari/537.36
[2019-07-20T01:21:06.114] [DEBUG] default - URL: /api/pub/labels Method: GET Status: 200 Body: {} Authorization: Bearer eyJhbGciOiJIUzI1NiIsInR5cCI6IkpXVCJ9.eyJpZCI6MSwiaWF0IjoxNTYzNDQ2NDgxLCJleHAiOjE1NjQwNTEyODF9.IQsxkhdBkC57NcUqMrvpZ0xxh-r7zmLklSyLdmZHrp8 User-Agent: Mozilla/5.0 (Windows NT 10.0; Win64; x64) AppleWebKit/537.36 (KHTML, like Gecko) Chrome/75.0.3770.100 Safari/537.36
[2019-07-20T01:21:06.476] [DEBUG] default - URL: /api/pub/articles/list Method: GET Status: 200 Body: {} Authorization: Bearer eyJhbGciOiJIUzI1NiIsInR5cCI6IkpXVCJ9.eyJpZCI6MSwiaWF0IjoxNTYzNDQ2NDgxLCJleHAiOjE1NjQwNTEyODF9.IQsxkhdBkC57NcUqMrvpZ0xxh-r7zmLklSyLdmZHrp8 User-Agent: Mozilla/5.0 (Windows NT 10.0; Win64; x64) AppleWebKit/537.36 (KHTML, like Gecko) Chrome/75.0.3770.100 Safari/537.36
[2019-07-20T01:21:09.638] [DEBUG] default - URL: /api/pub/article/4 Method: GET Status: 200 Body: {} Authorization: Bearer eyJhbGciOiJIUzI1NiIsInR5cCI6IkpXVCJ9.eyJpZCI6MSwiaWF0IjoxNTYzNDQ2NDgxLCJleHAiOjE1NjQwNTEyODF9.IQsxkhdBkC57NcUqMrvpZ0xxh-r7zmLklSyLdmZHrp8 User-Agent: Mozilla/5.0 (Windows NT 10.0; Win64; x64) AppleWebKit/537.36 (KHTML, like Gecko) Chrome/75.0.3770.100 Safari/537.36
[2019-07-20T01:21:09.855] [DEBUG] default - URL: /api/pub/article/4/comments Method: GET Status: 200 Body: {} Authorization: Bearer eyJhbGciOiJIUzI1NiIsInR5cCI6IkpXVCJ9.eyJpZCI6MSwiaWF0IjoxNTYzNDQ2NDgxLCJleHAiOjE1NjQwNTEyODF9.IQsxkhdBkC57NcUqMrvpZ0xxh-r7zmLklSyLdmZHrp8 User-Agent: Mozilla/5.0 (Windows NT 10.0; Win64; x64) AppleWebKit/537.36 (KHTML, like Gecko) Chrome/75.0.3770.100 Safari/537.36
[2019-07-20T01:38:23.254] [DEBUG] default - URL: /api/pub/article/4 Method: GET Status: 200 Body: {} Authorization: Bearer eyJhbGciOiJIUzI1NiIsInR5cCI6IkpXVCJ9.eyJpZCI6MSwiaWF0IjoxNTYzNDQ2NDgxLCJleHAiOjE1NjQwNTEyODF9.IQsxkhdBkC57NcUqMrvpZ0xxh-r7zmLklSyLdmZHrp8 User-Agent: Mozilla/5.0 (Windows NT 10.0; Win64; x64) AppleWebKit/537.36 (KHTML, like Gecko) Chrome/75.0.3770.100 Safari/537.36
[2019-07-20T01:38:23.315] [DEBUG] default - URL: /api/pub/article/4/comments Method: GET Status: 200 Body: {} Authorization: Bearer eyJhbGciOiJIUzI1NiIsInR5cCI6IkpXVCJ9.eyJpZCI6MSwiaWF0IjoxNTYzNDQ2NDgxLCJleHAiOjE1NjQwNTEyODF9.IQsxkhdBkC57NcUqMrvpZ0xxh-r7zmLklSyLdmZHrp8 User-Agent: Mozilla/5.0 (Windows NT 10.0; Win64; x64) AppleWebKit/537.36 (KHTML, like Gecko) Chrome/75.0.3770.100 Safari/537.36
[2019-07-20T01:38:31.525] [DEBUG] default - URL: /api/pub/article/4 Method: GET Status: 200 Body: {} Authorization: Bearer eyJhbGciOiJIUzI1NiIsInR5cCI6IkpXVCJ9.eyJpZCI6MSwiaWF0IjoxNTYzNDQ2NDgxLCJleHAiOjE1NjQwNTEyODF9.IQsxkhdBkC57NcUqMrvpZ0xxh-r7zmLklSyLdmZHrp8 User-Agent: Mozilla/5.0 (Windows NT 10.0; Win64; x64) AppleWebKit/537.36 (KHTML, like Gecko) Chrome/75.0.3770.100 Safari/537.36
[2019-07-20T01:38:31.537] [DEBUG] default - URL: /api/pub/article/4/comments Method: GET Status: 200 Body: {} Authorization: Bearer eyJhbGciOiJIUzI1NiIsInR5cCI6IkpXVCJ9.eyJpZCI6MSwiaWF0IjoxNTYzNDQ2NDgxLCJleHAiOjE1NjQwNTEyODF9.IQsxkhdBkC57NcUqMrvpZ0xxh-r7zmLklSyLdmZHrp8 User-Agent: Mozilla/5.0 (Windows NT 10.0; Win64; x64) AppleWebKit/537.36 (KHTML, like Gecko) Chrome/75.0.3770.100 Safari/537.36
[2019-07-20T01:38:39.337] [DEBUG] default - URL: /api/pub/labels Method: GET Status: 200 Body: {} Authorization: Bearer eyJhbGciOiJIUzI1NiIsInR5cCI6IkpXVCJ9.eyJpZCI6MSwiaWF0IjoxNTYzNDQ2NDgxLCJleHAiOjE1NjQwNTEyODF9.IQsxkhdBkC57NcUqMrvpZ0xxh-r7zmLklSyLdmZHrp8 User-Agent: Mozilla/5.0 (Windows NT 10.0; Win64; x64) AppleWebKit/537.36 (KHTML, like Gecko) Chrome/75.0.3770.100 Safari/537.36
[2019-07-20T01:38:39.382] [DEBUG] default - URL: /api/pub/articles/list Method: GET Status: 200 Body: {} Authorization: Bearer eyJhbGciOiJIUzI1NiIsInR5cCI6IkpXVCJ9.eyJpZCI6MSwiaWF0IjoxNTYzNDQ2NDgxLCJleHAiOjE1NjQwNTEyODF9.IQsxkhdBkC57NcUqMrvpZ0xxh-r7zmLklSyLdmZHrp8 User-Agent: Mozilla/5.0 (Windows NT 10.0; Win64; x64) AppleWebKit/537.36 (KHTML, like Gecko) Chrome/75.0.3770.100 Safari/537.36
[2019-07-20T01:38:44.234] [DEBUG] default - URL: /api/pub/article/5 Method: GET Status: 200 Body: {} Authorization: Bearer eyJhbGciOiJIUzI1NiIsInR5cCI6IkpXVCJ9.eyJpZCI6MSwiaWF0IjoxNTYzNDQ2NDgxLCJleHAiOjE1NjQwNTEyODF9.IQsxkhdBkC57NcUqMrvpZ0xxh-r7zmLklSyLdmZHrp8 User-Agent: Mozilla/5.0 (Windows NT 10.0; Win64; x64) AppleWebKit/537.36 (KHTML, like Gecko) Chrome/75.0.3770.100 Safari/537.36
[2019-07-20T01:38:44.243] [DEBUG] default - URL: /api/pub/article/5/comments Method: GET Status: 404 Body: {} Authorization: Bearer eyJhbGciOiJIUzI1NiIsInR5cCI6IkpXVCJ9.eyJpZCI6MSwiaWF0IjoxNTYzNDQ2NDgxLCJleHAiOjE1NjQwNTEyODF9.IQsxkhdBkC57NcUqMrvpZ0xxh-r7zmLklSyLdmZHrp8 User-Agent: Mozilla/5.0 (Windows NT 10.0; Win64; x64) AppleWebKit/537.36 (KHTML, like Gecko) Chrome/75.0.3770.100 Safari/537.36
[2019-07-20T01:39:01.216] [DEBUG] default - URL: /api/pub/labels Method: GET Status: 200 Body: {} Authorization: Bearer eyJhbGciOiJIUzI1NiIsInR5cCI6IkpXVCJ9.eyJpZCI6MSwiaWF0IjoxNTYzNDQ2NDgxLCJleHAiOjE1NjQwNTEyODF9.IQsxkhdBkC57NcUqMrvpZ0xxh-r7zmLklSyLdmZHrp8 User-Agent: Mozilla/5.0 (Windows NT 10.0; Win64; x64) AppleWebKit/537.36 (KHTML, like Gecko) Chrome/75.0.3770.100 Safari/537.36
[2019-07-20T01:39:01.267] [DEBUG] default - URL: /api/pub/articles/list Method: GET Status: 200 Body: {} Authorization: Bearer eyJhbGciOiJIUzI1NiIsInR5cCI6IkpXVCJ9.eyJpZCI6MSwiaWF0IjoxNTYzNDQ2NDgxLCJleHAiOjE1NjQwNTEyODF9.IQsxkhdBkC57NcUqMrvpZ0xxh-r7zmLklSyLdmZHrp8 User-Agent: Mozilla/5.0 (Windows NT 10.0; Win64; x64) AppleWebKit/537.36 (KHTML, like Gecko) Chrome/75.0.3770.100 Safari/537.36
[2019-07-20T01:47:01.531] [DEBUG] default - URL: /api/pub/article/5/comments Method: GET Status: 404 Body: {} Authorization: Bearer eyJhbGciOiJIUzI1NiIsInR5cCI6IkpXVCJ9.eyJpZCI6MSwiaWF0IjoxNTYzNDQ2NDgxLCJleHAiOjE1NjQwNTEyODF9.IQsxkhdBkC57NcUqMrvpZ0xxh-r7zmLklSyLdmZHrp8 User-Agent: Mozilla/5.0 (Windows NT 10.0; Win64; x64) AppleWebKit/537.36 (KHTML, like Gecko) Chrome/75.0.3770.100 Safari/537.36
[2019-07-20T01:47:01.534] [DEBUG] default - URL: /api/pub/article/5 Method: GET Status: 200 Body: {} Authorization: Bearer eyJhbGciOiJIUzI1NiIsInR5cCI6IkpXVCJ9.eyJpZCI6MSwiaWF0IjoxNTYzNDQ2NDgxLCJleHAiOjE1NjQwNTEyODF9.IQsxkhdBkC57NcUqMrvpZ0xxh-r7zmLklSyLdmZHrp8 User-Agent: Mozilla/5.0 (Windows NT 10.0; Win64; x64) AppleWebKit/537.36 (KHTML, like Gecko) Chrome/75.0.3770.100 Safari/537.36
[2019-07-20T01:47:05.361] [DEBUG] default - URL: /api/pub/labels Method: GET Status: 200 Body: {} Authorization: Bearer eyJhbGciOiJIUzI1NiIsInR5cCI6IkpXVCJ9.eyJpZCI6MSwiaWF0IjoxNTYzNDQ2NDgxLCJleHAiOjE1NjQwNTEyODF9.IQsxkhdBkC57NcUqMrvpZ0xxh-r7zmLklSyLdmZHrp8 User-Agent: Mozilla/5.0 (Windows NT 10.0; Win64; x64) AppleWebKit/537.36 (KHTML, like Gecko) Chrome/75.0.3770.100 Safari/537.36
[2019-07-20T01:47:05.681] [DEBUG] default - URL: /api/pub/articles/list Method: GET Status: 200 Body: {} Authorization: Bearer eyJhbGciOiJIUzI1NiIsInR5cCI6IkpXVCJ9.eyJpZCI6MSwiaWF0IjoxNTYzNDQ2NDgxLCJleHAiOjE1NjQwNTEyODF9.IQsxkhdBkC57NcUqMrvpZ0xxh-r7zmLklSyLdmZHrp8 User-Agent: Mozilla/5.0 (Windows NT 10.0; Win64; x64) AppleWebKit/537.36 (KHTML, like Gecko) Chrome/75.0.3770.100 Safari/537.36
[2019-07-20T01:58:01.912] [DEBUG] default - URL: /api/pub/labels Method: GET Status: 200 Body: {} Authorization: null User-Agent: Mozilla/5.0 (Windows NT 10.0; Win64; x64; rv:68.0) Gecko/20100101 Firefox/68.0
[2019-07-20T01:58:02.041] [DEBUG] default - URL: /api/pub/articles/list Method: GET Status: 200 Body: {} Authorization: null User-Agent: Mozilla/5.0 (Windows NT 10.0; Win64; x64; rv:68.0) Gecko/20100101 Firefox/68.0
[2019-07-20T01:58:07.376] [DEBUG] default - URL: /api/pub/article/4 Method: GET Status: 200 Body: {} Authorization: null User-Agent: Mozilla/5.0 (Windows NT 10.0; Win64; x64; rv:68.0) Gecko/20100101 Firefox/68.0
[2019-07-20T01:58:07.389] [DEBUG] default - URL: /api/pub/article/4/comments Method: GET Status: 200 Body: {} Authorization: null User-Agent: Mozilla/5.0 (Windows NT 10.0; Win64; x64; rv:68.0) Gecko/20100101 Firefox/68.0
[2019-07-20T01:58:11.280] [DEBUG] default - URL: /api/pub/labels Method: GET Status: 200 Body: {} Authorization: null User-Agent: Mozilla/5.0 (Windows NT 10.0; Win64; x64; rv:68.0) Gecko/20100101 Firefox/68.0
[2019-07-20T01:58:11.313] [DEBUG] default - URL: /api/pub/articles/list Method: GET Status: 200 Body: {} Authorization: null User-Agent: Mozilla/5.0 (Windows NT 10.0; Win64; x64; rv:68.0) Gecko/20100101 Firefox/68.0
[2019-07-20T02:04:46.295] [DEBUG] default - URL: /api/pub/article/6 Method: GET Status: 200 Body: {} Authorization: null User-Agent: Mozilla/5.0 (Windows NT 10.0; Win64; x64; rv:68.0) Gecko/20100101 Firefox/68.0
[2019-07-20T02:04:46.301] [DEBUG] default - URL: /api/pub/article/6/comments Method: GET Status: 404 Body: {} Authorization: null User-Agent: Mozilla/5.0 (Windows NT 10.0; Win64; x64; rv:68.0) Gecko/20100101 Firefox/68.0
[2019-07-20T02:04:48.129] [DEBUG] default - URL: /api/pub/labels Method: GET Status: 200 Body: {} Authorization: null User-Agent: Mozilla/5.0 (Windows NT 10.0; Win64; x64; rv:68.0) Gecko/20100101 Firefox/68.0
[2019-07-20T02:04:48.172] [DEBUG] default - URL: /api/pub/articles/list Method: GET Status: 200 Body: {} Authorization: null User-Agent: Mozilla/5.0 (Windows NT 10.0; Win64; x64; rv:68.0) Gecko/20100101 Firefox/68.0
[2019-07-20T02:04:49.930] [DEBUG] default - URL: /api/pub/article/4 Method: GET Status: 200 Body: {} Authorization: null User-Agent: Mozilla/5.0 (Windows NT 10.0; Win64; x64; rv:68.0) Gecko/20100101 Firefox/68.0
[2019-07-20T02:04:49.933] [DEBUG] default - URL: /api/pub/article/4/comments Method: GET Status: 200 Body: {} Authorization: null User-Agent: Mozilla/5.0 (Windows NT 10.0; Win64; x64; rv:68.0) Gecko/20100101 Firefox/68.0
[2019-07-20T02:05:26.181] [DEBUG] default - URL: /api/pub/labels Method: GET Status: 200 Body: {} Authorization: Bearer eyJhbGciOiJIUzI1NiIsInR5cCI6IkpXVCJ9.eyJpZCI6MSwiaWF0IjoxNTYzNDQ2NDgxLCJleHAiOjE1NjQwNTEyODF9.IQsxkhdBkC57NcUqMrvpZ0xxh-r7zmLklSyLdmZHrp8 User-Agent: Mozilla/5.0 (Windows NT 10.0; Win64; x64) AppleWebKit/537.36 (KHTML, like Gecko) Chrome/75.0.3770.100 Safari/537.36
[2019-07-20T02:05:26.254] [DEBUG] default - URL: /api/pub/articles/list Method: GET Status: 200 Body: {} Authorization: Bearer eyJhbGciOiJIUzI1NiIsInR5cCI6IkpXVCJ9.eyJpZCI6MSwiaWF0IjoxNTYzNDQ2NDgxLCJleHAiOjE1NjQwNTEyODF9.IQsxkhdBkC57NcUqMrvpZ0xxh-r7zmLklSyLdmZHrp8 User-Agent: Mozilla/5.0 (Windows NT 10.0; Win64; x64) AppleWebKit/537.36 (KHTML, like Gecko) Chrome/75.0.3770.100 Safari/537.36
[2019-07-20T02:05:28.372] [DEBUG] default - URL: /api/pub/article/4 Method: GET Status: 200 Body: {} Authorization: Bearer eyJhbGciOiJIUzI1NiIsInR5cCI6IkpXVCJ9.eyJpZCI6MSwiaWF0IjoxNTYzNDQ2NDgxLCJleHAiOjE1NjQwNTEyODF9.IQsxkhdBkC57NcUqMrvpZ0xxh-r7zmLklSyLdmZHrp8 User-Agent: Mozilla/5.0 (Windows NT 10.0; Win64; x64) AppleWebKit/537.36 (KHTML, like Gecko) Chrome/75.0.3770.100 Safari/537.36
[2019-07-20T02:05:28.381] [DEBUG] default - URL: /api/pub/article/4/comments Method: GET Status: 200 Body: {} Authorization: Bearer eyJhbGciOiJIUzI1NiIsInR5cCI6IkpXVCJ9.eyJpZCI6MSwiaWF0IjoxNTYzNDQ2NDgxLCJleHAiOjE1NjQwNTEyODF9.IQsxkhdBkC57NcUqMrvpZ0xxh-r7zmLklSyLdmZHrp8 User-Agent: Mozilla/5.0 (Windows NT 10.0; Win64; x64) AppleWebKit/537.36 (KHTML, like Gecko) Chrome/75.0.3770.100 Safari/537.36
[2019-07-20T02:05:32.011] [DEBUG] default - URL: /api/pub/labels Method: GET Status: 200 Body: {} Authorization: Bearer eyJhbGciOiJIUzI1NiIsInR5cCI6IkpXVCJ9.eyJpZCI6MSwiaWF0IjoxNTYzNDQ2NDgxLCJleHAiOjE1NjQwNTEyODF9.IQsxkhdBkC57NcUqMrvpZ0xxh-r7zmLklSyLdmZHrp8 User-Agent: Mozilla/5.0 (Windows NT 10.0; Win64; x64) AppleWebKit/537.36 (KHTML, like Gecko) Chrome/75.0.3770.100 Safari/537.36
[2019-07-20T02:05:32.068] [DEBUG] default - URL: /api/pub/articles/list Method: GET Status: 200 Body: {} Authorization: Bearer eyJhbGciOiJIUzI1NiIsInR5cCI6IkpXVCJ9.eyJpZCI6MSwiaWF0IjoxNTYzNDQ2NDgxLCJleHAiOjE1NjQwNTEyODF9.IQsxkhdBkC57NcUqMrvpZ0xxh-r7zmLklSyLdmZHrp8 User-Agent: Mozilla/5.0 (Windows NT 10.0; Win64; x64) AppleWebKit/537.36 (KHTML, like Gecko) Chrome/75.0.3770.100 Safari/537.36
[2019-07-20T02:05:34.167] [DEBUG] default - URL: /api/pub/article/1 Method: GET Status: 200 Body: {} Authorization: Bearer eyJhbGciOiJIUzI1NiIsInR5cCI6IkpXVCJ9.eyJpZCI6MSwiaWF0IjoxNTYzNDQ2NDgxLCJleHAiOjE1NjQwNTEyODF9.IQsxkhdBkC57NcUqMrvpZ0xxh-r7zmLklSyLdmZHrp8 User-Agent: Mozilla/5.0 (Windows NT 10.0; Win64; x64) AppleWebKit/537.36 (KHTML, like Gecko) Chrome/75.0.3770.100 Safari/537.36
[2019-07-20T02:05:34.197] [DEBUG] default - URL: /api/pub/article/1/comments Method: GET Status: 404 Body: {} Authorization: Bearer eyJhbGciOiJIUzI1NiIsInR5cCI6IkpXVCJ9.eyJpZCI6MSwiaWF0IjoxNTYzNDQ2NDgxLCJleHAiOjE1NjQwNTEyODF9.IQsxkhdBkC57NcUqMrvpZ0xxh-r7zmLklSyLdmZHrp8 User-Agent: Mozilla/5.0 (Windows NT 10.0; Win64; x64) AppleWebKit/537.36 (KHTML, like Gecko) Chrome/75.0.3770.100 Safari/537.36
[2019-07-20T02:07:52.055] [DEBUG] default - URL: /api/pub/article/4/comments Method: GET Status: 200 Body: {} Authorization: null User-Agent: Mozilla/5.0 (Windows NT 10.0; Win64; x64; rv:68.0) Gecko/20100101 Firefox/68.0
[2019-07-20T02:07:52.396] [DEBUG] default - URL: /api/pub/article/1/comments Method: GET Status: 404 Body: {} Authorization: Bearer eyJhbGciOiJIUzI1NiIsInR5cCI6IkpXVCJ9.eyJpZCI6MSwiaWF0IjoxNTYzNDQ2NDgxLCJleHAiOjE1NjQwNTEyODF9.IQsxkhdBkC57NcUqMrvpZ0xxh-r7zmLklSyLdmZHrp8 User-Agent: Mozilla/5.0 (Windows NT 10.0; Win64; x64) AppleWebKit/537.36 (KHTML, like Gecko) Chrome/75.0.3770.100 Safari/537.36
[2019-07-20T02:08:01.833] [DEBUG] default - URL: /api/pub/article/1 Method: GET Status: 200 Body: {} Authorization: Bearer eyJhbGciOiJIUzI1NiIsInR5cCI6IkpXVCJ9.eyJpZCI6MSwiaWF0IjoxNTYzNDQ2NDgxLCJleHAiOjE1NjQwNTEyODF9.IQsxkhdBkC57NcUqMrvpZ0xxh-r7zmLklSyLdmZHrp8 User-Agent: Mozilla/5.0 (Windows NT 10.0; Win64; x64) AppleWebKit/537.36 (KHTML, like Gecko) Chrome/75.0.3770.100 Safari/537.36
[2019-07-20T02:08:01.836] [DEBUG] default - URL: /api/pub/article/1/comments Method: GET Status: 404 Body: {} Authorization: Bearer eyJhbGciOiJIUzI1NiIsInR5cCI6IkpXVCJ9.eyJpZCI6MSwiaWF0IjoxNTYzNDQ2NDgxLCJleHAiOjE1NjQwNTEyODF9.IQsxkhdBkC57NcUqMrvpZ0xxh-r7zmLklSyLdmZHrp8 User-Agent: Mozilla/5.0 (Windows NT 10.0; Win64; x64) AppleWebKit/537.36 (KHTML, like Gecko) Chrome/75.0.3770.100 Safari/537.36
[2019-07-20T02:08:08.432] [DEBUG] default - URL: /api/comment Method: POST Status: 201 Body: {"article_id":1,"nickname":"dfdf","content":"dfd"} Authorization: Bearer eyJhbGciOiJIUzI1NiIsInR5cCI6IkpXVCJ9.eyJpZCI6MSwiaWF0IjoxNTYzNDQ2NDgxLCJleHAiOjE1NjQwNTEyODF9.IQsxkhdBkC57NcUqMrvpZ0xxh-r7zmLklSyLdmZHrp8 User-Agent: Mozilla/5.0 (Windows NT 10.0; Win64; x64) AppleWebKit/537.36 (KHTML, like Gecko) Chrome/75.0.3770.100 Safari/537.36
[2019-07-20T02:08:08.572] [DEBUG] default - URL: /api/pub/article/1/comments Method: GET Status: 200 Body: {} Authorization: Bearer eyJhbGciOiJIUzI1NiIsInR5cCI6IkpXVCJ9.eyJpZCI6MSwiaWF0IjoxNTYzNDQ2NDgxLCJleHAiOjE1NjQwNTEyODF9.IQsxkhdBkC57NcUqMrvpZ0xxh-r7zmLklSyLdmZHrp8 User-Agent: Mozilla/5.0 (Windows NT 10.0; Win64; x64) AppleWebKit/537.36 (KHTML, like Gecko) Chrome/75.0.3770.100 Safari/537.36
[2019-07-20T02:08:27.583] [DEBUG] default - URL: /api/pub/article/4/comments Method: GET Status: 200 Body: {} Authorization: null User-Agent: Mozilla/5.0 (Windows NT 10.0; Win64; x64; rv:68.0) Gecko/20100101 Firefox/68.0
[2019-07-20T02:08:30.711] [DEBUG] default - URL: /api/pub/article/1 Method: GET Status: 200 Body: {} Authorization: Bearer eyJhbGciOiJIUzI1NiIsInR5cCI6IkpXVCJ9.eyJpZCI6MSwiaWF0IjoxNTYzNDQ2NDgxLCJleHAiOjE1NjQwNTEyODF9.IQsxkhdBkC57NcUqMrvpZ0xxh-r7zmLklSyLdmZHrp8 User-Agent: Mozilla/5.0 (Windows NT 10.0; Win64; x64) AppleWebKit/537.36 (KHTML, like Gecko) Chrome/75.0.3770.100 Safari/537.36
[2019-07-20T02:08:30.738] [DEBUG] default - URL: /api/pub/article/1/comments Method: GET Status: 200 Body: {} Authorization: Bearer eyJhbGciOiJIUzI1NiIsInR5cCI6IkpXVCJ9.eyJpZCI6MSwiaWF0IjoxNTYzNDQ2NDgxLCJleHAiOjE1NjQwNTEyODF9.IQsxkhdBkC57NcUqMrvpZ0xxh-r7zmLklSyLdmZHrp8 User-Agent: Mozilla/5.0 (Windows NT 10.0; Win64; x64) AppleWebKit/537.36 (KHTML, like Gecko) Chrome/75.0.3770.100 Safari/537.36
[2019-07-20T02:08:35.644] [DEBUG] default - URL: /api/comment Method: POST Status: 201 Body: {"article_id":1,"nickname":"dfd","content":"fdsf"} Authorization: Bearer eyJhbGciOiJIUzI1NiIsInR5cCI6IkpXVCJ9.eyJpZCI6MSwiaWF0IjoxNTYzNDQ2NDgxLCJleHAiOjE1NjQwNTEyODF9.IQsxkhdBkC57NcUqMrvpZ0xxh-r7zmLklSyLdmZHrp8 User-Agent: Mozilla/5.0 (Windows NT 10.0; Win64; x64) AppleWebKit/537.36 (KHTML, like Gecko) Chrome/75.0.3770.100 Safari/537.36
[2019-07-20T02:08:35.894] [DEBUG] default - URL: /api/pub/article/1/comments Method: GET Status: 200 Body: {} Authorization: Bearer eyJhbGciOiJIUzI1NiIsInR5cCI6IkpXVCJ9.eyJpZCI6MSwiaWF0IjoxNTYzNDQ2NDgxLCJleHAiOjE1NjQwNTEyODF9.IQsxkhdBkC57NcUqMrvpZ0xxh-r7zmLklSyLdmZHrp8 User-Agent: Mozilla/5.0 (Windows NT 10.0; Win64; x64) AppleWebKit/537.36 (KHTML, like Gecko) Chrome/75.0.3770.100 Safari/537.36
[2019-07-20T02:08:48.091] [DEBUG] default - URL: /api/comment Method: POST Status: 201 Body: {"article_id":1,"nickname":"edgar","content":""} Authorization: Bearer eyJhbGciOiJIUzI1NiIsInR5cCI6IkpXVCJ9.eyJpZCI6MSwiaWF0IjoxNTYzNDQ2NDgxLCJleHAiOjE1NjQwNTEyODF9.IQsxkhdBkC57NcUqMrvpZ0xxh-r7zmLklSyLdmZHrp8 User-Agent: Mozilla/5.0 (Windows NT 10.0; Win64; x64) AppleWebKit/537.36 (KHTML, like Gecko) Chrome/75.0.3770.100 Safari/537.36
[2019-07-20T02:08:48.313] [DEBUG] default - URL: /api/pub/article/1/comments Method: GET Status: 200 Body: {} Authorization: Bearer eyJhbGciOiJIUzI1NiIsInR5cCI6IkpXVCJ9.eyJpZCI6MSwiaWF0IjoxNTYzNDQ2NDgxLCJleHAiOjE1NjQwNTEyODF9.IQsxkhdBkC57NcUqMrvpZ0xxh-r7zmLklSyLdmZHrp8 User-Agent: Mozilla/5.0 (Windows NT 10.0; Win64; x64) AppleWebKit/537.36 (KHTML, like Gecko) Chrome/75.0.3770.100 Safari/537.36
[2019-07-20T20:01:54.056] [DEBUG] default - URL: /api/qiniu/token Method: GET Status: 201 Body: {} Authorization: Bearer eyJhbGciOiJIUzI1NiIsInR5cCI6IkpXVCJ9.eyJpZCI6MSwiaWF0IjoxNTYzNDQ2NDgxLCJleHAiOjE1NjQwNTEyODF9.IQsxkhdBkC57NcUqMrvpZ0xxh-r7zmLklSyLdmZHrp8 User-Agent: Mozilla/5.0 (Windows NT 10.0; Win64; x64) AppleWebKit/537.36 (KHTML, like Gecko) Chrome/75.0.3770.100 Safari/537.36
[2019-07-20T20:01:54.122] [DEBUG] default - URL: /api/pub/labels Method: GET Status: 200 Body: {} Authorization: Bearer eyJhbGciOiJIUzI1NiIsInR5cCI6IkpXVCJ9.eyJpZCI6MSwiaWF0IjoxNTYzNDQ2NDgxLCJleHAiOjE1NjQwNTEyODF9.IQsxkhdBkC57NcUqMrvpZ0xxh-r7zmLklSyLdmZHrp8 User-Agent: Mozilla/5.0 (Windows NT 10.0; Win64; x64) AppleWebKit/537.36 (KHTML, like Gecko) Chrome/75.0.3770.100 Safari/537.36
[2019-07-20T20:02:04.073] [DEBUG] default - URL: /api/qiniu/token Method: GET Status: 201 Body: {} Authorization: Bearer eyJhbGciOiJIUzI1NiIsInR5cCI6IkpXVCJ9.eyJpZCI6MSwiaWF0IjoxNTYzNDQ2NDgxLCJleHAiOjE1NjQwNTEyODF9.IQsxkhdBkC57NcUqMrvpZ0xxh-r7zmLklSyLdmZHrp8 User-Agent: Mozilla/5.0 (Windows NT 10.0; Win64; x64) AppleWebKit/537.36 (KHTML, like Gecko) Chrome/75.0.3770.100 Safari/537.36
[2019-07-20T20:02:04.390] [DEBUG] default - URL: /api/pub/labels Method: GET Status: 200 Body: {} Authorization: Bearer eyJhbGciOiJIUzI1NiIsInR5cCI6IkpXVCJ9.eyJpZCI6MSwiaWF0IjoxNTYzNDQ2NDgxLCJleHAiOjE1NjQwNTEyODF9.IQsxkhdBkC57NcUqMrvpZ0xxh-r7zmLklSyLdmZHrp8 User-Agent: Mozilla/5.0 (Windows NT 10.0; Win64; x64) AppleWebKit/537.36 (KHTML, like Gecko) Chrome/75.0.3770.100 Safari/537.36
[2019-07-20T20:02:11.182] [DEBUG] default - URL: /api/qiniu/token Method: GET Status: 201 Body: {} Authorization: Bearer eyJhbGciOiJIUzI1NiIsInR5cCI6IkpXVCJ9.eyJpZCI6MSwiaWF0IjoxNTYzNDQ2NDgxLCJleHAiOjE1NjQwNTEyODF9.IQsxkhdBkC57NcUqMrvpZ0xxh-r7zmLklSyLdmZHrp8 User-Agent: Mozilla/5.0 (Windows NT 10.0; Win64; x64) AppleWebKit/537.36 (KHTML, like Gecko) Chrome/75.0.3770.100 Safari/537.36
[2019-07-20T20:02:11.196] [DEBUG] default - URL: /api/pub/labels Method: GET Status: 200 Body: {} Authorization: Bearer eyJhbGciOiJIUzI1NiIsInR5cCI6IkpXVCJ9.eyJpZCI6MSwiaWF0IjoxNTYzNDQ2NDgxLCJleHAiOjE1NjQwNTEyODF9.IQsxkhdBkC57NcUqMrvpZ0xxh-r7zmLklSyLdmZHrp8 User-Agent: Mozilla/5.0 (Windows NT 10.0; Win64; x64) AppleWebKit/537.36 (KHTML, like Gecko) Chrome/75.0.3770.100 Safari/537.36
[2019-07-20T20:05:13.347] [DEBUG] default - URL: /api/qiniu/token Method: GET Status: 201 Body: {} Authorization: Bearer eyJhbGciOiJIUzI1NiIsInR5cCI6IkpXVCJ9.eyJpZCI6MSwiaWF0IjoxNTYzNDQ2NDgxLCJleHAiOjE1NjQwNTEyODF9.IQsxkhdBkC57NcUqMrvpZ0xxh-r7zmLklSyLdmZHrp8 User-Agent: Mozilla/5.0 (Windows NT 10.0; Win64; x64) AppleWebKit/537.36 (KHTML, like Gecko) Chrome/75.0.3770.100 Safari/537.36
[2019-07-20T20:05:13.359] [DEBUG] default - URL: /api/pub/labels Method: GET Status: 200 Body: {} Authorization: Bearer eyJhbGciOiJIUzI1NiIsInR5cCI6IkpXVCJ9.eyJpZCI6MSwiaWF0IjoxNTYzNDQ2NDgxLCJleHAiOjE1NjQwNTEyODF9.IQsxkhdBkC57NcUqMrvpZ0xxh-r7zmLklSyLdmZHrp8 User-Agent: Mozilla/5.0 (Windows NT 10.0; Win64; x64) AppleWebKit/537.36 (KHTML, like Gecko) Chrome/75.0.3770.100 Safari/537.36
[2019-07-20T20:05:22.161] [DEBUG] default - URL: /api/qiniu/token Method: GET Status: 201 Body: {} Authorization: Bearer eyJhbGciOiJIUzI1NiIsInR5cCI6IkpXVCJ9.eyJpZCI6MSwiaWF0IjoxNTYzNDQ2NDgxLCJleHAiOjE1NjQwNTEyODF9.IQsxkhdBkC57NcUqMrvpZ0xxh-r7zmLklSyLdmZHrp8 User-Agent: Mozilla/5.0 (Windows NT 10.0; Win64; x64) AppleWebKit/537.36 (KHTML, like Gecko) Chrome/75.0.3770.100 Safari/537.36
[2019-07-20T20:05:22.469] [DEBUG] default - URL: /api/pub/labels Method: GET Status: 200 Body: {} Authorization: Bearer eyJhbGciOiJIUzI1NiIsInR5cCI6IkpXVCJ9.eyJpZCI6MSwiaWF0IjoxNTYzNDQ2NDgxLCJleHAiOjE1NjQwNTEyODF9.IQsxkhdBkC57NcUqMrvpZ0xxh-r7zmLklSyLdmZHrp8 User-Agent: Mozilla/5.0 (Windows NT 10.0; Win64; x64) AppleWebKit/537.36 (KHTML, like Gecko) Chrome/75.0.3770.100 Safari/537.36
[2019-07-20T20:09:54.786] [DEBUG] default - URL: /api/pub/articles/list Method: GET Status: 200 Body: {} Authorization: Bearer eyJhbGciOiJIUzI1NiIsInR5cCI6IkpXVCJ9.eyJpZCI6MSwiaWF0IjoxNTYzNDQ2NDgxLCJleHAiOjE1NjQwNTEyODF9.IQsxkhdBkC57NcUqMrvpZ0xxh-r7zmLklSyLdmZHrp8 User-Agent: Mozilla/5.0 (Windows NT 10.0; Win64; x64) AppleWebKit/537.36 (KHTML, like Gecko) Chrome/75.0.3770.100 Safari/537.36
[2019-07-20T20:10:40.838] [DEBUG] default - URL: /api/pub/articles/list Method: GET Status: 200 Body: {} Authorization: Bearer eyJhbGciOiJIUzI1NiIsInR5cCI6IkpXVCJ9.eyJpZCI6MSwiaWF0IjoxNTYzNDQ2NDgxLCJleHAiOjE1NjQwNTEyODF9.IQsxkhdBkC57NcUqMrvpZ0xxh-r7zmLklSyLdmZHrp8 User-Agent: Mozilla/5.0 (Windows NT 10.0; Win64; x64) AppleWebKit/537.36 (KHTML, like Gecko) Chrome/75.0.3770.100 Safari/537.36
[2019-07-20T21:57:15.951] [DEBUG] default - URL: /api/pub/articles/list Method: GET Status: 200 Body: {} Authorization: Bearer eyJhbGciOiJIUzI1NiIsInR5cCI6IkpXVCJ9.eyJpZCI6MSwiaWF0IjoxNTYzNDQ2NDgxLCJleHAiOjE1NjQwNTEyODF9.IQsxkhdBkC57NcUqMrvpZ0xxh-r7zmLklSyLdmZHrp8 User-Agent: Mozilla/5.0 (Windows NT 10.0; Win64; x64) AppleWebKit/537.36 (KHTML, like Gecko) Chrome/75.0.3770.100 Safari/537.36
[2019-07-20T21:57:19.475] [DEBUG] default - URL: /api/pub/articles/list Method: GET Status: 200 Body: {} Authorization: Bearer eyJhbGciOiJIUzI1NiIsInR5cCI6IkpXVCJ9.eyJpZCI6MSwiaWF0IjoxNTYzNDQ2NDgxLCJleHAiOjE1NjQwNTEyODF9.IQsxkhdBkC57NcUqMrvpZ0xxh-r7zmLklSyLdmZHrp8 User-Agent: Mozilla/5.0 (Windows NT 10.0; Win64; x64) AppleWebKit/537.36 (KHTML, like Gecko) Chrome/75.0.3770.100 Safari/537.36
[2019-07-20T22:32:16.021] [DEBUG] default - URL: /api/pub/articles/list Method: GET Status: 200 Body: {} Authorization: Bearer eyJhbGciOiJIUzI1NiIsInR5cCI6IkpXVCJ9.eyJpZCI6MSwiaWF0IjoxNTYzNDQ2NDgxLCJleHAiOjE1NjQwNTEyODF9.IQsxkhdBkC57NcUqMrvpZ0xxh-r7zmLklSyLdmZHrp8 User-Agent: Mozilla/5.0 (Windows NT 10.0; Win64; x64) AppleWebKit/537.36 (KHTML, like Gecko) Chrome/75.0.3770.100 Safari/537.36
[2019-07-20T22:32:27.932] [DEBUG] default - URL: /api/pub/articles/list Method: GET Status: 200 Body: {} Authorization: Bearer eyJhbGciOiJIUzI1NiIsInR5cCI6IkpXVCJ9.eyJpZCI6MSwiaWF0IjoxNTYzNDQ2NDgxLCJleHAiOjE1NjQwNTEyODF9.IQsxkhdBkC57NcUqMrvpZ0xxh-r7zmLklSyLdmZHrp8 User-Agent: Mozilla/5.0 (Windows NT 10.0; Win64; x64) AppleWebKit/537.36 (KHTML, like Gecko) Chrome/75.0.3770.100 Safari/537.36
[2019-07-20T22:32:53.661] [DEBUG] default - URL: /api/pub/articles/list Method: GET Status: 200 Body: {} Authorization: Bearer eyJhbGciOiJIUzI1NiIsInR5cCI6IkpXVCJ9.eyJpZCI6MSwiaWF0IjoxNTYzNDQ2NDgxLCJleHAiOjE1NjQwNTEyODF9.IQsxkhdBkC57NcUqMrvpZ0xxh-r7zmLklSyLdmZHrp8 User-Agent: Mozilla/5.0 (Windows NT 10.0; Win64; x64) AppleWebKit/537.36 (KHTML, like Gecko) Chrome/75.0.3770.100 Safari/537.36
[2019-07-20T22:33:12.212] [DEBUG] default - URL: /api/pub/articles/list Method: GET Status: 200 Body: {} Authorization: Bearer eyJhbGciOiJIUzI1NiIsInR5cCI6IkpXVCJ9.eyJpZCI6MSwiaWF0IjoxNTYzNDQ2NDgxLCJleHAiOjE1NjQwNTEyODF9.IQsxkhdBkC57NcUqMrvpZ0xxh-r7zmLklSyLdmZHrp8 User-Agent: Mozilla/5.0 (Windows NT 10.0; Win64; x64) AppleWebKit/537.36 (KHTML, like Gecko) Chrome/75.0.3770.100 Safari/537.36
[2019-07-20T22:33:14.245] [DEBUG] default - URL: /api/pub/articles/list Method: GET Status: 200 Body: {} Authorization: Bearer eyJhbGciOiJIUzI1NiIsInR5cCI6IkpXVCJ9.eyJpZCI6MSwiaWF0IjoxNTYzNDQ2NDgxLCJleHAiOjE1NjQwNTEyODF9.IQsxkhdBkC57NcUqMrvpZ0xxh-r7zmLklSyLdmZHrp8 User-Agent: Mozilla/5.0 (Windows NT 10.0; Win64; x64) AppleWebKit/537.36 (KHTML, like Gecko) Chrome/75.0.3770.100 Safari/537.36
[2019-07-20T22:33:17.894] [DEBUG] default - URL: /api/pub/articles/list Method: GET Status: 200 Body: {} Authorization: Bearer eyJhbGciOiJIUzI1NiIsInR5cCI6IkpXVCJ9.eyJpZCI6MSwiaWF0IjoxNTYzNDQ2NDgxLCJleHAiOjE1NjQwNTEyODF9.IQsxkhdBkC57NcUqMrvpZ0xxh-r7zmLklSyLdmZHrp8 User-Agent: Mozilla/5.0 (Windows NT 10.0; Win64; x64) AppleWebKit/537.36 (KHTML, like Gecko) Chrome/75.0.3770.100 Safari/537.36
[2019-07-20T22:33:39.387] [DEBUG] default - URL: /api/pub/articles/list Method: GET Status: 200 Body: {} Authorization: Bearer eyJhbGciOiJIUzI1NiIsInR5cCI6IkpXVCJ9.eyJpZCI6MSwiaWF0IjoxNTYzNDQ2NDgxLCJleHAiOjE1NjQwNTEyODF9.IQsxkhdBkC57NcUqMrvpZ0xxh-r7zmLklSyLdmZHrp8 User-Agent: Mozilla/5.0 (Windows NT 10.0; Win64; x64) AppleWebKit/537.36 (KHTML, like Gecko) Chrome/75.0.3770.100 Safari/537.36
[2019-07-20T22:33:52.229] [DEBUG] default - URL: /api/pub/articles/list Method: GET Status: 200 Body: {} Authorization: Bearer eyJhbGciOiJIUzI1NiIsInR5cCI6IkpXVCJ9.eyJpZCI6MSwiaWF0IjoxNTYzNDQ2NDgxLCJleHAiOjE1NjQwNTEyODF9.IQsxkhdBkC57NcUqMrvpZ0xxh-r7zmLklSyLdmZHrp8 User-Agent: Mozilla/5.0 (Windows NT 10.0; Win64; x64) AppleWebKit/537.36 (KHTML, like Gecko) Chrome/75.0.3770.100 Safari/537.36
[2019-07-20T22:34:17.935] [DEBUG] default - URL: /api/pub/articles/list Method: GET Status: 200 Body: {} Authorization: Bearer eyJhbGciOiJIUzI1NiIsInR5cCI6IkpXVCJ9.eyJpZCI6MSwiaWF0IjoxNTYzNDQ2NDgxLCJleHAiOjE1NjQwNTEyODF9.IQsxkhdBkC57NcUqMrvpZ0xxh-r7zmLklSyLdmZHrp8 User-Agent: Mozilla/5.0 (Windows NT 10.0; Win64; x64) AppleWebKit/537.36 (KHTML, like Gecko) Chrome/75.0.3770.100 Safari/537.36
[2019-07-20T22:34:26.601] [DEBUG] default - URL: /api/pub/articles/list Method: GET Status: 200 Body: {} Authorization: Bearer eyJhbGciOiJIUzI1NiIsInR5cCI6IkpXVCJ9.eyJpZCI6MSwiaWF0IjoxNTYzNDQ2NDgxLCJleHAiOjE1NjQwNTEyODF9.IQsxkhdBkC57NcUqMrvpZ0xxh-r7zmLklSyLdmZHrp8 User-Agent: Mozilla/5.0 (Windows NT 10.0; Win64; x64) AppleWebKit/537.36 (KHTML, like Gecko) Chrome/75.0.3770.100 Safari/537.36
[2019-07-20T22:34:47.671] [DEBUG] default - URL: /api/pub/articles/list Method: GET Status: 200 Body: {} Authorization: Bearer eyJhbGciOiJIUzI1NiIsInR5cCI6IkpXVCJ9.eyJpZCI6MSwiaWF0IjoxNTYzNDQ2NDgxLCJleHAiOjE1NjQwNTEyODF9.IQsxkhdBkC57NcUqMrvpZ0xxh-r7zmLklSyLdmZHrp8 User-Agent: Mozilla/5.0 (Windows NT 10.0; Win64; x64) AppleWebKit/537.36 (KHTML, like Gecko) Chrome/75.0.3770.100 Safari/537.36
[2019-07-20T22:34:57.938] [DEBUG] default - URL: /api/pub/articles/list Method: GET Status: 200 Body: {} Authorization: Bearer eyJhbGciOiJIUzI1NiIsInR5cCI6IkpXVCJ9.eyJpZCI6MSwiaWF0IjoxNTYzNDQ2NDgxLCJleHAiOjE1NjQwNTEyODF9.IQsxkhdBkC57NcUqMrvpZ0xxh-r7zmLklSyLdmZHrp8 User-Agent: Mozilla/5.0 (Windows NT 10.0; Win64; x64) AppleWebKit/537.36 (KHTML, like Gecko) Chrome/75.0.3770.100 Safari/537.36
[2019-07-20T22:35:03.487] [DEBUG] default - URL: /api/pub/articles/list Method: GET Status: 200 Body: {} Authorization: Bearer eyJhbGciOiJIUzI1NiIsInR5cCI6IkpXVCJ9.eyJpZCI6MSwiaWF0IjoxNTYzNDQ2NDgxLCJleHAiOjE1NjQwNTEyODF9.IQsxkhdBkC57NcUqMrvpZ0xxh-r7zmLklSyLdmZHrp8 User-Agent: Mozilla/5.0 (Windows NT 10.0; Win64; x64) AppleWebKit/537.36 (KHTML, like Gecko) Chrome/75.0.3770.100 Safari/537.36
[2019-07-20T22:35:06.231] [DEBUG] default - URL: /api/pub/articles/list Method: GET Status: 200 Body: {} Authorization: Bearer eyJhbGciOiJIUzI1NiIsInR5cCI6IkpXVCJ9.eyJpZCI6MSwiaWF0IjoxNTYzNDQ2NDgxLCJleHAiOjE1NjQwNTEyODF9.IQsxkhdBkC57NcUqMrvpZ0xxh-r7zmLklSyLdmZHrp8 User-Agent: Mozilla/5.0 (Windows NT 10.0; Win64; x64) AppleWebKit/537.36 (KHTML, like Gecko) Chrome/75.0.3770.100 Safari/537.36
